2026-02-09 18:18:24,933 - INFO - ⚠️  测试模式：仅更新前10只股票
2026-02-09 18:18:24,944 - INFO - ============================================================
2026-02-09 18:18:24,944 - INFO - 每日股票数据更新工具
2026-02-09 18:18:24,944 - INFO - ============================================================
2026-02-09 18:18:24,944 - INFO - 数据目录: /Users/ellen_li/2026projects/A股近10年日线数据/_test_update
2026-02-09 18:18:24,944 - INFO - 目标日期: 2026-02-09
2026-02-09 18:18:24,944 - INFO - 运行时间: 2026-02-09 18:18:24
2026-02-09 18:18:24,944 - INFO - ============================================================
2026-02-09 18:18:24,944 - INFO - 正在登录Baostock...
2026-02-09 18:19:39,963 - ERROR - 登录失败: 网络接收错误。
2026-02-09 18:19:39,963 - ERROR - 
❌ 数据更新失败: 登录Baostock失败
2026-02-09 20:48:21,266 - INFO - ============================================================
2026-02-09 20:48:21,266 - INFO - 每日股票数据更新工具
2026-02-09 20:48:21,266 - INFO - ============================================================
2026-02-09 20:48:21,266 - INFO - 数据目录: /Users/ellen_li/2026projects/A股近10年日线数据
2026-02-09 20:48:21,266 - INFO - 目标日期: 2026-02-09
2026-02-09 20:48:21,266 - INFO - 运行时间: 2026-02-09 20:48:21
2026-02-09 20:48:21,266 - INFO - ============================================================
2026-02-09 20:48:21,266 - INFO - 正在登录Baostock...
2026-02-09 20:48:21,446 - INFO - Baostock登录成功
2026-02-09 20:48:21,453 - INFO - 找到 5187 个股票文件
2026-02-09 20:48:21,453 - INFO - 开始更新数据...
2026-02-09 20:48:54,754 - INFO - 进度: 100/5187 | 成功: 100 | 已最新: 0 | 无交易: 0
2026-02-09 20:49:46,283 - INFO - 进度: 200/5187 | 成功: 200 | 已最新: 0 | 无交易: 0
2026-02-09 20:50:13,450 - INFO - 进度: 300/5187 | 成功: 300 | 已最新: 0 | 无交易: 0
2026-02-09 20:50:57,737 - INFO - 进度: 400/5187 | 成功: 400 | 已最新: 0 | 无交易: 0
2026-02-09 20:51:30,725 - INFO - 进度: 500/5187 | 成功: 500 | 已最新: 0 | 无交易: 0
2026-02-09 20:52:05,638 - INFO - 进度: 600/5187 | 成功: 600 | 已最新: 0 | 无交易: 0
2026-02-09 20:52:33,158 - INFO - 进度: 700/5187 | 成功: 700 | 已最新: 0 | 无交易: 0
2026-02-09 20:53:11,412 - INFO - 进度: 800/5187 | 成功: 800 | 已最新: 0 | 无交易: 0
2026-02-09 20:53:41,542 - INFO - 进度: 900/5187 | 成功: 900 | 已最新: 0 | 无交易: 0
2026-02-09 20:54:17,702 - INFO - 进度: 1000/5187 | 成功: 1000 | 已最新: 0 | 无交易: 0
2026-02-09 20:54:50,452 - INFO - 进度: 1100/5187 | 成功: 1100 | 已最新: 0 | 无交易: 0
2026-02-09 20:55:25,603 - INFO - 进度: 1200/5187 | 成功: 1200 | 已最新: 0 | 无交易: 0
2026-02-09 20:55:59,722 - INFO - 进度: 1300/5187 | 成功: 1300 | 已最新: 0 | 无交易: 0
2026-02-09 20:56:31,468 - INFO - 进度: 1400/5187 | 成功: 1400 | 已最新: 0 | 无交易: 0
2026-02-09 20:56:56,732 - INFO - 进度: 1500/5187 | 成功: 1500 | 已最新: 0 | 无交易: 0
2026-02-09 20:57:27,902 - INFO - 进度: 1600/5187 | 成功: 1600 | 已最新: 0 | 无交易: 0
2026-02-09 20:58:07,252 - INFO - 进度: 1700/5187 | 成功: 1700 | 已最新: 0 | 无交易: 0
2026-02-09 20:58:37,506 - INFO - 进度: 1800/5187 | 成功: 1800 | 已最新: 0 | 无交易: 0
2026-02-09 20:59:39,766 - INFO - 进度: 1900/5187 | 成功: 1900 | 已最新: 0 | 无交易: 0
2026-02-09 21:00:07,416 - INFO - 进度: 2000/5187 | 成功: 2000 | 已最新: 0 | 无交易: 0
2026-02-09 21:14:25,861 - INFO - 进度: 2100/5187 | 成功: 2100 | 已最新: 0 | 无交易: 0
2026-02-09 21:14:54,461 - INFO - 进度: 2200/5187 | 成功: 2200 | 已最新: 0 | 无交易: 0
2026-02-09 21:15:25,465 - INFO - 进度: 2300/5187 | 成功: 2300 | 已最新: 0 | 无交易: 0
2026-02-09 21:15:56,302 - INFO - 进度: 2400/5187 | 成功: 2400 | 已最新: 0 | 无交易: 0
2026-02-09 21:16:30,836 - INFO - 进度: 2500/5187 | 成功: 2500 | 已最新: 0 | 无交易: 0
2026-02-09 21:17:02,840 - INFO - 进度: 2600/5187 | 成功: 2600 | 已最新: 0 | 无交易: 0
2026-02-09 21:17:39,631 - INFO - 进度: 2700/5187 | 成功: 2700 | 已最新: 0 | 无交易: 0
2026-02-09 21:18:25,738 - INFO - 进度: 2800/5187 | 成功: 2800 | 已最新: 0 | 无交易: 0
2026-02-09 21:18:50,238 - INFO - 进度: 2900/5187 | 成功: 2900 | 已最新: 0 | 无交易: 0
2026-02-09 21:19:34,079 - INFO - 进度: 3000/5187 | 成功: 3000 | 已最新: 0 | 无交易: 0
2026-02-09 21:20:04,483 - INFO - 进度: 3100/5187 | 成功: 3100 | 已最新: 0 | 无交易: 0
2026-02-09 21:20:48,091 - INFO - 进度: 3200/5187 | 成功: 3200 | 已最新: 0 | 无交易: 0
2026-02-09 21:21:19,866 - INFO - 进度: 3300/5187 | 成功: 3300 | 已最新: 0 | 无交易: 0
2026-02-09 21:21:47,671 - INFO - 进度: 3400/5187 | 成功: 3400 | 已最新: 0 | 无交易: 0
2026-02-09 21:22:20,616 - INFO - 进度: 3500/5187 | 成功: 3500 | 已最新: 0 | 无交易: 0
2026-02-09 21:22:46,607 - INFO - 进度: 3600/5187 | 成功: 3600 | 已最新: 0 | 无交易: 0
2026-02-09 21:23:25,498 - INFO - 进度: 3700/5187 | 成功: 3700 | 已最新: 0 | 无交易: 0
2026-02-09 21:23:44,588 - INFO - 进度: 3800/5187 | 成功: 3800 | 已最新: 0 | 无交易: 0
2026-02-09 21:24:15,353 - INFO - 进度: 3900/5187 | 成功: 3900 | 已最新: 0 | 无交易: 0
2026-02-09 21:24:50,834 - INFO - 进度: 4000/5187 | 成功: 4000 | 已最新: 0 | 无交易: 0
2026-02-09 21:25:11,260 - INFO - 进度: 4100/5187 | 成功: 4100 | 已最新: 0 | 无交易: 0
2026-02-09 21:25:46,571 - INFO - 进度: 4200/5187 | 成功: 4200 | 已最新: 0 | 无交易: 0
2026-02-09 21:26:18,292 - INFO - 进度: 4300/5187 | 成功: 4300 | 已最新: 0 | 无交易: 0
2026-02-09 21:26:51,240 - INFO - 进度: 4400/5187 | 成功: 4400 | 已最新: 0 | 无交易: 0
2026-02-09 21:27:18,484 - INFO - 进度: 4500/5187 | 成功: 4500 | 已最新: 0 | 无交易: 0
2026-02-09 21:27:47,038 - INFO - 进度: 4600/5187 | 成功: 4600 | 已最新: 0 | 无交易: 0
2026-02-09 21:28:14,250 - INFO - 进度: 4700/5187 | 成功: 4700 | 已最新: 0 | 无交易: 0
2026-02-09 21:28:38,585 - INFO - 进度: 4800/5187 | 成功: 4800 | 已最新: 0 | 无交易: 0
2026-02-09 21:29:32,596 - INFO - 进度: 4900/5187 | 成功: 4900 | 已最新: 0 | 无交易: 0
2026-02-09 21:29:52,315 - INFO - 进度: 5000/5187 | 成功: 5000 | 已最新: 0 | 无交易: 0
2026-02-09 21:30:35,784 - INFO - 进度: 5100/5187 | 成功: 5100 | 已最新: 0 | 无交易: 0
