2026-02-09 17:46:56,855 - INFO - ============================================================
2026-02-09 17:46:56,855 - INFO - A股上涨趋势分析工具
2026-02-09 17:46:56,855 - INFO - ============================================================
2026-02-09 17:46:56,855 - INFO - 数据目录: /Users/ellen_li/2026projects/A股近10年日线数据
2026-02-09 17:46:56,855 - INFO - 输出目录: /Users/ellen_li/2026projects/my-skills/skills/stock_macd_volumn/output
2026-02-09 17:46:56,855 - INFO - 筛选模式: standard - 标准模式：平衡精准度和数量（推荐）
2026-02-09 17:46:56,855 - INFO - 回测模式: 开启
2026-02-09 17:46:56,855 - INFO - 待分析股票数: 10
2026-02-09 17:46:56,855 - INFO - ============================================================
2026-02-09 17:46:56,980 - WARNING - sz.002259 升达林业: 存在缺失值: {'volume': 1, 'amount': 1}
2026-02-09 17:46:57,145 - WARNING - sz.000408 藏格矿业: 存在缺失值: {'volume': 5, 'amount': 5}
2026-02-09 17:46:57,186 - INFO - ============================================================
2026-02-09 17:46:57,186 - INFO - 分析完成!
2026-02-09 17:46:57,186 - INFO - 总股票数: 10
2026-02-09 17:46:57,186 - INFO - 有信号股票: 8 (80.0%)
2026-02-09 17:46:57,186 - INFO - 信号总数: 170
2026-02-09 17:46:57,186 - INFO - 失败数: 0
2026-02-09 17:46:57,186 - INFO - ============================================================
2026-02-09 17:46:57,192 - INFO - 结果已保存:
2026-02-09 17:46:57,192 - INFO -   CSV: /Users/ellen_li/2026projects/my-skills/skills/stock_macd_volumn/output/trend_signals_20260209.csv
2026-02-09 17:46:57,192 - INFO -   JSON: /Users/ellen_li/2026projects/my-skills/skills/stock_macd_volumn/output/analysis_report_20260209.json
2026-02-09 17:46:57,192 - INFO - 
分析成功完成!
2026-02-09 18:08:41,860 - INFO - ============================================================
2026-02-09 18:08:41,860 - INFO - A股上涨趋势分析工具
2026-02-09 18:08:41,860 - INFO - ============================================================
2026-02-09 18:08:41,860 - INFO - 数据目录: /Users/ellen_li/2026projects/A股近10年日线数据
2026-02-09 18:08:41,860 - INFO - 输出目录: /Users/ellen_li/2026projects/my-skills/skills/stock_macd_volumn/output
2026-02-09 18:08:41,860 - INFO - 筛选模式: strict - 严格模式：精准度高，数量少
2026-02-09 18:08:41,860 - INFO - 回测模式: 开启
2026-02-09 18:08:41,860 - INFO - 待分析股票数: 5187
2026-02-09 18:08:41,860 - INFO - ============================================================
2026-02-09 18:08:41,970 - WARNING - sz.002259 升达林业: 存在缺失值: {'volume': 1, 'amount': 1}
2026-02-09 18:08:42,112 - WARNING - sz.000408 藏格矿业: 存在缺失值: {'volume': 5, 'amount': 5}
2026-02-09 18:08:42,607 - WARNING - sh.688712 北芯生命: 数据不足34天(2行)
2026-02-09 18:08:42,749 - WARNING - sz.002789 *ST建艺: 存在缺失值: {'volume': 1, 'amount': 1}
2026-02-09 18:08:42,892 - WARNING - sh.600208 衢州发展: 存在缺失值: {'volume': 10, 'amount': 10}
2026-02-09 18:08:43,307 - WARNING - sz.300828 锐新科技: 存在缺失值: {'volume': 2, 'amount': 2}
2026-02-09 18:08:43,309 - WARNING - sh.601615 明阳智能: 存在缺失值: {'volume': 8, 'amount': 8}
2026-02-09 18:08:43,310 - WARNING - sz.002762 *ST金比: 存在缺失值: {'volume': 6, 'amount': 6}
2026-02-09 18:08:43,554 - WARNING - sh.603261 *ST立航: 存在缺失值: {'volume': 1, 'amount': 1}
2026-02-09 18:08:43,946 - WARNING - sh.600165 ST宁科: 存在缺失值: {'volume': 4, 'amount': 4}
2026-02-09 18:08:45,003 - INFO - 进度: 100/5187 | 有信号: 18 | 信号总数: 29
2026-02-09 18:08:45,184 - WARNING - sh.600079 ST人福: 存在缺失值: {'volume': 1, 'amount': 1}
2026-02-09 18:08:45,431 - WARNING - sz.300462 ST华铭: 存在缺失值: {'volume': 1, 'amount': 1}
2026-02-09 18:08:45,996 - WARNING - sh.688588 凌志软件: 存在缺失值: {'volume': 10, 'amount': 10}
2026-02-09 18:08:45,997 - WARNING - sz.300175 ST朗源: 存在缺失值: {'volume': 1, 'amount': 1}
2026-02-09 18:08:46,288 - WARNING - sh.603389 *ST亚振: 存在缺失值: {'volume': 28, 'amount': 28}
2026-02-09 18:08:46,855 - WARNING - sz.301073 君亭酒店: 存在缺失值: {'volume': 5, 'amount': 5}
2026-02-09 18:08:46,856 - WARNING - sh.601211 国泰海通: 存在缺失值: {'volume': 2, 'amount': 2}
2026-02-09 18:08:46,857 - WARNING - sz.002176 江特电机: 存在缺失值: {'volume': 5, 'amount': 5}
2026-02-09 18:08:47,188 - WARNING - sz.002633 申科股份: 存在缺失值: {'volume': 3, 'amount': 3}
2026-02-09 18:08:47,300 - WARNING - sz.300391 *ST长药: 存在缺失值: {'volume': 11, 'amount': 11}
2026-02-09 18:08:47,550 - WARNING - sh.688646 ST逸飞: 存在缺失值: {'volume': 1, 'amount': 1}
2026-02-09 18:08:48,068 - INFO - 进度: 200/5187 | 有信号: 38 | 信号总数: 53
2026-02-09 18:08:48,464 - WARNING - sz.300423 昇辉科技: 存在缺失值: {'volume': 10, 'amount': 10}
2026-02-09 18:08:48,957 - WARNING - sh.603216 梦天家居: 存在缺失值: {'volume': 9, 'amount': 9}
2026-02-09 18:08:49,064 - WARNING - sz.002052 同洲电子: 存在缺失值: {'volume': 1, 'amount': 1}
2026-02-09 18:08:49,528 - WARNING - sh.600803 新奥股份: 存在缺失值: {'volume': 6, 'amount': 6}
2026-02-09 18:08:50,211 - WARNING - sz.300899 *ST凯鑫: 存在缺失值: {'volume': 1, 'amount': 1}
2026-02-09 18:08:50,249 - WARNING - sz.000736 *ST中地: 存在缺失值: {'volume': 1, 'amount': 1}
2026-02-09 18:08:50,567 - WARNING - sz.002748 世龙实业: 存在缺失值: {'volume': 1, 'amount': 1}
2026-02-09 18:08:50,604 - WARNING - sz.002713 *ST东易: 存在缺失值: {'volume': 5, 'amount': 5}
2026-02-09 18:08:50,748 - WARNING - sh.603822 ST嘉澳: 存在缺失值: {'volume': 1, 'amount': 1}
2026-02-09 18:08:50,820 - WARNING - sz.301486 致尚科技: 存在缺失值: {'volume': 10, 'amount': 10}
2026-02-09 18:08:50,863 - WARNING - sh.603508 思维列控: 存在缺失值: {'volume': 5, 'amount': 5}
2026-02-09 18:08:51,249 - INFO - 进度: 300/5187 | 有信号: 61 | 信号总数: 95
2026-02-09 18:08:51,288 - WARNING - sz.002898 *ST赛隆: 存在缺失值: {'volume': 1, 'amount': 1}
2026-02-09 18:08:52,070 - WARNING - sz.300311 ST任子行: 存在缺失值: {'volume': 1, 'amount': 1}
2026-02-09 18:08:52,180 - WARNING - sz.300897 山科智能: 存在缺失值: {'volume': 5, 'amount': 5}
2026-02-09 18:08:52,218 - WARNING - sz.000593 德龙汇能: 存在缺失值: {'volume': 2, 'amount': 2}
2026-02-09 18:08:52,219 - WARNING - sh.603897 长城科技: 存在缺失值: {'volume': 5, 'amount': 5}
2026-02-09 18:08:52,717 - WARNING - sh.688720 艾森股份: 存在缺失值: {'volume': 10, 'amount': 10}
2026-02-09 18:08:52,968 - WARNING - sz.300460 ST惠伦: 存在缺失值: {'volume': 1, 'amount': 1}
2026-02-09 18:08:53,186 - WARNING - sh.688287 *ST观典: 存在缺失值: {'volume': 1, 'amount': 1}
2026-02-09 18:08:53,910 - WARNING - sh.603402 陕西旅游: 数据不足34天(24行)
2026-02-09 18:08:54,370 - INFO - 进度: 400/5187 | 有信号: 85 | 信号总数: 150
2026-02-09 18:08:54,563 - WARNING - sz.300084 海默科技: 存在缺失值: {'volume': 5, 'amount': 5}
2026-02-09 18:08:54,743 - WARNING - sz.000656 *ST金科: 存在缺失值: {'volume': 1, 'amount': 1}
2026-02-09 18:08:54,781 - WARNING - sz.002494 华斯股份: 存在缺失值: {'volume': 8, 'amount': 8}
2026-02-09 18:08:54,887 - WARNING - sz.002529 *ST海源: 存在缺失值: {'volume': 6, 'amount': 6}
2026-02-09 18:08:54,959 - WARNING - sh.600715 文投控股: 存在缺失值: {'volume': 1, 'amount': 1}
2026-02-09 18:08:55,493 - WARNING - sz.300841 康华生物: 存在缺失值: {'volume': 5, 'amount': 5}
2026-02-09 18:08:56,179 - WARNING - sz.002289 *ST宇顺: 存在缺失值: {'volume': 4, 'amount': 4}
2026-02-09 18:08:57,084 - WARNING - sh.600358 ST联合: 存在缺失值: {'volume': 11, 'amount': 11}
2026-02-09 18:08:57,195 - WARNING - sh.603023 威帝股份: 存在缺失值: {'volume': 1, 'amount': 1}
2026-02-09 18:08:57,554 - INFO - 进度: 500/5187 | 有信号: 105 | 信号总数: 195
2026-02-09 18:08:57,698 - WARNING - sh.601112 振石股份: 数据不足34天(7行)
2026-02-09 18:08:57,841 - WARNING - sh.688184 ST帕瓦: 存在缺失值: {'volume': 1, 'amount': 1}
2026-02-09 18:08:57,950 - WARNING - sz.002725 跃岭股份: 存在缺失值: {'volume': 5, 'amount': 5}
2026-02-09 18:08:58,222 - WARNING - sh.688037 芯源微: 存在缺失值: {'volume': 3, 'amount': 3}
2026-02-09 18:08:58,847 - WARNING - sh.603139 康惠股份: 存在缺失值: {'volume': 2, 'amount': 2}
2026-02-09 18:08:58,990 - WARNING - sh.605178 时空科技: 存在缺失值: {'volume': 14, 'amount': 14}
2026-02-09 18:08:59,097 - WARNING - sh.600095 湘财股份: 存在缺失值: {'volume': 10, 'amount': 10}
2026-02-09 18:08:59,316 - WARNING - sh.600360 *ST华微: 存在缺失值: {'volume': 10, 'amount': 10}
2026-02-09 18:08:59,743 - WARNING - sz.301505 苏州规划: 存在缺失值: {'volume': 9, 'amount': 9}
2026-02-09 18:09:00,133 - WARNING - sz.300020 ST银江: 存在缺失值: {'volume': 1, 'amount': 1}
2026-02-09 18:09:00,134 - WARNING - sz.300211 *ST亿通: 存在缺失值: {'volume': 1, 'amount': 1}
2026-02-09 18:09:00,568 - WARNING - sh.600222 太龙药业: 存在缺失值: {'volume': 5, 'amount': 5}
2026-02-09 18:09:00,605 - WARNING - sh.688206 概伦电子: 存在缺失值: {'volume': 10, 'amount': 10}
2026-02-09 18:09:00,677 - INFO - 进度: 600/5187 | 有信号: 125 | 信号总数: 237
2026-02-09 18:09:00,678 - WARNING - sh.600238 *ST椰岛: 存在缺失值: {'volume': 1, 'amount': 1}
2026-02-09 18:09:00,964 - WARNING - sz.300237 ST美晨: 存在缺失值: {'volume': 1, 'amount': 1}
2026-02-09 18:09:01,072 - WARNING - sh.605199 ST葫芦娃: 存在缺失值: {'volume': 1, 'amount': 1}
2026-02-09 18:09:01,146 - WARNING - sz.300523 辰安科技: 存在缺失值: {'volume': 3, 'amount': 3}
2026-02-09 18:09:01,326 - WARNING - sz.300691 联合光电: 存在缺失值: {'volume': 10, 'amount': 10}
2026-02-09 18:09:01,558 - WARNING - sz.300561 *ST汇科: 存在缺失值: {'volume': 1, 'amount': 1}
2026-02-09 18:09:01,864 - WARNING - sz.000953 河化股份: 存在缺失值: {'volume': 5, 'amount': 5}
2026-02-09 18:09:01,903 - WARNING - sz.300716 ST泉为: 存在缺失值: {'volume': 1, 'amount': 1}
2026-02-09 18:09:02,017 - WARNING - sz.300163 先锋新材: 存在缺失值: {'volume': 1, 'amount': 1}
2026-02-09 18:09:02,419 - WARNING - sz.300451 创业慧康: 存在缺失值: {'volume': 5, 'amount': 5}
2026-02-09 18:09:02,563 - WARNING - sz.000595 *ST宝实: 存在缺失值: {'volume': 1, 'amount': 1}
2026-02-09 18:09:02,564 - WARNING - sh.600500 中化国际: 存在缺失值: {'volume': 9, 'amount': 9}
2026-02-09 18:09:02,565 - WARNING - sz.000151 中成股份: 存在缺失值: {'volume': 8, 'amount': 8}
2026-02-09 18:09:02,639 - WARNING - sz.300551 古鳌科技: 存在缺失值: {'volume': 5, 'amount': 5}
2026-02-09 18:09:02,676 - WARNING - sh.600169 ST太重: 存在缺失值: {'volume': 1, 'amount': 1}
2026-02-09 18:09:03,112 - WARNING - sz.002708 光洋股份: 存在缺失值: {'volume': 9, 'amount': 9}
2026-02-09 18:09:03,579 - WARNING - sz.301033 迈普医学: 存在缺失值: {'volume': 10, 'amount': 10}
2026-02-09 18:09:03,651 - INFO - 进度: 700/5187 | 有信号: 143 | 信号总数: 264
2026-02-09 18:09:03,689 - WARNING - sz.002169 智光电气: 存在缺失值: {'volume': 8, 'amount': 8}
2026-02-09 18:09:03,906 - WARNING - sz.300167 ST迪威迅: 存在缺失值: {'volume': 1, 'amount': 1}
2026-02-09 18:09:04,378 - WARNING - sz.002816 *ST和科: 存在缺失值: {'volume': 1, 'amount': 1}
2026-02-09 18:09:04,635 - WARNING - sz.000586 汇源通信: 存在缺失值: {'volume': 5, 'amount': 5}
2026-02-09 18:09:04,636 - WARNING - sh.688139 海尔生物: 存在缺失值: {'volume': 3, 'amount': 3}
2026-02-09 18:09:04,637 - WARNING - sz.301449 天溯计量: 数据不足34天(32行)
2026-02-09 18:09:05,348 - WARNING - sh.603268 *ST松发: 存在缺失值: {'volume': 1, 'amount': 1}
2026-02-09 18:09:05,486 - WARNING - sz.300600 国瑞科技: 存在缺失值: {'volume': 1, 'amount': 1}
2026-02-09 18:09:05,783 - WARNING - sz.300209 有棵树: 存在缺失值: {'volume': 1, 'amount': 1}
2026-02-09 18:09:06,641 - WARNING - sh.601515 衢州东峰: 存在缺失值: {'volume': 2, 'amount': 2}
2026-02-09 18:09:06,680 - WARNING - sz.002602 世纪华通: 存在缺失值: {'volume': 1, 'amount': 1}
2026-02-09 18:09:06,721 - WARNING - sz.002217 合力泰: 存在缺失值: {'volume': 1, 'amount': 1}
2026-02-09 18:09:06,871 - INFO - 进度: 800/5187 | 有信号: 164 | 信号总数: 296
2026-02-09 18:09:07,278 - WARNING - sz.001267 汇绿生态: 存在缺失值: {'volume': 4, 'amount': 4}
2026-02-09 18:09:07,392 - WARNING - sh.603042 华脉科技: 存在缺失值: {'volume': 5, 'amount': 5}
2026-02-09 18:09:07,507 - WARNING - sh.688237 超卓航科: 存在缺失值: {'volume': 5, 'amount': 5}
2026-02-09 18:09:07,621 - WARNING - sh.603377 ST东时: 存在缺失值: {'volume': 42, 'amount': 42}
2026-02-09 18:09:07,732 - WARNING - sh.603305 旭升集团: 存在缺失值: {'volume': 2, 'amount': 2}
2026-02-09 18:09:09,696 - WARNING - sz.301517 陕西华达: 存在缺失值: {'volume': 9, 'amount': 9}
2026-02-09 18:09:10,052 - WARNING - sz.000695 滨海能源: 存在缺失值: {'volume': 10, 'amount': 10}
2026-02-09 18:09:10,236 - INFO - 进度: 900/5187 | 有信号: 184 | 信号总数: 334
2026-02-09 18:09:10,589 - WARNING - sh.688293 奥浦迈: 存在缺失值: {'volume': 10, 'amount': 10}
2026-02-09 18:09:11,050 - WARNING - sh.600903 贵州燃气: 存在缺失值: {'volume': 6, 'amount': 6}
2026-02-09 18:09:11,769 - WARNING - sh.603213 镇洋发展: 存在缺失值: {'volume': 10, 'amount': 10}
2026-02-09 18:09:12,058 - WARNING - sh.600234 科新发展: 存在缺失值: {'volume': 1, 'amount': 1}
2026-02-09 18:09:12,307 - WARNING - sz.301613 新铝时代: 存在缺失值: {'volume': 10, 'amount': 10}
2026-02-09 18:09:12,845 - WARNING - sh.603363 傲农生物: 存在缺失值: {'volume': 1, 'amount': 1}
2026-02-09 18:09:12,847 - WARNING - sz.003032 *ST传智: 存在缺失值: {'volume': 1, 'amount': 1}
2026-02-09 18:09:12,956 - WARNING - sz.300620 光库科技: 存在缺失值: {'volume': 10, 'amount': 10}
2026-02-09 18:09:13,474 - INFO - 进度: 1000/5187 | 有信号: 204 | 信号总数: 370
2026-02-09 18:09:13,654 - WARNING - sh.688785 恒运昌: 数据不足34天(8行)
2026-02-09 18:09:13,692 - WARNING - sh.600243 *ST海华: 存在缺失值: {'volume': 6, 'amount': 6}
2026-02-09 18:09:14,416 - WARNING - sz.002931 锋龙股份: 存在缺失值: {'volume': 13, 'amount': 13}
2026-02-09 18:09:14,775 - WARNING - sh.603778 国晟科技: 存在缺失值: {'volume': 3, 'amount': 3}
2026-02-09 18:09:15,210 - WARNING - sz.002253 *ST智胜: 存在缺失值: {'volume': 1, 'amount': 1}
2026-02-09 18:09:15,211 - WARNING - sh.600777 *ST新潮: 存在缺失值: {'volume': 44, 'amount': 44}
2026-02-09 18:09:15,426 - WARNING - sz.300635 中达安: 存在缺失值: {'volume': 3, 'amount': 3}
2026-02-09 18:09:15,634 - WARNING - sh.688567 孚能科技: 存在缺失值: {'volume': 2, 'amount': 2}
2026-02-09 18:09:15,811 - WARNING - sz.300068 南都电源: 存在缺失值: {'volume': 5, 'amount': 5}
2026-02-09 18:09:16,631 - WARNING - sh.688005 容百科技: 存在缺失值: {'volume': 3, 'amount': 3}
2026-02-09 18:09:16,667 - INFO - 进度: 1100/5187 | 有信号: 226 | 信号总数: 409
2026-02-09 18:09:17,163 - WARNING - sh.600319 亚星化学: 存在缺失值: {'volume': 10, 'amount': 10}
2026-02-09 18:09:17,164 - WARNING - sz.001331 胜通能源: 存在缺失值: {'volume': 8, 'amount': 8}
2026-02-09 18:09:17,202 - WARNING - sh.603863 松炀资源: 存在缺失值: {'volume': 5, 'amount': 5}
2026-02-09 18:09:17,423 - WARNING - sh.603959 百利科技: 存在缺失值: {'volume': 1, 'amount': 1}
2026-02-09 18:09:17,601 - WARNING - sz.300506 ST名家汇: 存在缺失值: {'volume': 4, 'amount': 4}
2026-02-09 18:09:18,393 - WARNING - sh.600711 盛屯矿业: 存在缺失值: {'volume': 1, 'amount': 1}
2026-02-09 18:09:18,394 - WARNING - sz.002828 贝肯能源: 存在缺失值: {'volume': 5, 'amount': 5}
2026-02-09 18:09:18,545 - WARNING - sz.000407 胜利股份: 存在缺失值: {'volume': 10, 'amount': 10}
2026-02-09 18:09:18,583 - WARNING - sh.600193 *ST创兴: 存在缺失值: {'volume': 1, 'amount': 1}
2026-02-09 18:09:19,081 - WARNING - sz.002480 新筑股份: 存在缺失值: {'volume': 10, 'amount': 10}
2026-02-09 18:09:19,295 - WARNING - sh.688536 思瑞浦: 存在缺失值: {'volume': 10, 'amount': 10}
2026-02-09 18:09:19,721 - WARNING - sz.000711 ST京蓝: 存在缺失值: {'volume': 1, 'amount': 1}
2026-02-09 18:09:19,722 - WARNING - sz.000518 *ST四环: 存在缺失值: {'volume': 1, 'amount': 1}
2026-02-09 18:09:19,722 - INFO - 进度: 1200/5187 | 有信号: 241 | 信号总数: 434
2026-02-09 18:09:19,760 - WARNING - sh.603595 ST东尼: 存在缺失值: {'volume': 1, 'amount': 1}
2026-02-09 18:09:19,821 - WARNING - sh.603798 康普顿: 存在缺失值: {'volume': 1, 'amount': 1}
2026-02-09 18:09:20,143 - WARNING - sz.000905 厦门港务: 存在缺失值: {'volume': 5, 'amount': 5}
2026-02-09 18:09:21,347 - WARNING - sh.600593 大连圣亚: 存在缺失值: {'volume': 5, 'amount': 5}
2026-02-09 18:09:21,385 - WARNING - sh.688478 晶升股份: 存在缺失值: {'volume': 10, 'amount': 10}
2026-02-09 18:09:22,062 - WARNING - sh.601969 海南矿业: 存在缺失值: {'volume': 7, 'amount': 7}
2026-02-09 18:09:22,786 - WARNING - sz.002036 联创电子: 存在缺失值: {'volume': 5, 'amount': 5}
2026-02-09 18:09:23,032 - INFO - 进度: 1300/5187 | 有信号: 266 | 信号总数: 488
2026-02-09 18:09:23,540 - WARNING - sh.688012 中微公司: 存在缺失值: {'volume': 9, 'amount': 9}
2026-02-09 18:09:24,288 - WARNING - sh.688313 仕佳光子: 存在缺失值: {'volume': 9, 'amount': 9}
2026-02-09 18:09:24,397 - WARNING - sz.000016 深康佳A: 存在缺失值: {'volume': 8, 'amount': 8}
2026-02-09 18:09:24,434 - WARNING - sz.002200 *ST交投: 存在缺失值: {'volume': 2, 'amount': 2}
2026-02-09 18:09:24,723 - WARNING - sz.003013 地铁设计: 存在缺失值: {'volume': 10, 'amount': 10}
2026-02-09 18:09:24,761 - WARNING - sz.002969 嘉美包装: 存在缺失值: {'volume': 13, 'amount': 13}
2026-02-09 18:09:24,974 - WARNING - sz.300327 中颖电子: 存在缺失值: {'volume': 1, 'amount': 1}
2026-02-09 18:09:25,292 - WARNING - sz.301323 新莱福: 存在缺失值: {'volume': 10, 'amount': 10}
2026-02-09 18:09:25,437 - WARNING - sz.002131 利欧股份: 存在缺失值: {'volume': 3, 'amount': 3}
2026-02-09 18:09:25,736 - WARNING - sh.688038 中科通达: 存在缺失值: {'volume': 10, 'amount': 10}
2026-02-09 18:09:25,994 - WARNING - sz.002742 *ST三圣: 存在缺失值: {'volume': 2, 'amount': 2}
2026-02-09 18:09:26,068 - WARNING - sh.603828 ST柯利达: 存在缺失值: {'volume': 5, 'amount': 5}
2026-02-09 18:09:26,104 - INFO - 进度: 1400/5187 | 有信号: 285 | 信号总数: 532
2026-02-09 18:09:26,251 - WARNING - sh.603118 共进股份: 存在缺失值: {'volume': 5, 'amount': 5}
2026-02-09 18:09:26,252 - WARNING - sz.002721 金一文化: 存在缺失值: {'volume': 1, 'amount': 1}
2026-02-09 18:09:26,795 - WARNING - sh.603838 *ST四通: 存在缺失值: {'volume': 1, 'amount': 1}
2026-02-09 18:09:27,258 - WARNING - sz.300152 ST新动力: 存在缺失值: {'volume': 1, 'amount': 1}
2026-02-09 18:09:27,295 - WARNING - sz.000691 *ST亚太: 存在缺失值: {'volume': 2, 'amount': 2}
2026-02-09 18:09:28,232 - WARNING - sz.301178 天亿马: 存在缺失值: {'volume': 10, 'amount': 10}
2026-02-09 18:09:28,657 - WARNING - sh.600599 *ST熊猫: 存在缺失值: {'volume': 1, 'amount': 1}
2026-02-09 18:09:28,764 - WARNING - sz.000809 和展能源: 存在缺失值: {'volume': 1, 'amount': 1}
2026-02-09 18:09:29,254 - WARNING - sz.002388 新亚制程: 存在缺失值: {'volume': 1, 'amount': 1}
2026-02-09 18:09:29,334 - WARNING - sz.300666 江丰电子: 存在缺失值: {'volume': 5, 'amount': 5}
2026-02-09 18:09:29,334 - INFO - 进度: 1500/5187 | 有信号: 301 | 信号总数: 558
2026-02-09 18:09:29,637 - WARNING - sz.002197 证通电子: 存在缺失值: {'volume': 1, 'amount': 1}
2026-02-09 18:09:29,780 - WARNING - sz.300069 金利华电: 存在缺失值: {'volume': 10, 'amount': 10}
2026-02-09 18:09:29,994 - WARNING - sz.002155 湖南黄金: 存在缺失值: {'volume': 10, 'amount': 10}
2026-02-09 18:09:30,460 - WARNING - sz.300478 杭州高新: 存在缺失值: {'volume': 2, 'amount': 2}
2026-02-09 18:09:30,503 - WARNING - sh.603058 永吉股份: 存在缺失值: {'volume': 10, 'amount': 10}
2026-02-09 18:09:30,901 - WARNING - sz.300018 中元股份: 存在缺失值: {'volume': 5, 'amount': 5}
2026-02-09 18:09:31,402 - WARNING - sz.300091 *ST金灵: 存在缺失值: {'volume': 1, 'amount': 1}
2026-02-09 18:09:31,653 - WARNING - sz.301075 多瑞医药: 存在缺失值: {'volume': 5, 'amount': 5}
2026-02-09 18:09:31,654 - WARNING - sh.688051 佳华科技: 存在缺失值: {'volume': 10, 'amount': 10}
2026-02-09 18:09:32,022 - WARNING - sz.000609 ST中迪: 存在缺失值: {'volume': 4, 'amount': 4}
2026-02-09 18:09:32,170 - WARNING - sz.002951 金时科技: 存在缺失值: {'volume': 1, 'amount': 1}
2026-02-09 18:09:32,421 - INFO - 进度: 1600/5187 | 有信号: 329 | 信号总数: 616
2026-02-09 18:09:32,458 - WARNING - sz.000430 *ST张股: 存在缺失值: {'volume': 3, 'amount': 3}
2026-02-09 18:09:32,637 - WARNING - sz.000972 *ST中基: 存在缺失值: {'volume': 11, 'amount': 11}
2026-02-09 18:09:32,638 - WARNING - sz.300477 ST合纵: 存在缺失值: {'volume': 1, 'amount': 1}
2026-02-09 18:09:33,817 - WARNING - sz.000698 ST沈化: 存在缺失值: {'volume': 1, 'amount': 1}
2026-02-09 18:09:33,926 - WARNING - sz.300125 *ST聆达: 存在缺失值: {'volume': 2, 'amount': 2}
2026-02-09 18:09:33,927 - WARNING - sz.300029 *ST天龙: 存在缺失值: {'volume': 1, 'amount': 1}
2026-02-09 18:09:33,965 - WARNING - sz.002689 ST远智: 存在缺失值: {'volume': 1, 'amount': 1}
2026-02-09 18:09:34,144 - WARNING - sz.002769 普路通: 存在缺失值: {'volume': 10, 'amount': 10}
2026-02-09 18:09:34,506 - WARNING - sz.300449 汉邦高科: 存在缺失值: {'volume': 10, 'amount': 10}
2026-02-09 18:09:34,897 - WARNING - sz.301186 超达装备: 存在缺失值: {'volume': 2, 'amount': 2}
2026-02-09 18:09:35,650 - INFO - 进度: 1700/5187 | 有信号: 349 | 信号总数: 652
2026-02-09 18:09:35,795 - WARNING - sz.301362 民爆光电: 存在缺失值: {'volume': 10, 'amount': 10}
2026-02-09 18:09:36,221 - WARNING - sz.002309 中利集团: 存在缺失值: {'volume': 7, 'amount': 7}
2026-02-09 18:09:37,432 - WARNING - sz.002527 新时达: 存在缺失值: {'volume': 5, 'amount': 5}
2026-02-09 18:09:37,507 - WARNING - sz.002693 *ST双成: 存在缺失值: {'volume': 1, 'amount': 1}
2026-02-09 18:09:38,555 - WARNING - sz.002141 贤丰控股: 存在缺失值: {'volume': 1, 'amount': 1}
2026-02-09 18:09:38,770 - WARNING - sz.000608 *ST阳光: 存在缺失值: {'volume': 6, 'amount': 6}
2026-02-09 18:09:38,989 - INFO - 进度: 1800/5187 | 有信号: 372 | 信号总数: 704
2026-02-09 18:09:39,447 - WARNING - sz.002252 上海莱士: 存在缺失值: {'volume': 3, 'amount': 3}
2026-02-09 18:09:39,661 - WARNING - sz.002569 *ST步森: 存在缺失值: {'volume': 1, 'amount': 1}
2026-02-09 18:09:40,011 - WARNING - sh.688350 富淼科技: 存在缺失值: {'volume': 5, 'amount': 5}
2026-02-09 18:09:40,055 - WARNING - sz.300137 先河环保: 存在缺失值: {'volume': 1, 'amount': 1}
2026-02-09 18:09:40,093 - WARNING - sh.603082 北自科技: 存在缺失值: {'volume': 5, 'amount': 5}
2026-02-09 18:09:40,263 - WARNING - sz.002462 嘉事堂: 存在缺失值: {'volume': 5, 'amount': 5}
2026-02-09 18:09:40,408 - WARNING - sz.002875 安奈儿: 存在缺失值: {'volume': 5, 'amount': 5}
2026-02-09 18:09:40,483 - WARNING - sh.688591 泰凌微: 存在缺失值: {'volume': 5, 'amount': 5}
2026-02-09 18:09:40,627 - WARNING - sz.300542 新晨科技: 存在缺失值: {'volume': 10, 'amount': 10}
2026-02-09 18:09:40,844 - WARNING - sz.301269 华大九天: 存在缺失值: {'volume': 10, 'amount': 10}
2026-02-09 18:09:40,916 - WARNING - sh.688126 沪硅产业: 存在缺失值: {'volume': 10, 'amount': 10}
2026-02-09 18:09:40,917 - WARNING - sz.002049 紫光国微: 存在缺失值: {'volume': 10, 'amount': 10}
2026-02-09 18:09:41,095 - WARNING - sh.600058 五矿发展: 存在缺失值: {'volume': 10, 'amount': 10}
2026-02-09 18:09:41,596 - WARNING - sz.300065 海兰信: 存在缺失值: {'volume': 10, 'amount': 10}
2026-02-09 18:09:41,597 - WARNING - sz.002853 皮阿诺: 存在缺失值: {'volume': 5, 'amount': 5}
2026-02-09 18:09:41,976 - INFO - 进度: 1900/5187 | 有信号: 393 | 信号总数: 733
2026-02-09 18:09:42,439 - WARNING - sz.300959 线上线下: 存在缺失值: {'volume': 5, 'amount': 5}
2026-02-09 18:09:42,688 - WARNING - sh.600265 ST景谷: 存在缺失值: {'volume': 1, 'amount': 1}
2026-02-09 18:09:42,942 - WARNING - sh.600150 中国船舶: 存在缺失值: {'volume': 4, 'amount': 4}
2026-02-09 18:09:43,192 - WARNING - sz.300419 ST浩丰: 存在缺失值: {'volume': 2, 'amount': 2}
2026-02-09 18:09:44,121 - WARNING - sh.603559 ST通脉: 存在缺失值: {'volume': 1, 'amount': 1}
2026-02-09 18:09:44,195 - WARNING - sh.603843 *ST正平: 存在缺失值: {'volume': 26, 'amount': 26}
2026-02-09 18:09:44,731 - WARNING - sz.002124 天邦食品: 存在缺失值: {'volume': 1, 'amount': 1}
2026-02-09 18:09:45,313 - INFO - 进度: 2000/5187 | 有信号: 416 | 信号总数: 772
2026-02-09 18:09:45,600 - WARNING - sz.002211 ST宏达: 存在缺失值: {'volume': 1, 'amount': 1}
2026-02-09 18:09:45,601 - WARNING - sz.002798 帝欧水华: 存在缺失值: {'volume': 2, 'amount': 2}
2026-02-09 18:09:45,742 - WARNING - sz.301025 读客文化: 存在缺失值: {'volume': 5, 'amount': 5}
2026-02-09 18:09:45,743 - WARNING - sz.300264 佳创视讯: 存在缺失值: {'volume': 5, 'amount': 5}
2026-02-09 18:09:45,959 - WARNING - sh.600303 曙光股份: 存在缺失值: {'volume': 1, 'amount': 1}
2026-02-09 18:09:46,217 - WARNING - sh.688178 万德斯: 存在缺失值: {'volume': 5, 'amount': 5}
2026-02-09 18:09:46,571 - WARNING - sz.300710 万隆光电: 存在缺失值: {'volume': 10, 'amount': 10}
2026-02-09 18:09:46,927 - WARNING - sz.000638 *ST万方: 存在缺失值: {'volume': 1, 'amount': 1}
2026-02-09 18:09:47,218 - WARNING - sz.002047 *ST宝鹰: 存在缺失值: {'volume': 6, 'amount': 6}
2026-02-09 18:09:47,256 - WARNING - sh.603021 ST华鹏: 存在缺失值: {'volume': 1, 'amount': 1}
2026-02-09 18:09:47,332 - WARNING - sz.002515 金字火腿: 存在缺失值: {'volume': 5, 'amount': 5}
2026-02-09 18:09:47,407 - WARNING - sz.300022 吉峰科技: 存在缺失值: {'volume': 5, 'amount': 5}
2026-02-09 18:09:48,061 - WARNING - sz.300087 荃银高科: 存在缺失值: {'volume': 3, 'amount': 3}
2026-02-09 18:09:48,426 - INFO - 进度: 2100/5187 | 有信号: 442 | 信号总数: 816
2026-02-09 18:09:48,680 - WARNING - sz.002076 *ST星光: 存在缺失值: {'volume': 1, 'amount': 1}
2026-02-09 18:09:49,756 - WARNING - sh.688282 理工导航: 存在缺失值: {'volume': 1, 'amount': 1}
2026-02-09 18:09:50,008 - WARNING - sh.600892 *ST大晟: 存在缺失值: {'volume': 1, 'amount': 1}
2026-02-09 18:09:50,117 - WARNING - sz.002214 *ST大立: 存在缺失值: {'volume': 1, 'amount': 1}
2026-02-09 18:09:50,294 - WARNING - sh.688805 健信超导: 数据不足34天(31行)
2026-02-09 18:09:50,295 - WARNING - sz.300270 中威电子: 存在缺失值: {'volume': 5, 'amount': 5}
2026-02-09 18:09:50,580 - WARNING - sz.002185 华天科技: 存在缺失值: {'volume': 10, 'amount': 10}
2026-02-09 18:09:50,758 - WARNING - sz.300127 银河磁体: 存在缺失值: {'volume': 10, 'amount': 10}
2026-02-09 18:09:51,050 - WARNING - sz.300307 慈星股份: 存在缺失值: {'volume': 20, 'amount': 20}
2026-02-09 18:09:51,233 - WARNING - sh.600745 闻泰科技: 存在缺失值: {'volume': 2, 'amount': 2}
2026-02-09 18:09:51,631 - INFO - 进度: 2200/5187 | 有信号: 459 | 信号总数: 845
2026-02-09 18:09:52,668 - WARNING - sz.300343 ST联创: 存在缺失值: {'volume': 1, 'amount': 1}
2026-02-09 18:09:53,020 - WARNING - sz.300665 飞鹿股份: 存在缺失值: {'volume': 2, 'amount': 2}
2026-02-09 18:09:53,775 - WARNING - sh.600530 交大昂立: 存在缺失值: {'volume': 1, 'amount': 1}
2026-02-09 18:09:54,093 - WARNING - sh.688110 东芯股份: 存在缺失值: {'volume': 3, 'amount': 3}
2026-02-09 18:09:54,130 - WARNING - sh.603721 *ST天择: 存在缺失值: {'volume': 1, 'amount': 1}
2026-02-09 18:09:54,457 - WARNING - sh.600355 *ST精伦: 存在缺失值: {'volume': 1, 'amount': 1}
2026-02-09 18:09:54,601 - WARNING - sz.000668 *ST荣控: 存在缺失值: {'volume': 1, 'amount': 1}
2026-02-09 18:09:54,887 - INFO - 进度: 2300/5187 | 有信号: 474 | 信号总数: 870
2026-02-09 18:09:55,719 - WARNING - sz.002305 *ST南置: 存在缺失值: {'volume': 1, 'amount': 1}
2026-02-09 18:09:55,898 - WARNING - sh.601133 柏诚股份: 存在缺失值: {'volume': 3, 'amount': 3}
2026-02-09 18:09:56,006 - WARNING - sh.600730 中国高科: 存在缺失值: {'volume': 5, 'amount': 5}
2026-02-09 18:09:56,504 - WARNING - sh.600337 美克家居: 存在缺失值: {'volume': 10, 'amount': 10}
2026-02-09 18:09:56,686 - WARNING - sz.002168 *ST惠程: 存在缺失值: {'volume': 1, 'amount': 1}
2026-02-09 18:09:56,724 - WARNING - sz.002868 *ST绿康: 存在缺失值: {'volume': 5, 'amount': 5}
2026-02-09 18:09:56,948 - WARNING - sz.300174 元力股份: 存在缺失值: {'volume': 9, 'amount': 9}
2026-02-09 18:09:57,021 - WARNING - sz.002090 金智科技: 存在缺失值: {'volume': 2, 'amount': 2}
2026-02-09 18:09:57,452 - WARNING - sz.300111 向日葵: 存在缺失值: {'volume': 10, 'amount': 10}
2026-02-09 18:09:58,166 - INFO - 进度: 2400/5187 | 有信号: 498 | 信号总数: 906
2026-02-09 18:09:58,493 - WARNING - sz.002510 天汽模: 存在缺失值: {'volume': 1, 'amount': 1}
2026-02-09 18:09:58,888 - WARNING - sh.605008 长鸿高科: 存在缺失值: {'volume': 9, 'amount': 9}
2026-02-09 18:09:59,001 - WARNING - sh.600499 科达制造: 存在缺失值: {'volume': 10, 'amount': 10}
2026-02-09 18:09:59,437 - WARNING - sz.301148 嘉戎技术: 存在缺失值: {'volume': 10, 'amount': 10}
2026-02-09 18:09:59,894 - WARNING - sz.000777 中核科技: 存在缺失值: {'volume': 8, 'amount': 8}
2026-02-09 18:10:00,075 - WARNING - sz.301007 德迈仕: 存在缺失值: {'volume': 2, 'amount': 2}
2026-02-09 18:10:00,862 - WARNING - sz.002316 亚联发展: 存在缺失值: {'volume': 1, 'amount': 1}
2026-02-09 18:10:00,863 - WARNING - sz.300131 英唐智控: 存在缺失值: {'volume': 10, 'amount': 10}
2026-02-09 18:10:01,082 - WARNING - sz.300472 *ST新元: 存在缺失值: {'volume': 1, 'amount': 1}
2026-02-09 18:10:01,190 - WARNING - sz.002822 ST中装: 存在缺失值: {'volume': 3, 'amount': 3}
2026-02-09 18:10:01,263 - WARNING - sh.688195 腾景科技: 存在缺失值: {'volume': 10, 'amount': 10}
2026-02-09 18:10:01,335 - INFO - 进度: 2500/5187 | 有信号: 516 | 信号总数: 940
2026-02-09 18:10:01,336 - WARNING - sh.600375 汉马科技: 存在缺失值: {'volume': 1, 'amount': 1}
2026-02-09 18:10:02,545 - WARNING - sz.000878 云南铜业: 存在缺失值: {'volume': 9, 'amount': 9}
2026-02-09 18:10:03,944 - WARNING - sz.001270 *ST铖昌: 存在缺失值: {'volume': 4, 'amount': 4}
2026-02-09 18:10:04,093 - WARNING - sz.002058 *ST威尔: 存在缺失值: {'volume': 1, 'amount': 1}
2026-02-09 18:10:04,766 - INFO - 进度: 2600/5187 | 有信号: 538 | 信号总数: 972
2026-02-09 18:10:04,955 - WARNING - sh.603719 良品铺子: 存在缺失值: {'volume': 5, 'amount': 5}
2026-02-09 18:10:05,744 - WARNING - sh.688209 英集芯: 存在缺失值: {'volume': 10, 'amount': 10}
2026-02-09 18:10:06,375 - WARNING - sh.600753 *ST海钦: 存在缺失值: {'volume': 1, 'amount': 1}
2026-02-09 18:10:06,785 - WARNING - sz.300692 中赋科技: 存在缺失值: {'volume': 3, 'amount': 3}
2026-02-09 18:10:06,787 - WARNING - sh.688739 成大生物: 存在缺失值: {'volume': 3, 'amount': 3}
2026-02-09 18:10:07,148 - WARNING - sz.000929 *ST兰黄: 存在缺失值: {'volume': 1, 'amount': 1}
2026-02-09 18:10:07,365 - WARNING - sz.002092 中泰化学: 存在缺失值: {'volume': 1, 'amount': 1}
2026-02-09 18:10:07,988 - WARNING - sz.300147 ST香雪: 存在缺失值: {'volume': 1, 'amount': 1}
2026-02-09 18:10:08,098 - INFO - 进度: 2700/5187 | 有信号: 560 | 信号总数: 1010
2026-02-09 18:10:08,100 - WARNING - sz.000820 *ST节能: 存在缺失值: {'volume': 1, 'amount': 1}
2026-02-09 18:10:08,212 - WARNING - sh.603122 合富中国: 存在缺失值: {'volume': 3, 'amount': 3}
2026-02-09 18:10:08,213 - WARNING - sz.300198 ST纳川: 存在缺失值: {'volume': 1, 'amount': 1}
2026-02-09 18:10:08,252 - WARNING - sz.300051 琏升科技: 存在缺失值: {'volume': 10, 'amount': 10}
2026-02-09 18:10:08,504 - WARNING - sz.300422 博世科: 存在缺失值: {'volume': 5, 'amount': 5}
2026-02-09 18:10:08,576 - WARNING - sh.600671 天目药业: 存在缺失值: {'volume': 1, 'amount': 1}
2026-02-09 18:10:10,399 - WARNING - sh.603496 恒为科技: 存在缺失值: {'volume': 9, 'amount': 9}
2026-02-09 18:10:11,160 - WARNING - sz.300956 英力股份: 存在缺失值: {'volume': 10, 'amount': 10}
2026-02-09 18:10:11,198 - WARNING - sz.000592 平潭发展: 存在缺失值: {'volume': 3, 'amount': 3}
2026-02-09 18:10:11,199 - WARNING - sh.688109 品茗科技: 存在缺失值: {'volume': 5, 'amount': 5}
2026-02-09 18:10:11,237 - INFO - 进度: 2800/5187 | 有信号: 580 | 信号总数: 1049
2026-02-09 18:10:11,418 - WARNING - sz.000889 中嘉博创: 存在缺失值: {'volume': 1, 'amount': 1}
2026-02-09 18:10:12,681 - WARNING - sz.300185 通裕重工: 存在缺失值: {'volume': 2, 'amount': 2}
2026-02-09 18:10:12,785 - WARNING - sh.600130 *ST波导: 存在缺失值: {'volume': 1, 'amount': 1}
2026-02-09 18:10:12,823 - WARNING - sh.605028 世茂能源: 存在缺失值: {'volume': 5, 'amount': 5}
2026-02-09 18:10:13,110 - WARNING - sz.001206 依依股份: 存在缺失值: {'volume': 9, 'amount': 9}
2026-02-09 18:10:13,326 - WARNING - sz.300424 航新科技: 存在缺失值: {'volume': 5, 'amount': 5}
2026-02-09 18:10:13,439 - WARNING - sh.600566 济川药业: 存在缺失值: {'volume': 1, 'amount': 1}
2026-02-09 18:10:13,984 - WARNING - sh.605255 天普股份: 存在缺失值: {'volume': 33, 'amount': 33}
2026-02-09 18:10:14,135 - WARNING - sz.002251 步步高: 存在缺失值: {'volume': 1, 'amount': 1}
2026-02-09 18:10:14,209 - WARNING - sz.301040 中环海陆: 存在缺失值: {'volume': 5, 'amount': 5}
2026-02-09 18:10:14,392 - INFO - 进度: 2900/5187 | 有信号: 604 | 信号总数: 1093
2026-02-09 18:10:14,644 - WARNING - sz.300588 熙菱信息: 存在缺失值: {'volume': 5, 'amount': 5}
2026-02-09 18:10:14,682 - WARNING - sz.002717 ST岭南: 存在缺失值: {'volume': 1, 'amount': 1}
2026-02-09 18:10:14,792 - WARNING - sh.688053 ST思科瑞: 存在缺失值: {'volume': 1, 'amount': 1}
2026-02-09 18:10:14,864 - WARNING - sz.001396 誉帆科技: 数据不足34天(27行)
2026-02-09 18:10:14,865 - WARNING - sz.300044 ST赛为: 存在缺失值: {'volume': 1, 'amount': 1}
2026-02-09 18:10:15,047 - WARNING - sz.002370 亚太药业: 存在缺失值: {'volume': 5, 'amount': 5}
2026-02-09 18:10:15,304 - WARNING - sh.600863 内蒙华电: 存在缺失值: {'volume': 8, 'amount': 8}
2026-02-09 18:10:15,555 - WARNING - sz.002968 新大正: 存在缺失值: {'volume': 10, 'amount': 10}
2026-02-09 18:10:15,557 - WARNING - sh.605318 法狮龙: 存在缺失值: {'volume': 1, 'amount': 1}
2026-02-09 18:10:15,666 - WARNING - sh.603306 华懋科技: 存在缺失值: {'volume': 10, 'amount': 10}
2026-02-09 18:10:15,916 - WARNING - sh.603789 *ST星农: 存在缺失值: {'volume': 1, 'amount': 1}
2026-02-09 18:10:16,133 - WARNING - sz.300839 博汇股份: 存在缺失值: {'volume': 5, 'amount': 5}
2026-02-09 18:10:16,283 - WARNING - sh.688522 纳睿雷达: 存在缺失值: {'volume': 10, 'amount': 10}
2026-02-09 18:10:16,496 - WARNING - sz.002199 *ST东晶: 存在缺失值: {'volume': 6, 'amount': 6}
2026-02-09 18:10:16,677 - WARNING - sz.002700 万憬能源: 存在缺失值: {'volume': 1, 'amount': 1}
2026-02-09 18:10:16,968 - WARNING - sz.301171 易点天下: 存在缺失值: {'volume': 3, 'amount': 3}
2026-02-09 18:10:17,219 - WARNING - sz.002420 毅昌科技: 存在缺失值: {'volume': 3, 'amount': 3}
2026-02-09 18:10:17,327 - INFO - 进度: 3000/5187 | 有信号: 619 | 信号总数: 1124
2026-02-09 18:10:17,546 - WARNING - sz.000525 红太阳: 存在缺失值: {'volume': 1, 'amount': 1}
2026-02-09 18:10:17,970 - WARNING - sz.300955 嘉亨家化: 存在缺失值: {'volume': 5, 'amount': 5}
2026-02-09 18:10:18,798 - WARNING - sh.603776 永安行: 存在缺失值: {'volume': 5, 'amount': 5}
2026-02-09 18:10:19,160 - WARNING - sh.688347 华虹公司: 存在缺失值: {'volume': 10, 'amount': 10}
2026-02-09 18:10:19,455 - WARNING - sh.600191 华资实业: 存在缺失值: {'volume': 1, 'amount': 1}
2026-02-09 18:10:19,456 - WARNING - sh.603019 中科曙光: 存在缺失值: {'volume': 10, 'amount': 10}
2026-02-09 18:10:19,718 - WARNING - sz.300277 海联讯: 存在缺失值: {'volume': 10, 'amount': 10}
2026-02-09 18:10:20,619 - WARNING - sz.301079 邵阳液压: 存在缺失值: {'volume': 10, 'amount': 10}
2026-02-09 18:10:20,620 - WARNING - sz.300159 *ST新研: 存在缺失值: {'volume': 2, 'amount': 2}
2026-02-09 18:10:20,620 - INFO - 进度: 3100/5187 | 有信号: 640 | 信号总数: 1164
2026-02-09 18:10:20,765 - WARNING - sh.600381 *ST春天: 存在缺失值: {'volume': 1, 'amount': 1}
2026-02-09 18:10:20,913 - WARNING - sh.600446 金证股份: 存在缺失值: {'volume': 5, 'amount': 5}
2026-02-09 18:10:21,209 - WARNING - sh.603078 江化微: 存在缺失值: {'volume': 5, 'amount': 5}
2026-02-09 18:10:21,285 - WARNING - sh.688667 菱电电控: 存在缺失值: {'volume': 9, 'amount': 9}
2026-02-09 18:10:21,401 - WARNING - sz.301667 纳百川: 数据不足34天(32行)
2026-02-09 18:10:21,729 - WARNING - sz.002166 莱茵生物: 存在缺失值: {'volume': 10, 'amount': 10}
2026-02-09 18:10:21,804 - WARNING - sh.601088 中国神华: 存在缺失值: {'volume': 10, 'amount': 10}
2026-02-09 18:10:22,494 - WARNING - sz.300965 恒宇信通: 存在缺失值: {'volume': 1, 'amount': 1}
2026-02-09 18:10:22,812 - WARNING - sh.600624 ST复华: 存在缺失值: {'volume': 1, 'amount': 1}
2026-02-09 18:10:23,166 - WARNING - sz.301027 华蓝集团: 存在缺失值: {'volume': 3, 'amount': 3}
2026-02-09 18:10:23,204 - WARNING - sz.000004 *ST国华: 存在缺失值: {'volume': 1, 'amount': 1}
2026-02-09 18:10:23,349 - WARNING - sh.688291 金橙子: 存在缺失值: {'volume': 9, 'amount': 9}
2026-02-09 18:10:23,813 - INFO - 进度: 3200/5187 | 有信号: 665 | 信号总数: 1206
2026-02-09 18:10:24,201 - WARNING - sz.300225 *ST金泰: 存在缺失值: {'volume': 41, 'amount': 41}
2026-02-09 18:10:24,202 - WARNING - sz.002647 *ST仁东: 存在缺失值: {'volume': 2, 'amount': 2}
2026-02-09 18:10:24,275 - WARNING - sz.002806 华锋股份: 存在缺失值: {'volume': 5, 'amount': 5}
2026-02-09 18:10:24,350 - WARNING - sz.300986 志特新材: 存在缺失值: {'volume': 3, 'amount': 3}
2026-02-09 18:10:24,672 - WARNING - sz.002718 友邦吊顶: 存在缺失值: {'volume': 5, 'amount': 5}
2026-02-09 18:10:24,855 - WARNING - sh.600590 泰豪科技: 存在缺失值: {'volume': 10, 'amount': 10}
2026-02-09 18:10:25,270 - WARNING - sz.300442 润泽科技: 存在缺失值: {'volume': 1, 'amount': 1}
2026-02-09 18:10:25,307 - WARNING - sz.002128 电投能源: 存在缺失值: {'volume': 9, 'amount': 9}
2026-02-09 18:10:25,981 - WARNING - sh.600302 标准股份: 存在缺失值: {'volume': 5, 'amount': 5}
2026-02-09 18:10:26,054 - WARNING - sz.000697 ST炼石: 存在缺失值: {'volume': 4, 'amount': 4}
2026-02-09 18:10:26,234 - WARNING - sh.688073 毕得医药: 存在缺失值: {'volume': 10, 'amount': 10}
2026-02-09 18:10:26,848 - INFO - 进度: 3300/5187 | 有信号: 689 | 信号总数: 1244
2026-02-09 18:10:26,886 - WARNING - sz.002778 中晟高科: 存在缺失值: {'volume': 5, 'amount': 5}
2026-02-09 18:10:28,056 - WARNING - sz.300338 ST开元: 存在缺失值: {'volume': 1, 'amount': 1}
2026-02-09 18:10:28,057 - WARNING - sz.301357 北方长龙: 存在缺失值: {'volume': 10, 'amount': 10}
2026-02-09 18:10:28,167 - WARNING - sz.300093 *ST金刚: 存在缺失值: {'volume': 2, 'amount': 2}
2026-02-09 18:10:28,358 - WARNING - sz.000908 *ST景峰: 存在缺失值: {'volume': 2, 'amount': 2}
2026-02-09 18:10:28,959 - WARNING - sz.300948 冠中生态: 存在缺失值: {'volume': 5, 'amount': 5}
2026-02-09 18:10:29,550 - WARNING - sh.603037 凯众股份: 存在缺失值: {'volume': 5, 'amount': 5}
2026-02-09 18:10:29,669 - WARNING - sh.600228 *ST返利: 存在缺失值: {'volume': 1, 'amount': 1}
2026-02-09 18:10:29,997 - WARNING - sz.002123 梦网科技: 存在缺失值: {'volume': 10, 'amount': 10}
2026-02-09 18:10:30,178 - INFO - 进度: 3400/5187 | 有信号: 700 | 信号总数: 1264
2026-02-09 18:10:30,288 - WARNING - sh.603014 威高血净: 存在缺失值: {'volume': 10, 'amount': 10}
2026-02-09 18:10:30,652 - WARNING - sz.300046 台基股份: 存在缺失值: {'volume': 5, 'amount': 5}
2026-02-09 18:10:31,277 - WARNING - sh.688585 上纬新材: 存在缺失值: {'volume': 14, 'amount': 14}
2026-02-09 18:10:31,713 - WARNING - sh.603398 *ST沐邦: 存在缺失值: {'volume': 1, 'amount': 1}
2026-02-09 18:10:31,858 - WARNING - sz.000488 ST晨鸣: 存在缺失值: {'volume': 1, 'amount': 1}
2026-02-09 18:10:32,082 - WARNING - sz.300658 延江股份: 存在缺失值: {'volume': 10, 'amount': 10}
2026-02-09 18:10:32,190 - WARNING - sh.600287 苏豪时尚: 存在缺失值: {'volume': 1, 'amount': 1}
2026-02-09 18:10:32,335 - WARNING - sz.002231 *ST奥维: 存在缺失值: {'volume': 7, 'amount': 7}
2026-02-09 18:10:32,478 - WARNING - sz.002425 凯撒文化: 存在缺失值: {'volume': 1, 'amount': 1}
2026-02-09 18:10:32,623 - WARNING - sz.301012 扬电科技: 存在缺失值: {'volume': 2, 'amount': 2}
2026-02-09 18:10:32,661 - WARNING - sh.600603 广汇物流: 存在缺失值: {'volume': 1, 'amount': 1}
2026-02-09 18:10:32,806 - WARNING - sz.300950 德固特: 存在缺失值: {'volume': 10, 'amount': 10}
2026-02-09 18:10:33,346 - INFO - 进度: 3500/5187 | 有信号: 723 | 信号总数: 1301
2026-02-09 18:10:34,755 - WARNING - sz.002235 安妮股份: 存在缺失值: {'volume': 5, 'amount': 5}
2026-02-09 18:10:35,925 - WARNING - sz.002812 恩捷股份: 存在缺失值: {'volume': 10, 'amount': 10}
2026-02-09 18:10:36,111 - WARNING - sz.003041 真爱美家: 存在缺失值: {'volume': 5, 'amount': 5}
2026-02-09 18:10:36,507 - WARNING - sz.000403 派林生物: 存在缺失值: {'volume': 2, 'amount': 2}
2026-02-09 18:10:36,821 - WARNING - sz.002055 ST得润: 存在缺失值: {'volume': 1, 'amount': 1}
2026-02-09 18:10:36,822 - INFO - 进度: 3600/5187 | 有信号: 743 | 信号总数: 1335
2026-02-09 18:10:37,906 - WARNING - sz.300353 东土科技: 存在缺失值: {'volume': 9, 'amount': 9}
2026-02-09 18:10:38,641 - WARNING - sz.002424 ST百灵: 存在缺失值: {'volume': 2, 'amount': 2}
2026-02-09 18:10:39,531 - WARNING - sh.600156 华升股份: 存在缺失值: {'volume': 10, 'amount': 10}
2026-02-09 18:10:39,532 - WARNING - sh.688381 帝奥微: 存在缺失值: {'volume': 10, 'amount': 10}
2026-02-09 18:10:40,018 - WARNING - sh.600831 广电网络: 存在缺失值: {'volume': 1, 'amount': 1}
2026-02-09 18:10:40,342 - INFO - 进度: 3700/5187 | 有信号: 772 | 信号总数: 1382
2026-02-09 18:10:40,745 - WARNING - sz.301687 新广益: 数据不足34天(26行)
2026-02-09 18:10:41,504 - WARNING - sh.603001 奥康国际: 存在缺失值: {'volume': 4, 'amount': 4}
2026-02-09 18:10:41,873 - WARNING - sz.300301 ST长方: 存在缺失值: {'volume': 1, 'amount': 1}
2026-02-09 18:10:42,380 - WARNING - sz.300052 ST中青宝: 存在缺失值: {'volume': 1, 'amount': 1}
2026-02-09 18:10:42,419 - WARNING - sh.600107 ST尔雅: 存在缺失值: {'volume': 1, 'amount': 1}
2026-02-09 18:10:42,495 - WARNING - sz.002490 山东墨龙: 存在缺失值: {'volume': 1, 'amount': 1}
2026-02-09 18:10:42,533 - WARNING - sh.603226 菲林格尔: 存在缺失值: {'volume': 4, 'amount': 4}
2026-02-09 18:10:42,534 - WARNING - sz.301112 信邦智能: 存在缺失值: {'volume': 10, 'amount': 10}
2026-02-09 18:10:42,878 - WARNING - sz.300507 苏奥传感: 存在缺失值: {'volume': 5, 'amount': 5}
2026-02-09 18:10:43,170 - WARNING - sh.688521 芯原股份: 存在缺失值: {'volume': 10, 'amount': 10}
2026-02-09 18:10:43,420 - WARNING - sh.601059 信达证券: 存在缺失值: {'volume': 20, 'amount': 20}
2026-02-09 18:10:43,563 - INFO - 进度: 3800/5187 | 有信号: 790 | 信号总数: 1415
2026-02-09 18:10:43,741 - WARNING - sz.000612 焦作万方: 存在缺失值: {'volume': 10, 'amount': 10}
2026-02-09 18:10:43,954 - WARNING - sz.000421 南京公用: 存在缺失值: {'volume': 7, 'amount': 7}
2026-02-09 18:10:43,955 - WARNING - sh.688655 迅捷兴: 存在缺失值: {'volume': 9, 'amount': 9}
2026-02-09 18:10:44,371 - WARNING - sh.688766 普冉股份: 存在缺失值: {'volume': 10, 'amount': 10}
2026-02-09 18:10:45,134 - WARNING - sh.688656 浩欧博: 存在缺失值: {'volume': 1, 'amount': 1}
2026-02-09 18:10:45,507 - WARNING - sz.000903 ST云动: 存在缺失值: {'volume': 1, 'amount': 1}
2026-02-09 18:10:45,835 - WARNING - sz.002114 罗平锌电: 存在缺失值: {'volume': 4, 'amount': 4}
2026-02-09 18:10:46,273 - WARNING - sz.002620 ST瑞和: 存在缺失值: {'volume': 1, 'amount': 1}
2026-02-09 18:10:46,821 - INFO - 进度: 3900/5187 | 有信号: 818 | 信号总数: 1462
2026-02-09 18:10:47,078 - WARNING - sz.300313 *ST天山: 存在缺失值: {'volume': 1, 'amount': 1}
2026-02-09 18:10:47,398 - WARNING - sh.688511 *ST天微: 存在缺失值: {'volume': 1, 'amount': 1}
2026-02-09 18:10:47,940 - WARNING - sz.300268 *ST佳沃: 存在缺失值: {'volume': 1, 'amount': 1}
2026-02-09 18:10:47,979 - WARNING - sh.601519 大智慧: 存在缺失值: {'volume': 10, 'amount': 10}
2026-02-09 18:10:48,017 - WARNING - sh.600168 武汉控股: 存在缺失值: {'volume': 10, 'amount': 10}
2026-02-09 18:10:48,115 - WARNING - sz.300291 百纳千成: 存在缺失值: {'volume': 8, 'amount': 8}
2026-02-09 18:10:48,333 - WARNING - sz.002554 惠博普: 存在缺失值: {'volume': 4, 'amount': 4}
2026-02-09 18:10:48,441 - WARNING - sh.688076 ST诺泰: 存在缺失值: {'volume': 1, 'amount': 1}
2026-02-09 18:10:48,586 - WARNING - sh.603330 天洋新材: 存在缺失值: {'volume': 4, 'amount': 4}
2026-02-09 18:10:48,728 - WARNING - sz.002516 旷达科技: 存在缺失值: {'volume': 5, 'amount': 5}
2026-02-09 18:10:49,045 - WARNING - sz.002571 德力股份: 存在缺失值: {'volume': 5, 'amount': 5}
2026-02-09 18:10:49,662 - WARNING - sz.000504 *ST生物: 存在缺失值: {'volume': 1, 'amount': 1}
2026-02-09 18:10:49,919 - WARNING - sz.300536 农尚环境: 存在缺失值: {'volume': 1, 'amount': 1}
2026-02-09 18:10:49,992 - INFO - 进度: 4000/5187 | 有信号: 846 | 信号总数: 1501
2026-02-09 18:10:50,277 - WARNING - sh.603758 秦安股份: 存在缺失值: {'volume': 9, 'amount': 9}
2026-02-09 18:10:50,278 - WARNING - sz.300373 扬杰科技: 存在缺失值: {'volume': 10, 'amount': 10}
2026-02-09 18:10:50,392 - WARNING - sz.002153 石基信息: 存在缺失值: {'volume': 3, 'amount': 3}
2026-02-09 18:10:50,506 - WARNING - sz.002826 易明医药: 存在缺失值: {'volume': 5, 'amount': 5}
2026-02-09 18:10:51,060 - WARNING - sz.000716 黑芝麻: 存在缺失值: {'volume': 5, 'amount': 5}
2026-02-09 18:10:51,577 - WARNING - sh.600399 抚顺特钢: 存在缺失值: {'volume': 1, 'amount': 1}
2026-02-09 18:10:52,167 - WARNING - sh.603056 德邦股份: 存在缺失值: {'volume': 15, 'amount': 15}
2026-02-09 18:10:52,762 - WARNING - sz.002630 ST华西: 存在缺失值: {'volume': 1, 'amount': 1}
2026-02-09 18:10:52,912 - WARNING - sz.000633 合金投资: 存在缺失值: {'volume': 5, 'amount': 5}
2026-02-09 18:10:53,022 - WARNING - sh.601121 宝地矿业: 存在缺失值: {'volume': 4, 'amount': 4}
2026-02-09 18:10:53,244 - WARNING - sh.603608 天创时尚: 存在缺失值: {'volume': 6, 'amount': 6}
2026-02-09 18:10:53,281 - INFO - 进度: 4100/5187 | 有信号: 872 | 信号总数: 1547
2026-02-09 18:10:53,895 - WARNING - sh.688191 智洋创新: 存在缺失值: {'volume': 3, 'amount': 3}
2026-02-09 18:10:54,342 - WARNING - sz.000506 招金黄金: 存在缺失值: {'volume': 1, 'amount': 1}
2026-02-09 18:10:54,559 - WARNING - sz.002172 澳洋健康: 存在缺失值: {'volume': 5, 'amount': 5}
2026-02-09 18:10:54,741 - WARNING - sz.003004 *ST声迅: 存在缺失值: {'volume': 1, 'amount': 1}
2026-02-09 18:10:55,033 - WARNING - sh.600539 狮头股份: 存在缺失值: {'volume': 10, 'amount': 10}
2026-02-09 18:10:55,294 - WARNING - sz.000545 金浦钛业: 存在缺失值: {'volume': 10, 'amount': 10}
2026-02-09 18:10:55,617 - WARNING - sz.002586 ST围海: 存在缺失值: {'volume': 1, 'amount': 1}
2026-02-09 18:10:55,762 - WARNING - sh.603151 邦基科技: 存在缺失值: {'volume': 8, 'amount': 8}
2026-02-09 18:10:56,206 - WARNING - sz.300376 易事特: 存在缺失值: {'volume': 1, 'amount': 1}
2026-02-09 18:10:56,501 - INFO - 进度: 4200/5187 | 有信号: 900 | 信号总数: 1596
2026-02-09 18:10:57,004 - WARNING - sh.603517 ST绝味: 存在缺失值: {'volume': 1, 'amount': 1}
2026-02-09 18:10:57,334 - WARNING - sz.001220 世盟股份: 数据不足34天(4行)
2026-02-09 18:10:57,335 - WARNING - sh.603729 龙韵股份: 存在缺失值: {'volume': 10, 'amount': 10}
2026-02-09 18:10:58,285 - WARNING - sh.600579 中化装备: 存在缺失值: {'volume': 10, 'amount': 10}
2026-02-09 18:10:58,572 - WARNING - sh.603825 ST华扬: 存在缺失值: {'volume': 1, 'amount': 1}
2026-02-09 18:10:58,936 - WARNING - sh.600636 *ST国化: 存在缺失值: {'volume': 1, 'amount': 1}
2026-02-09 18:10:59,267 - WARNING - sz.301316 慧博云通: 存在缺失值: {'volume': 10, 'amount': 10}
2026-02-09 18:10:59,737 - WARNING - sh.688593 新相微: 存在缺失值: {'volume': 10, 'amount': 10}
2026-02-09 18:10:59,774 - INFO - 进度: 4300/5187 | 有信号: 928 | 信号总数: 1648
2026-02-09 18:11:00,549 - WARNING - sh.605081 *ST太和: 存在缺失值: {'volume': 6, 'amount': 6}
2026-02-09 18:11:00,952 - WARNING - sh.603336 宏辉果蔬: 存在缺失值: {'volume': 5, 'amount': 5}
2026-02-09 18:11:02,191 - WARNING - sh.600421 *ST华嵘: 存在缺失值: {'volume': 6, 'amount': 6}
2026-02-09 18:11:02,773 - WARNING - sz.300169 天晟新材: 存在缺失值: {'volume': 5, 'amount': 5}
2026-02-09 18:11:02,774 - WARNING - sz.002564 天沃科技: 存在缺失值: {'volume': 1, 'amount': 1}
2026-02-09 18:11:03,025 - WARNING - sz.300585 奥联电子: 存在缺失值: {'volume': 5, 'amount': 5}
2026-02-09 18:11:03,204 - INFO - 进度: 4400/5187 | 有信号: 955 | 信号总数: 1695
2026-02-09 18:11:03,241 - WARNING - sz.300173 ST福能: 存在缺失值: {'volume': 1, 'amount': 1}
2026-02-09 18:11:03,527 - WARNING - sz.000793 ST华闻: 存在缺失值: {'volume': 1, 'amount': 1}
2026-02-09 18:11:03,677 - WARNING - sz.002656 *ST摩登: 存在缺失值: {'volume': 10, 'amount': 10}
2026-02-09 18:11:03,752 - WARNING - sh.605389 长龄液压: 存在缺失值: {'volume': 7, 'amount': 7}
2026-02-09 18:11:04,111 - WARNING - sz.300672 国科微: 存在缺失值: {'volume': 10, 'amount': 10}
2026-02-09 18:11:04,359 - WARNING - sh.600608 *ST沪科: 存在缺失值: {'volume': 1, 'amount': 1}
2026-02-09 18:11:04,544 - WARNING - sz.002955 鸿合科技: 存在缺失值: {'volume': 4, 'amount': 4}
2026-02-09 18:11:04,545 - WARNING - sh.603616 韩建河山: 存在缺失值: {'volume': 10, 'amount': 10}
2026-02-09 18:11:04,546 - WARNING - sh.688228 开普云: 存在缺失值: {'volume': 10, 'amount': 10}
2026-02-09 18:11:05,505 - WARNING - sh.603980 吉华集团: 存在缺失值: {'volume': 5, 'amount': 5}
2026-02-09 18:11:05,768 - WARNING - sz.300572 安车检测: 存在缺失值: {'volume': 5, 'amount': 5}
2026-02-09 18:11:06,294 - WARNING - sh.603580 *ST艾艾: 存在缺失值: {'volume': 1, 'amount': 1}
2026-02-09 18:11:06,295 - WARNING - sz.002496 *ST辉丰: 存在缺失值: {'volume': 1, 'amount': 1}
2026-02-09 18:11:06,368 - INFO - 进度: 4500/5187 | 有信号: 984 | 信号总数: 1747
2026-02-09 18:11:06,370 - WARNING - sh.688981 中芯国际: 存在缺失值: {'volume': 6, 'amount': 6}
2026-02-09 18:11:07,300 - WARNING - sz.002765 蓝黛科技: 存在缺失值: {'volume': 2, 'amount': 2}
2026-02-09 18:11:07,834 - WARNING - sz.000615 *ST美谷: 存在缺失值: {'volume': 2, 'amount': 2}
2026-02-09 18:11:08,428 - WARNING - sz.300205 *ST天喻: 存在缺失值: {'volume': 1, 'amount': 1}
2026-02-09 18:11:09,134 - WARNING - sh.600696 *ST岩石: 存在缺失值: {'volume': 1, 'amount': 1}
2026-02-09 18:11:09,135 - WARNING - sh.600800 渤海化学: 存在缺失值: {'volume': 10, 'amount': 10}
2026-02-09 18:11:09,469 - WARNING - sz.002379 宏桥控股: 存在缺失值: {'volume': 3, 'amount': 3}
2026-02-09 18:11:09,579 - WARNING - sz.301288 *ST清研: 存在缺失值: {'volume': 1, 'amount': 1}
2026-02-09 18:11:09,579 - INFO - 进度: 4600/5187 | 有信号: 1008 | 信号总数: 1792
2026-02-09 18:11:09,690 - WARNING - sz.300013 新宁物流: 存在缺失值: {'volume': 1, 'amount': 1}
2026-02-09 18:11:09,885 - WARNING - sz.300912 凯龙高科: 存在缺失值: {'volume': 10, 'amount': 10}
2026-02-09 18:11:09,964 - WARNING - sh.603879 永悦科技: 存在缺失值: {'volume': 1, 'amount': 1}
2026-02-09 18:11:09,965 - WARNING - sz.000821 ST京机: 存在缺失值: {'volume': 1, 'amount': 1}
2026-02-09 18:11:09,966 - WARNING - sz.001369 双欣环保: 数据不足34天(27行)
2026-02-09 18:11:09,967 - WARNING - sz.300368 汇金股份: 存在缺失值: {'volume': 1, 'amount': 1}
2026-02-09 18:11:10,266 - WARNING - sh.603007 *ST花王: 存在缺失值: {'volume': 2, 'amount': 2}
2026-02-09 18:11:10,794 - WARNING - sz.002581 ST未名: 存在缺失值: {'volume': 1, 'amount': 1}
2026-02-09 18:11:10,905 - WARNING - sz.000722 湖南发展: 存在缺失值: {'volume': 10, 'amount': 10}
2026-02-09 18:11:11,176 - WARNING - sz.300326 ST凯利: 存在缺失值: {'volume': 4, 'amount': 4}
2026-02-09 18:11:11,681 - WARNING - sh.601995 中金公司: 存在缺失值: {'volume': 20, 'amount': 20}
2026-02-09 18:11:11,831 - WARNING - sz.002456 欧菲光: 存在缺失值: {'volume': 10, 'amount': 10}
2026-02-09 18:11:12,853 - INFO - 进度: 4700/5187 | 有信号: 1033 | 信号总数: 1846
2026-02-09 18:11:12,894 - WARNING - sz.002348 高乐股份: 存在缺失值: {'volume': 5, 'amount': 5}
2026-02-09 18:11:13,116 - WARNING - sh.601198 东兴证券: 存在缺失值: {'volume': 20, 'amount': 20}
2026-02-09 18:11:13,720 - WARNING - sh.600962 国投中鲁: 存在缺失值: {'volume': 10, 'amount': 10}
2026-02-09 18:11:13,831 - WARNING - sz.300344 *ST立方: 存在缺失值: {'volume': 7, 'amount': 7}
2026-02-09 18:11:14,012 - WARNING - sh.601500 通用股份: 存在缺失值: {'volume': 4, 'amount': 4}
2026-02-09 18:11:14,013 - WARNING - sz.300511 雪榕生物: 存在缺失值: {'volume': 5, 'amount': 5}
2026-02-09 18:11:14,086 - WARNING - sh.600114 东睦股份: 存在缺失值: {'volume': 10, 'amount': 10}
2026-02-09 18:11:15,963 - WARNING - sh.600525 ST长园: 存在缺失值: {'volume': 1, 'amount': 1}
2026-02-09 18:11:16,588 - WARNING - sz.300329 海伦钢琴: 存在缺失值: {'volume': 5, 'amount': 5}
2026-02-09 18:11:16,852 - INFO - 进度: 4800/5187 | 有信号: 1057 | 信号总数: 1900
2026-02-09 18:11:17,117 - WARNING - sh.603690 至纯科技: 存在缺失值: {'volume': 9, 'amount': 9}
2026-02-09 18:11:17,156 - WARNING - sh.603248 锡华科技: 数据不足34天(32行)
2026-02-09 18:11:17,287 - WARNING - sz.300554 三超新材: 存在缺失值: {'volume': 3, 'amount': 3}
2026-02-09 18:11:17,402 - WARNING - sz.000670 盈方微: 存在缺失值: {'volume': 10, 'amount': 10}
2026-02-09 18:11:17,548 - WARNING - sh.600933 爱柯迪: 存在缺失值: {'volume': 8, 'amount': 8}
2026-02-09 18:11:19,445 - WARNING - sz.300609 汇纳科技: 存在缺失值: {'volume': 3, 'amount': 3}
2026-02-09 18:11:20,252 - INFO - 进度: 4900/5187 | 有信号: 1080 | 信号总数: 1941
2026-02-09 18:11:20,820 - WARNING - sh.600735 ST新华锦: 存在缺失值: {'volume': 1, 'amount': 1}
2026-02-09 18:11:20,965 - WARNING - sz.300889 爱克股份: 存在缺失值: {'volume': 10, 'amount': 10}
2026-02-09 18:11:21,595 - WARNING - sh.603352 至信股份: 数据不足34天(17行)
2026-02-09 18:11:21,633 - WARNING - sz.002848 *ST高斯: 存在缺失值: {'volume': 1, 'amount': 1}
2026-02-09 18:11:22,013 - WARNING - sz.300807 天迈科技: 存在缺失值: {'volume': 3, 'amount': 3}
2026-02-09 18:11:22,158 - WARNING - sz.002667 威领股份: 存在缺失值: {'volume': 5, 'amount': 5}
2026-02-09 18:11:22,198 - WARNING - sz.000989 九芝堂: 存在缺失值: {'volume': 1, 'amount': 1}
2026-02-09 18:11:22,238 - WARNING - sz.002122 ST汇洲: 存在缺失值: {'volume': 1, 'amount': 1}
2026-02-09 18:11:22,277 - WARNING - sh.688165 埃夫特: 存在缺失值: {'volume': 9, 'amount': 9}
2026-02-09 18:11:22,278 - WARNING - sz.301213 观想科技: 存在缺失值: {'volume': 10, 'amount': 10}
2026-02-09 18:11:22,677 - WARNING - sh.688041 海光信息: 存在缺失值: {'volume': 10, 'amount': 10}
2026-02-09 18:11:22,765 - WARNING - sh.603359 东珠生态: 存在缺失值: {'volume': 10, 'amount': 10}
2026-02-09 18:11:23,337 - WARNING - sz.002175 东方智造: 存在缺失值: {'volume': 5, 'amount': 5}
2026-02-09 18:11:23,337 - INFO - 进度: 5000/5187 | 有信号: 1106 | 信号总数: 1987
2026-02-09 18:11:23,589 - WARNING - sz.002310 东方新能: 存在缺失值: {'volume': 1, 'amount': 1}
2026-02-09 18:11:23,883 - WARNING - sh.603813 *ST原尚: 存在缺失值: {'volume': 1, 'amount': 1}
2026-02-09 18:11:23,926 - WARNING - sh.688809 强一股份: 数据不足34天(27行)
2026-02-09 18:11:24,211 - WARNING - sz.001212 中旗新材: 存在缺失值: {'volume': 2, 'amount': 2}
2026-02-09 18:11:24,285 - WARNING - sz.301181 标榜股份: 存在缺失值: {'volume': 5, 'amount': 5}
2026-02-09 18:11:24,287 - WARNING - sz.002306 *ST云网: 存在缺失值: {'volume': 1, 'amount': 1}
2026-02-09 18:11:24,579 - WARNING - sz.300943 春晖智控: 存在缺失值: {'volume': 10, 'amount': 10}
2026-02-09 18:11:24,686 - WARNING - sz.001314 亿道信息: 存在缺失值: {'volume': 9, 'amount': 9}
2026-02-09 18:11:25,117 - WARNING - sh.688621 阳光诺和: 存在缺失值: {'volume': 9, 'amount': 9}
2026-02-09 18:11:25,190 - WARNING - sh.688339 亿华通: 存在缺失值: {'volume': 10, 'amount': 10}
2026-02-09 18:11:25,405 - WARNING - sz.301218 华是科技: 存在缺失值: {'volume': 5, 'amount': 5}
2026-02-09 18:11:25,443 - WARNING - sz.002387 维信诺: 存在缺失值: {'volume': 5, 'amount': 5}
2026-02-09 18:11:26,194 - WARNING - sh.600289 ST信通: 存在缺失值: {'volume': 12, 'amount': 12}
2026-02-09 18:11:26,233 - WARNING - sz.000070 特发信息: 存在缺失值: {'volume': 1, 'amount': 1}
2026-02-09 18:11:26,456 - INFO - 进度: 5100/5187 | 有信号: 1131 | 信号总数: 2036
2026-02-09 18:11:26,672 - WARNING - sz.300527 ST应急: 存在缺失值: {'volume': 1, 'amount': 1}
2026-02-09 18:11:26,673 - WARNING - sz.300300 海峡创新: 存在缺失值: {'volume': 4, 'amount': 4}
2026-02-09 18:11:26,856 - WARNING - sz.300366 ST创意: 存在缺失值: {'volume': 1, 'amount': 1}
2026-02-09 18:11:27,107 - WARNING - sz.300486 东杰智能: 存在缺失值: {'volume': 15, 'amount': 15}
2026-02-09 18:11:27,109 - WARNING - sz.300165 ST天瑞: 存在缺失值: {'volume': 5, 'amount': 5}
2026-02-09 18:11:27,290 - WARNING - sz.301335 天元宠物: 存在缺失值: {'volume': 10, 'amount': 10}
2026-02-09 18:11:27,549 - WARNING - sz.002808 *ST恒久: 存在缺失值: {'volume': 1, 'amount': 1}
2026-02-09 18:11:27,767 - WARNING - sh.600960 渤海汽车: 存在缺失值: {'volume': 10, 'amount': 10}
2026-02-09 18:11:28,319 - WARNING - sh.603161 科华控股: 存在缺失值: {'volume': 5, 'amount': 5}
2026-02-09 18:11:28,357 - WARNING - sh.600721 百花医药: 存在缺失值: {'volume': 5, 'amount': 5}
2026-02-09 18:11:29,170 - INFO - ============================================================
2026-02-09 18:11:29,170 - INFO - 分析完成!
2026-02-09 18:11:29,170 - INFO - 总股票数: 5187
2026-02-09 18:11:29,170 - INFO - 有信号股票: 1150 (22.2%)
2026-02-09 18:11:29,170 - INFO - 信号总数: 2077
2026-02-09 18:11:29,170 - INFO - 失败数: 0
2026-02-09 18:11:29,170 - INFO - ============================================================
2026-02-09 18:11:29,196 - INFO - 结果已保存:
2026-02-09 18:11:29,196 - INFO -   CSV: /Users/ellen_li/2026projects/my-skills/skills/stock_macd_volumn/output/trend_signals_20260209.csv
2026-02-09 18:11:29,196 - INFO -   JSON: /Users/ellen_li/2026projects/my-skills/skills/stock_macd_volumn/output/analysis_report_20260209.json
2026-02-09 18:11:29,197 - INFO - 
分析成功完成!
