2026-02-10 13:10:59,170 - INFO - ================================================================================
2026-02-10 13:10:59,170 - INFO - 📊 反馈分析工具
2026-02-10 13:10:59,170 - INFO - ================================================================================
2026-02-10 13:10:59,170 - INFO - 运行时间: 2026-02-10 13:10:59
2026-02-10 13:10:59,170 - INFO - 
2026-02-10 13:10:59,170 - INFO - ✅ 找到反馈文件: tuning_feedback_20260210.csv
2026-02-10 13:10:59,171 - ERROR - ❌ 未找到推荐CSV文件
2026-02-10 13:10:59,171 - INFO - 请确保已生成推荐报告（recommendation_YYYYMMDD.csv）
2026-02-10 15:59:55,187 - INFO - ================================================================================
2026-02-10 15:59:55,187 - INFO - 📊 增强版反馈分析工具
2026-02-10 15:59:55,187 - INFO - ================================================================================
2026-02-10 15:59:55,187 - INFO - 运行时间: 2026-02-10 15:59:55
2026-02-10 15:59:55,187 - INFO - 
2026-02-10 15:59:55,188 - ERROR - ❌ 初始化分析器失败: 数据目录不存在: /Users/ellen_li/2026projects/my-skills/skills/stock_daily_recommendation/A股近10年日线数据
2026-02-10 15:59:55,188 - INFO - 请确保数据目录存在
2026-02-10 16:00:35,755 - INFO - ================================================================================
2026-02-10 16:00:35,755 - INFO - 📊 增强版反馈分析工具
2026-02-10 16:00:35,755 - INFO - ================================================================================
2026-02-10 16:00:35,755 - INFO - 运行时间: 2026-02-10 16:00:35
2026-02-10 16:00:35,755 - INFO - 
2026-02-10 16:00:35,755 - INFO - 增强版反馈分析器已初始化
2026-02-10 16:00:35,755 - INFO -   数据目录: /Users/ellen_li/2026projects/my-skills/A股近10年日线数据
2026-02-10 16:00:35,755 - INFO -   学习率: 0.15
2026-02-10 16:00:35,756 - INFO - ✅ 找到反馈文件: tuning_feedback_20260210.csv
2026-02-10 16:00:35,756 - INFO - 📖 读取反馈数据...
2026-02-10 16:00:35,758 - INFO - 成功读取反馈文件: /Users/ellen_li/2026projects/my-skills/skills/stock_daily_recommendation/turning_feedback/tuning_feedback_20260210.csv
2026-02-10 16:00:35,758 - INFO - 反馈条目数: 20
2026-02-10 16:00:35,758 - INFO -    总反馈数: 20
2026-02-10 16:00:35,760 - INFO -    推荐买入: 9
2026-02-10 16:00:35,760 - INFO -    不应推荐: 11
2026-02-10 16:00:35,760 - INFO - 
2026-02-10 16:00:35,760 - INFO - 反馈日期: 20260210
2026-02-10 16:00:35,760 - INFO - 🎯 分析推荐准确性...
2026-02-10 16:00:35,763 - INFO - ================================================================================
2026-02-10 16:00:35,763 - INFO - 📊 准确性统计
2026-02-10 16:00:35,763 - INFO - ================================================================================
2026-02-10 16:00:35,763 - INFO - 真阳性 (正确推荐):    9
2026-02-10 16:00:35,763 - INFO - 假阳性 (错误推荐):    11
2026-02-10 16:00:35,763 - INFO - 假阴性 (遗漏推荐):    0
2026-02-10 16:00:35,763 - INFO - 真阴性 (正确不推荐):  0
2026-02-10 16:00:35,763 - INFO - 
2026-02-10 16:00:35,763 - INFO - 精确率 (Precision): 45.00%
2026-02-10 16:00:35,763 - INFO - 召回率 (Recall):    100.00%
2026-02-10 16:00:35,763 - INFO - F1分数:             62.07%
2026-02-10 16:00:35,763 - INFO - 准确率 (Accuracy):  45.00%
2026-02-10 16:00:35,763 - INFO - ================================================================================
2026-02-10 16:00:35,763 - INFO - 
2026-02-10 16:00:35,763 - INFO - 🔍 进行逐支股票Gap分析...
2026-02-10 16:00:35,763 - INFO - 开始逐支股票Gap分析...
2026-02-10 16:00:35,764 - INFO - 找到推荐CSV: 20支股票
2026-02-10 16:00:35,777 - ERROR - 计算特征失败 sh.600371 @ 20260210: calculate_macd_score() missing 1 required positional argument: 'config'
2026-02-10 16:00:35,786 - ERROR - 计算特征失败 sh.600199 @ 20260210: calculate_macd_score() missing 1 required positional argument: 'config'
2026-02-10 16:00:35,794 - ERROR - 计算特征失败 sz.301222 @ 20260210: calculate_macd_score() missing 1 required positional argument: 'config'
2026-02-10 16:00:35,803 - ERROR - 计算特征失败 sh.603826 @ 20260210: calculate_macd_score() missing 1 required positional argument: 'config'
2026-02-10 16:00:35,811 - ERROR - 计算特征失败 sh.603317 @ 20260210: calculate_macd_score() missing 1 required positional argument: 'config'
2026-02-10 16:00:35,820 - ERROR - 计算特征失败 sz.000998 @ 20260128: calculate_macd_score() missing 1 required positional argument: 'config'
2026-02-10 16:00:35,820 - WARNING - 无法计算特征: sz.000998 @ 20260128
2026-02-10 16:00:35,828 - ERROR - 计算特征失败 sz.002644 @ 20260210: calculate_macd_score() missing 1 required positional argument: 'config'
2026-02-10 16:00:35,836 - ERROR - 计算特征失败 sz.301036 @ 20260204: calculate_macd_score() missing 1 required positional argument: 'config'
2026-02-10 16:00:35,836 - WARNING - 无法计算特征: sz.301036 @ 20260204
2026-02-10 16:00:35,845 - ERROR - 计算特征失败 sz.000822 @ 20260204: calculate_macd_score() missing 1 required positional argument: 'config'
2026-02-10 16:00:35,845 - WARNING - 无法计算特征: sz.000822 @ 20260204
2026-02-10 16:00:35,853 - ERROR - 计算特征失败 sz.002137 @ 20260127: calculate_macd_score() missing 1 required positional argument: 'config'
2026-02-10 16:00:35,853 - WARNING - 无法计算特征: sz.002137 @ 20260127
2026-02-10 16:00:35,861 - ERROR - 计算特征失败 sz.000056 @ 20260204: calculate_macd_score() missing 1 required positional argument: 'config'
2026-02-10 16:00:35,861 - WARNING - 无法计算特征: sz.000056 @ 20260204
2026-02-10 16:00:35,870 - ERROR - 计算特征失败 sz.002880 @ 20260210: calculate_macd_score() missing 1 required positional argument: 'config'
2026-02-10 16:00:35,878 - ERROR - 计算特征失败 sz.002441 @ 20260210: calculate_macd_score() missing 1 required positional argument: 'config'
2026-02-10 16:00:35,887 - ERROR - 计算特征失败 sh.603848 @ 20260129: calculate_macd_score() missing 1 required positional argument: 'config'
2026-02-10 16:00:35,887 - WARNING - 无法计算特征: sh.603848 @ 20260129
2026-02-10 16:00:35,895 - ERROR - 计算特征失败 sz.301210 @ 20260210: calculate_macd_score() missing 1 required positional argument: 'config'
2026-02-10 16:00:35,904 - ERROR - 计算特征失败 sh.600072 @ 20260202: calculate_macd_score() missing 1 required positional argument: 'config'
2026-02-10 16:00:35,904 - WARNING - 无法计算特征: sh.600072 @ 20260202
2026-02-10 16:00:35,912 - ERROR - 计算特征失败 sh.600684 @ 20260129: calculate_macd_score() missing 1 required positional argument: 'config'
2026-02-10 16:00:35,912 - WARNING - 无法计算特征: sh.600684 @ 20260129
2026-02-10 16:00:35,921 - ERROR - 计算特征失败 sz.000999 @ 20260205: calculate_macd_score() missing 1 required positional argument: 'config'
2026-02-10 16:00:35,921 - WARNING - 无法计算特征: sz.000999 @ 20260205
2026-02-10 16:00:35,929 - ERROR - 计算特征失败 sz.300985 @ 20260210: calculate_macd_score() missing 1 required positional argument: 'config'
2026-02-10 16:00:35,937 - ERROR - 计算特征失败 sz.000719 @ 20260210: calculate_macd_score() missing 1 required positional argument: 'config'
2026-02-10 16:00:35,938 - INFO - Gap分析完成:
2026-02-10 16:00:35,938 - INFO -   正确推荐 (TP): 0
2026-02-10 16:00:35,938 - INFO -   错误推荐 (FP): 0
2026-02-10 16:00:35,938 - INFO -   遗漏推荐 (FN): 0
2026-02-10 16:00:35,938 - INFO - ================================================================================
2026-02-10 16:00:35,938 - INFO - 📋 Gap分析结果
2026-02-10 16:00:35,938 - INFO - ================================================================================
2026-02-10 16:00:35,938 - INFO - 正确推荐 (TP): 0
2026-02-10 16:00:35,938 - INFO - 错误推荐 (FP): 0
2026-02-10 16:00:35,938 - INFO - 遗漏推荐 (FN): 0
2026-02-10 16:00:35,938 - INFO - 
2026-02-10 16:00:35,938 - INFO - ================================================================================
2026-02-10 16:00:35,938 - INFO - 
2026-02-10 16:00:35,938 - INFO - 📊 分析特征模式...
2026-02-10 16:00:35,938 - INFO - 开始特征模式分析...
2026-02-10 16:00:35,938 - INFO - 特征模式分析完成
2026-02-10 16:00:35,938 - INFO - ================================================================================
2026-02-10 16:00:35,938 - INFO - 🎯 特征模式分析结果
2026-02-10 16:00:35,938 - INFO - ================================================================================
2026-02-10 16:00:35,938 - INFO - 📌 MACD_SCORE_THRESHOLD
2026-02-10 16:00:35,938 - INFO -    当前阈值: 50
2026-02-10 16:00:35,938 - INFO -    建议阈值: 50
2026-02-10 16:00:35,938 - INFO -    分析结果: MACD阈值表现良好
2026-02-10 16:00:35,938 - INFO - 
2026-02-10 16:00:35,938 - INFO - 📌 VOLUME_RATIO_THRESHOLD
2026-02-10 16:00:35,938 - INFO -    当前阈值: 2.0
2026-02-10 16:00:35,938 - INFO -    建议阈值: 2.0
2026-02-10 16:00:35,938 - INFO -    分析结果: 成交量阈值表现良好
2026-02-10 16:00:35,938 - INFO - 
2026-02-10 16:00:35,938 - INFO - 📌 MIN_ENHANCED_SCORE
2026-02-10 16:00:35,938 - INFO -    当前阈值: 25
2026-02-10 16:00:35,938 - INFO -    建议阈值: 25
2026-02-10 16:00:35,938 - INFO -    分析结果: 补充特征分阈值表现良好
2026-02-10 16:00:35,938 - INFO - 
2026-02-10 16:00:35,938 - INFO - ================================================================================
2026-02-10 16:00:35,938 - INFO - 
2026-02-10 16:00:35,938 - INFO - 🔧 生成自适应调优建议...
2026-02-10 16:00:35,938 - INFO - 生成自适应调优建议（学习率: 0.15）...
2026-02-10 16:00:35,938 - INFO -   MACD_SCORE_THRESHOLD: 无需调整 (当前值: 50)
2026-02-10 16:00:35,938 - INFO -   VOLUME_RATIO_THRESHOLD: 无需调整 (当前值: 2.0)
2026-02-10 16:00:35,938 - INFO -   MIN_ENHANCED_SCORE: 无需调整 (当前值: 25)
2026-02-10 16:00:35,938 - INFO - ================================================================================
2026-02-10 16:00:35,938 - INFO - 💡 自适应调优建议
2026-02-10 16:00:35,938 - INFO - ================================================================================
2026-02-10 16:00:35,938 - INFO - 当前参数表现良好，无需调整
2026-02-10 16:00:35,938 - INFO - ================================================================================
2026-02-10 16:00:35,938 - INFO - 
2026-02-10 16:00:35,938 - INFO - 无需生成调优配置
2026-02-10 16:00:35,938 - INFO - 
2026-02-10 16:00:35,938 - INFO - 📈 记录改进历史...
2026-02-10 16:00:35,938 - INFO - 记录改进历史...
2026-02-10 16:00:35,939 - INFO - 改进历史已保存到: tuning_history.json
2026-02-10 16:00:35,939 - INFO - ================================================================================
2026-02-10 16:00:35,939 - INFO - 🎉 增强版反馈分析完成！
2026-02-10 16:00:35,939 - INFO - ================================================================================
2026-02-10 16:00:35,939 - INFO - 📝 下次运行推荐工具时将自动使用新的参数配置
2026-02-10 16:00:35,939 - INFO - 📊 调优配置文件: tuning_config.json
2026-02-10 16:00:35,939 - INFO - 📈 改进历史文件: tuning_history.json
2026-02-10 16:00:35,939 - INFO - 🔄 如需恢复默认配置，删除 tuning_config.json 即可
2026-02-10 16:00:35,939 - INFO - ================================================================================
2026-02-10 16:00:54,519 - INFO - ================================================================================
2026-02-10 16:00:54,519 - INFO - 📊 增强版反馈分析工具
2026-02-10 16:00:54,519 - INFO - ================================================================================
2026-02-10 16:00:54,519 - INFO - 运行时间: 2026-02-10 16:00:54
2026-02-10 16:00:54,519 - INFO - 
2026-02-10 16:00:54,519 - INFO - 增强版反馈分析器已初始化
2026-02-10 16:00:54,519 - INFO -   数据目录: /Users/ellen_li/2026projects/my-skills/A股近10年日线数据
2026-02-10 16:00:54,519 - INFO -   学习率: 0.15
2026-02-10 16:00:54,520 - INFO - ✅ 找到反馈文件: tuning_feedback_20260210.csv
2026-02-10 16:00:54,520 - INFO - 📖 读取反馈数据...
2026-02-10 16:00:54,523 - INFO - 成功读取反馈文件: /Users/ellen_li/2026projects/my-skills/skills/stock_daily_recommendation/turning_feedback/tuning_feedback_20260210.csv
2026-02-10 16:00:54,523 - INFO - 反馈条目数: 20
2026-02-10 16:00:54,523 - INFO -    总反馈数: 20
2026-02-10 16:00:54,525 - INFO -    推荐买入: 9
2026-02-10 16:00:54,525 - INFO -    不应推荐: 11
2026-02-10 16:00:54,525 - INFO - 
2026-02-10 16:00:54,525 - INFO - 反馈日期: 20260210
2026-02-10 16:00:54,525 - INFO - 🎯 分析推荐准确性...
2026-02-10 16:00:54,528 - INFO - ================================================================================
2026-02-10 16:00:54,528 - INFO - 📊 准确性统计
2026-02-10 16:00:54,528 - INFO - ================================================================================
2026-02-10 16:00:54,528 - INFO - 真阳性 (正确推荐):    9
2026-02-10 16:00:54,528 - INFO - 假阳性 (错误推荐):    11
2026-02-10 16:00:54,528 - INFO - 假阴性 (遗漏推荐):    0
2026-02-10 16:00:54,528 - INFO - 真阴性 (正确不推荐):  0
2026-02-10 16:00:54,528 - INFO - 
2026-02-10 16:00:54,528 - INFO - 精确率 (Precision): 45.00%
2026-02-10 16:00:54,528 - INFO - 召回率 (Recall):    100.00%
2026-02-10 16:00:54,528 - INFO - F1分数:             62.07%
2026-02-10 16:00:54,528 - INFO - 准确率 (Accuracy):  45.00%
2026-02-10 16:00:54,528 - INFO - ================================================================================
2026-02-10 16:00:54,528 - INFO - 
2026-02-10 16:00:54,528 - INFO - 🔍 进行逐支股票Gap分析...
2026-02-10 16:00:54,528 - INFO - 开始逐支股票Gap分析...
2026-02-10 16:00:54,528 - INFO - 找到推荐CSV: 20支股票
2026-02-10 16:00:54,704 - INFO - Gap分析完成:
2026-02-10 16:00:54,704 - INFO -   正确推荐 (TP): 9
2026-02-10 16:00:54,704 - INFO -   错误推荐 (FP): 11
2026-02-10 16:00:54,704 - INFO -   遗漏推荐 (FN): 0
2026-02-10 16:00:54,704 - INFO - ================================================================================
2026-02-10 16:00:54,704 - INFO - 📋 Gap分析结果
2026-02-10 16:00:54,704 - INFO - ================================================================================
2026-02-10 16:00:54,704 - INFO - 正确推荐 (TP): 9
2026-02-10 16:00:54,704 - INFO - 错误推荐 (FP): 11
2026-02-10 16:00:54,704 - INFO - 遗漏推荐 (FN): 0
2026-02-10 16:00:54,704 - INFO - 
2026-02-10 16:00:54,704 - INFO - ❌ 典型错误推荐案例:
2026-02-10 16:00:54,704 - INFO -   1. sh.600371
2026-02-10 16:00:54,704 - INFO -      特征: MACD=65, 成交量=1.34, 补充分=0
2026-02-10 16:00:54,705 - INFO -      诊断: 补充特征分0偏低，质量不高; MA60距离2.2%较大，可能涨幅过大
2026-02-10 16:00:54,705 - INFO -   2. sh.600199
2026-02-10 16:00:54,705 - INFO -      特征: MACD=65, 成交量=1.38, 补充分=0
2026-02-10 16:00:54,705 - INFO -      诊断: 补充特征分0偏低，质量不高; MA60距离4.2%较大，可能涨幅过大
2026-02-10 16:00:54,705 - INFO -   3. sz.301222
2026-02-10 16:00:54,705 - INFO -      特征: MACD=100, 成交量=8.79, 补充分=0
2026-02-10 16:00:54,705 - INFO -      诊断: 补充特征分0偏低，质量不高; MA60距离24.3%较大，可能涨幅过大
2026-02-10 16:00:54,705 - INFO -   ... 共11个错误推荐
2026-02-10 16:00:54,705 - INFO - 
2026-02-10 16:00:54,705 - INFO - ✅ 成功推荐案例特征分布:
2026-02-10 16:00:54,705 - ERROR - ❌ 执行失败: name 'np' is not defined
2026-02-10 16:00:54,706 - ERROR - Traceback (most recent call last):
  File "/Users/ellen_li/2026projects/my-skills/skills/stock_daily_recommendation/run_feedback_analysis.py", line 314, in <module>
    success = main()
  File "/Users/ellen_li/2026projects/my-skills/skills/stock_daily_recommendation/run_feedback_analysis.py", line 166, in main
    logger.info(f"  MACD评分: 均值={np.mean(macd_scores):.1f}, 中位数={np.median(macd_scores):.1f}")
                                    ^^
NameError: name 'np' is not defined

2026-02-10 16:01:04,654 - INFO - ================================================================================
2026-02-10 16:01:04,654 - INFO - 📊 增强版反馈分析工具
2026-02-10 16:01:04,654 - INFO - ================================================================================
2026-02-10 16:01:04,654 - INFO - 运行时间: 2026-02-10 16:01:04
2026-02-10 16:01:04,654 - INFO - 
2026-02-10 16:01:04,654 - INFO - 增强版反馈分析器已初始化
2026-02-10 16:01:04,654 - INFO -   数据目录: /Users/ellen_li/2026projects/my-skills/A股近10年日线数据
2026-02-10 16:01:04,654 - INFO -   学习率: 0.15
2026-02-10 16:01:04,654 - INFO - ✅ 找到反馈文件: tuning_feedback_20260210.csv
2026-02-10 16:01:04,654 - INFO - 📖 读取反馈数据...
2026-02-10 16:01:04,657 - INFO - 成功读取反馈文件: /Users/ellen_li/2026projects/my-skills/skills/stock_daily_recommendation/turning_feedback/tuning_feedback_20260210.csv
2026-02-10 16:01:04,657 - INFO - 反馈条目数: 20
2026-02-10 16:01:04,657 - INFO -    总反馈数: 20
2026-02-10 16:01:04,660 - INFO -    推荐买入: 9
2026-02-10 16:01:04,660 - INFO -    不应推荐: 11
2026-02-10 16:01:04,660 - INFO - 
2026-02-10 16:01:04,660 - INFO - 反馈日期: 20260210
2026-02-10 16:01:04,660 - INFO - 🎯 分析推荐准确性...
2026-02-10 16:01:04,663 - INFO - ================================================================================
2026-02-10 16:01:04,663 - INFO - 📊 准确性统计
2026-02-10 16:01:04,663 - INFO - ================================================================================
2026-02-10 16:01:04,663 - INFO - 真阳性 (正确推荐):    9
2026-02-10 16:01:04,663 - INFO - 假阳性 (错误推荐):    11
2026-02-10 16:01:04,663 - INFO - 假阴性 (遗漏推荐):    0
2026-02-10 16:01:04,663 - INFO - 真阴性 (正确不推荐):  0
2026-02-10 16:01:04,663 - INFO - 
2026-02-10 16:01:04,663 - INFO - 精确率 (Precision): 45.00%
2026-02-10 16:01:04,663 - INFO - 召回率 (Recall):    100.00%
2026-02-10 16:01:04,663 - INFO - F1分数:             62.07%
2026-02-10 16:01:04,663 - INFO - 准确率 (Accuracy):  45.00%
2026-02-10 16:01:04,663 - INFO - ================================================================================
2026-02-10 16:01:04,663 - INFO - 
2026-02-10 16:01:04,663 - INFO - 🔍 进行逐支股票Gap分析...
2026-02-10 16:01:04,663 - INFO - 开始逐支股票Gap分析...
2026-02-10 16:01:04,663 - INFO - 找到推荐CSV: 20支股票
2026-02-10 16:01:04,841 - INFO - Gap分析完成:
2026-02-10 16:01:04,841 - INFO -   正确推荐 (TP): 9
2026-02-10 16:01:04,841 - INFO -   错误推荐 (FP): 11
2026-02-10 16:01:04,841 - INFO -   遗漏推荐 (FN): 0
2026-02-10 16:01:04,841 - INFO - ================================================================================
2026-02-10 16:01:04,841 - INFO - 📋 Gap分析结果
2026-02-10 16:01:04,841 - INFO - ================================================================================
2026-02-10 16:01:04,841 - INFO - 正确推荐 (TP): 9
2026-02-10 16:01:04,841 - INFO - 错误推荐 (FP): 11
2026-02-10 16:01:04,841 - INFO - 遗漏推荐 (FN): 0
2026-02-10 16:01:04,841 - INFO - 
2026-02-10 16:01:04,841 - INFO - ❌ 典型错误推荐案例:
2026-02-10 16:01:04,841 - INFO -   1. sh.600371
2026-02-10 16:01:04,841 - INFO -      特征: MACD=65, 成交量=1.34, 补充分=0
2026-02-10 16:01:04,841 - INFO -      诊断: 补充特征分0偏低，质量不高; MA60距离2.2%较大，可能涨幅过大
2026-02-10 16:01:04,841 - INFO -   2. sh.600199
2026-02-10 16:01:04,841 - INFO -      特征: MACD=65, 成交量=1.38, 补充分=0
2026-02-10 16:01:04,841 - INFO -      诊断: 补充特征分0偏低，质量不高; MA60距离4.2%较大，可能涨幅过大
2026-02-10 16:01:04,841 - INFO -   3. sz.301222
2026-02-10 16:01:04,841 - INFO -      特征: MACD=100, 成交量=8.79, 补充分=0
2026-02-10 16:01:04,841 - INFO -      诊断: 补充特征分0偏低，质量不高; MA60距离24.3%较大，可能涨幅过大
2026-02-10 16:01:04,841 - INFO -   ... 共11个错误推荐
2026-02-10 16:01:04,841 - INFO - 
2026-02-10 16:01:04,841 - INFO - ✅ 成功推荐案例特征分布:
2026-02-10 16:01:04,842 - INFO -   MACD评分: 均值=39.4, 中位数=60.0
2026-02-10 16:01:04,842 - INFO -   成交量比率: 均值=1.73, 中位数=1.59
2026-02-10 16:01:04,842 - INFO - 
2026-02-10 16:01:04,842 - INFO - ================================================================================
2026-02-10 16:01:04,842 - INFO - 
2026-02-10 16:01:04,842 - INFO - 📊 分析特征模式...
2026-02-10 16:01:04,842 - INFO - 开始特征模式分析...
2026-02-10 16:01:04,843 - INFO - 特征模式分析完成
2026-02-10 16:01:04,843 - INFO - ================================================================================
2026-02-10 16:01:04,843 - INFO - 🎯 特征模式分析结果
2026-02-10 16:01:04,843 - INFO - ================================================================================
2026-02-10 16:01:04,843 - INFO - 📌 MACD_SCORE_THRESHOLD
2026-02-10 16:01:04,843 - INFO -    当前阈值: 50
2026-02-10 16:01:04,843 - INFO -    建议阈值: 50
2026-02-10 16:01:04,843 - INFO -    分析结果: MACD阈值表现良好
2026-02-10 16:01:04,843 - INFO - 
2026-02-10 16:01:04,843 - INFO - 📌 VOLUME_RATIO_THRESHOLD
2026-02-10 16:01:04,843 - INFO -    当前阈值: 2.0
2026-02-10 16:01:04,843 - INFO -    建议阈值: 2.0
2026-02-10 16:01:04,843 - INFO -    分析结果: 成交量阈值表现良好
2026-02-10 16:01:04,843 - INFO - 
2026-02-10 16:01:04,843 - INFO - 📌 MIN_ENHANCED_SCORE
2026-02-10 16:01:04,843 - INFO -    当前阈值: 25
2026-02-10 16:01:04,843 - INFO -    建议阈值: 30
2026-02-10 16:01:04,843 - INFO -    分析结果: 11个FP的补充特征分偏低，提高阈值
2026-02-10 16:01:04,843 - INFO - 
2026-02-10 16:01:04,843 - INFO - ================================================================================
2026-02-10 16:01:04,843 - INFO - 
2026-02-10 16:01:04,843 - INFO - 🔧 生成自适应调优建议...
2026-02-10 16:01:04,843 - INFO - 生成自适应调优建议（学习率: 0.15）...
2026-02-10 16:01:04,843 - INFO -   MACD_SCORE_THRESHOLD: 无需调整 (当前值: 50)
2026-02-10 16:01:04,843 - INFO -   VOLUME_RATIO_THRESHOLD: 无需调整 (当前值: 2.0)
2026-02-10 16:01:04,843 - INFO -   MIN_ENHANCED_SCORE: 25 → 26 (建议: 30)
2026-02-10 16:01:04,843 - INFO - ================================================================================
2026-02-10 16:01:04,843 - INFO - 💡 自适应调优建议
2026-02-10 16:01:04,843 - INFO - ================================================================================
2026-02-10 16:01:04,843 - INFO - 📌 MIN_ENHANCED_SCORE
2026-02-10 16:01:04,843 - INFO -    当前值: 25
2026-02-10 16:01:04,843 - INFO -    建议值: 30
2026-02-10 16:01:04,843 - INFO -    实际调整: 26 (学习率: 0.15)
2026-02-10 16:01:04,843 - INFO -    调整幅度: +1.00
2026-02-10 16:01:04,843 - INFO -    原因: 11个FP的补充特征分偏低，提高阈值
2026-02-10 16:01:04,843 - INFO -    预期影响: precision ↑, recall ↓
2026-02-10 16:01:04,843 - INFO -    置信度: 95%
2026-02-10 16:01:04,843 - INFO - 
2026-02-10 16:01:04,843 - INFO - ================================================================================
2026-02-10 16:01:04,844 - INFO - 
2026-02-10 16:01:04,844 - INFO - ✅ 应用调优参数...
2026-02-10 16:01:04,844 - INFO - 调优配置已保存至: tuning_config.json
2026-02-10 16:01:04,844 - INFO - 
2026-02-10 16:01:04,844 - INFO - 📈 记录改进历史...
2026-02-10 16:01:04,844 - INFO - 记录改进历史...
2026-02-10 16:01:04,844 - INFO - 改进历史已保存到: tuning_history.json
2026-02-10 16:01:04,844 - INFO - ================================================================================
2026-02-10 16:01:04,845 - INFO - 📊 改进总结
2026-02-10 16:01:04,845 - INFO - ================================================================================
2026-02-10 16:01:04,845 - INFO - 总调优次数: 2
2026-02-10 16:01:04,845 - INFO - 首次分析: 20260210
2026-02-10 16:01:04,845 - INFO - 最新分析: 20260210
2026-02-10 16:01:04,845 - INFO - 
2026-02-10 16:01:04,845 - INFO - 总体改进:
2026-02-10 16:01:04,845 - INFO -   precision: 0.00%
2026-02-10 16:01:04,845 - INFO -   recall: 0.00%
2026-02-10 16:01:04,845 - INFO -   f1_score: 0.00%
2026-02-10 16:01:04,845 - INFO - 
2026-02-10 16:01:04,845 - INFO - 最佳F1分数: 62.07% (日期: 20260210)
2026-02-10 16:01:04,845 - INFO - ================================================================================
2026-02-10 16:01:04,845 - INFO - 
2026-02-10 16:01:04,845 - INFO - ================================================================================
2026-02-10 16:01:04,845 - INFO - 🎉 增强版反馈分析完成！
2026-02-10 16:01:04,845 - INFO - ================================================================================
2026-02-10 16:01:04,845 - INFO - 📝 下次运行推荐工具时将自动使用新的参数配置
2026-02-10 16:01:04,845 - INFO - 📊 调优配置文件: tuning_config.json
2026-02-10 16:01:04,845 - INFO - 📈 改进历史文件: tuning_history.json
2026-02-10 16:01:04,845 - INFO - 🔄 如需恢复默认配置，删除 tuning_config.json 即可
2026-02-10 16:01:04,845 - INFO - ================================================================================
2026-02-10 16:59:20,308 - INFO - ================================================================================
2026-02-10 16:59:20,309 - INFO - 📊 增强版反馈分析工具
2026-02-10 16:59:20,309 - INFO - ================================================================================
2026-02-10 16:59:20,309 - INFO - 运行时间: 2026-02-10 16:59:20
2026-02-10 16:59:20,309 - INFO - 
2026-02-10 16:59:20,309 - INFO - 增强版反馈分析器已初始化
2026-02-10 16:59:20,309 - INFO -   数据目录: /Users/ellen_li/2026projects/my-skills/A股近10年日线数据
2026-02-10 16:59:20,309 - INFO -   学习率: 0.15
2026-02-10 16:59:20,309 - INFO - ✅ 找到反馈文件: tuning_feedback_20260210.csv
2026-02-10 16:59:20,309 - INFO - 📖 读取反馈数据...
2026-02-10 16:59:20,312 - INFO - 成功读取反馈文件: /Users/ellen_li/2026projects/my-skills/skills/stock_daily_recommendation/turning_feedback/tuning_feedback_20260210.csv
2026-02-10 16:59:20,312 - INFO - 反馈条目数: 20
2026-02-10 16:59:20,313 - INFO -    总反馈数: 20
2026-02-10 16:59:20,315 - INFO -    推荐买入: 20
2026-02-10 16:59:20,315 - INFO -    不应推荐: 0
2026-02-10 16:59:20,315 - INFO - 
2026-02-10 16:59:20,315 - INFO - 反馈日期: 20260210
2026-02-10 16:59:20,315 - INFO - 🎯 分析推荐准确性...
2026-02-10 16:59:20,317 - ERROR - ❌ 执行失败: 'stock'
2026-02-10 16:59:20,323 - ERROR - Traceback (most recent call last):
  File "/Users/ellen_li/2026projects/.venv/lib/python3.13/site-packages/pandas/core/indexes/base.py", line 3641, in get_loc
    return self._engine.get_loc(casted_key)
           ~~~~~~~~~~~~~~~~~~~~^^^^^^^^^^^^
  File "pandas/_libs/index.pyx", line 168, in pandas._libs.index.IndexEngine.get_loc
  File "pandas/_libs/index.pyx", line 197, in pandas._libs.index.IndexEngine.get_loc
  File "pandas/_libs/hashtable_class_helper.pxi", line 7668, in pandas._libs.hashtable.PyObjectHashTable.get_item
  File "pandas/_libs/hashtable_class_helper.pxi", line 7676, in pandas._libs.hashtable.PyObjectHashTable.get_item
KeyError: 'stock'

The above exception was the direct cause of the following exception:

Traceback (most recent call last):
  File "/Users/ellen_li/2026projects/my-skills/skills/stock_daily_recommendation/run_feedback_analysis.py", line 315, in <module>
    success = main()
  File "/Users/ellen_li/2026projects/my-skills/skills/stock_daily_recommendation/run_feedback_analysis.py", line 93, in main
    accuracy = analyzer.analyze_accuracy(feedback_df, date_str)
  File "/Users/ellen_li/2026projects/my-skills/skills/stock_daily_recommendation/feedback_analyzer.py", line 112, in analyze_accuracy
    feedback_df['was_recommended'] = feedback_df['stock'].apply(
                                     ~~~~~~~~~~~^^^^^^^^^
  File "/Users/ellen_li/2026projects/.venv/lib/python3.13/site-packages/pandas/core/frame.py", line 4378, in __getitem__
    indexer = self.columns.get_loc(key)
  File "/Users/ellen_li/2026projects/.venv/lib/python3.13/site-packages/pandas/core/indexes/base.py", line 3648, in get_loc
    raise KeyError(key) from err
KeyError: 'stock'

2026-02-10 17:01:01,906 - INFO - ================================================================================
2026-02-10 17:01:01,907 - INFO - 📊 增强版反馈分析工具
2026-02-10 17:01:01,907 - INFO - ================================================================================
2026-02-10 17:01:01,907 - INFO - 运行时间: 2026-02-10 17:01:01
2026-02-10 17:01:01,907 - INFO - 
2026-02-10 17:01:01,907 - INFO - 增强版反馈分析器已初始化
2026-02-10 17:01:01,907 - INFO -   数据目录: /Users/ellen_li/2026projects/my-skills/A股近10年日线数据
2026-02-10 17:01:01,907 - INFO -   学习率: 0.15
2026-02-10 17:01:01,907 - INFO - ✅ 找到反馈文件: tuning_feedback_20260210.csv
2026-02-10 17:01:01,907 - INFO - 📖 读取反馈数据...
2026-02-10 17:01:01,911 - INFO - 成功读取反馈文件: /Users/ellen_li/2026projects/my-skills/skills/stock_daily_recommendation/turning_feedback/tuning_feedback_20260210.csv
2026-02-10 17:01:01,911 - INFO - 反馈条目数: 20
2026-02-10 17:01:01,911 - INFO -    总反馈数: 20
2026-02-10 17:01:01,912 - INFO -    推荐买入: 20
2026-02-10 17:01:01,912 - INFO -    不应推荐: 0
2026-02-10 17:01:01,912 - INFO - 
2026-02-10 17:01:01,912 - INFO - 反馈日期: 20260210
2026-02-10 17:01:01,912 - INFO - 🎯 分析推荐准确性...
2026-02-10 17:01:01,915 - INFO - ================================================================================
2026-02-10 17:01:01,915 - INFO - 📊 准确性统计
2026-02-10 17:01:01,915 - INFO - ================================================================================
2026-02-10 17:01:01,915 - INFO - 真阳性 (正确推荐):    0
2026-02-10 17:01:01,915 - INFO - 假阳性 (错误推荐):    0
2026-02-10 17:01:01,915 - INFO - 假阴性 (遗漏推荐):    20
2026-02-10 17:01:01,915 - INFO - 真阴性 (正确不推荐):  0
2026-02-10 17:01:01,915 - INFO - 
2026-02-10 17:01:01,915 - INFO - 精确率 (Precision): 0.00%
2026-02-10 17:01:01,915 - INFO - 召回率 (Recall):    0.00%
2026-02-10 17:01:01,915 - INFO - F1分数:             0.00%
2026-02-10 17:01:01,915 - INFO - 准确率 (Accuracy):  0.00%
2026-02-10 17:01:01,915 - INFO - ================================================================================
2026-02-10 17:01:01,915 - INFO - 
2026-02-10 17:01:01,915 - INFO - 🔍 进行逐支股票Gap分析...
2026-02-10 17:01:01,915 - INFO - 开始逐支股票Gap分析...
2026-02-10 17:01:01,916 - INFO - 找到推荐CSV: 20支股票
2026-02-10 17:01:01,921 - WARNING - 未找到股票数据: sh.600371， (pattern: /Users/ellen_li/2026projects/my-skills/A股近10年日线数据/*.600371，*.csv)
2026-02-10 17:01:01,921 - WARNING - 无法计算特征: sh.600371， @ not recommended #价格已经上涨过高，没有很好的买入机会，另外，成交量已经被透支，上涨力量不足。如果一开始放量时，力量比较足一些。
2026-02-10 17:01:01,925 - WARNING - 未找到股票数据: sh.600199， (pattern: /Users/ellen_li/2026projects/my-skills/A股近10年日线数据/*.600199，*.csv)
2026-02-10 17:01:01,926 - WARNING - 无法计算特征: sh.600199， @ not recommended #价格已经上涨过高，没有很好的买入机会，而且，在此之前突然放量，价格上涨过快，机会不易把握
2026-02-10 17:01:01,930 - WARNING - 未找到股票数据: sz.301222， (pattern: /Users/ellen_li/2026projects/my-skills/A股近10年日线数据/*.301222，*.csv)
2026-02-10 17:01:01,930 - WARNING - 无法计算特征: sz.301222， @ not recommended #原本推荐的2月6日买入时点，价格已经上涨过高，没有很好的买入机会。在此之前，也没有合适的买入机会
2026-02-10 17:01:01,935 - WARNING - 未找到股票数据: sh.603826， (pattern: /Users/ellen_li/2026projects/my-skills/A股近10年日线数据/*.603826，*.csv)
2026-02-10 17:01:01,935 - WARNING - 无法计算特征: sh.603826， @ not recommended #原本推荐的2月9日价格已经过高，没有很好的买入机会。在此之前，上涨速度过快，也没有合适的买入机会
2026-02-10 17:01:01,940 - WARNING - 未找到股票数据: sh.603317， (pattern: /Users/ellen_li/2026projects/my-skills/A股近10年日线数据/*.603317，*.csv)
2026-02-10 17:01:01,940 - WARNING - 无法计算特征: sh.603317， @ not recommended #价格已经上涨过高，最低价早早的突破了MA20，再买入风险较高。
2026-02-10 17:01:01,945 - WARNING - 未找到股票数据: sz.000998， (pattern: /Users/ellen_li/2026projects/my-skills/A股近10年日线数据/*.000998，*.csv)
2026-02-10 17:01:01,945 - WARNING - 无法计算特征: sz.000998， @ 20260128 #0128刚刚放量，最低价未突破MA20,假如买入的话，可以安全持有一天，获得稳定安全的收益
2026-02-10 17:01:01,950 - WARNING - 未找到股票数据: sz.002644， (pattern: /Users/ellen_li/2026projects/my-skills/A股近10年日线数据/*.002644，*.csv)
2026-02-10 17:01:01,950 - WARNING - 无法计算特征: sz.002644， @ 20260202 #0202刚刚放量，最低价未突破MA20,假如买入的话，可以安全持有一天，获得稳定安全的收益
2026-02-10 17:01:01,954 - WARNING - 未找到股票数据: sz.301036， (pattern: /Users/ellen_li/2026projects/my-skills/A股近10年日线数据/*.301036，*.csv)
2026-02-10 17:01:01,954 - WARNING - 无法计算特征: sz.301036， @ 20260204 #204刚刚放量，最低价未突破MA20,假如买入的话，可以安全持有2天，获得稳定安全的收益
2026-02-10 17:01:01,959 - WARNING - 未找到股票数据: sz.000822， (pattern: /Users/ellen_li/2026projects/my-skills/A股近10年日线数据/*.000822，*.csv)
2026-02-10 17:01:01,959 - WARNING - 无法计算特征: sz.000822， @ 20260204 #0204是放量后的收涨，而且，价格都低于MA线，买入获利空间较大，而且风险较小。
2026-02-10 17:01:01,964 - WARNING - 未找到股票数据: sz.002137， (pattern: /Users/ellen_li/2026projects/my-skills/A股近10年日线数据/*.002137，*.csv)
2026-02-10 17:01:01,964 - WARNING - 无法计算特征: sz.002137， @ 20260127 #0127刚刚放量，最低价未突破MA20,假如买入的话，可以安全持有一天，获得稳定安全的收益
2026-02-10 17:01:01,968 - WARNING - 未找到股票数据: sz.000056， (pattern: /Users/ellen_li/2026projects/my-skills/A股近10年日线数据/*.000056，*.csv)
2026-02-10 17:01:01,968 - WARNING - 无法计算特征: sz.000056， @ 20260204 #0204是放量后的收涨，而且，价格都低于MA线，买入获利空间较大，而且风险较小。
2026-02-10 17:01:01,973 - WARNING - 未找到股票数据: sz.002880， (pattern: /Users/ellen_li/2026projects/my-skills/A股近10年日线数据/*.002880，*.csv)
2026-02-10 17:01:01,973 - WARNING - 无法计算特征: sz.002880， @ not recommended #成交量扩大时，价格已经都高于MA线，买入风险较大
2026-02-10 17:01:01,978 - WARNING - 未找到股票数据: sz.002441， (pattern: /Users/ellen_li/2026projects/my-skills/A股近10年日线数据/*.002441，*.csv)
2026-02-10 17:01:01,978 - WARNING - 无法计算特征: sz.002441， @ not recommended #成交量扩大时，价格已经都高于MA线，买入风险较大
2026-02-10 17:01:01,983 - WARNING - 未找到股票数据: sh.603848， (pattern: /Users/ellen_li/2026projects/my-skills/A股近10年日线数据/*.603848，*.csv)
2026-02-10 17:01:01,983 - WARNING - 无法计算特征: sh.603848， @ 20260129 #0129刚刚放量，最低价未突破MA20,假如买入的话，可以安全持有2天，获得稳定安全的收益
2026-02-10 17:01:01,988 - WARNING - 未找到股票数据: sz.301210， (pattern: /Users/ellen_li/2026projects/my-skills/A股近10年日线数据/*.301210，*.csv)
2026-02-10 17:01:01,988 - WARNING - 无法计算特征: sz.301210， @ not recommended #成交量扩大时，价格已经都高于MA线，买入风险较大
2026-02-10 17:01:01,993 - WARNING - 未找到股票数据: sh.600072， (pattern: /Users/ellen_li/2026projects/my-skills/A股近10年日线数据/*.600072，*.csv)
2026-02-10 17:01:01,993 - WARNING - 无法计算特征: sh.600072， @ 20260202 #0202刚刚放量，最低价未突破MA20,假如买入的话，可以安全持有一天，获得稳定安全的收益
2026-02-10 17:01:01,998 - WARNING - 未找到股票数据: sh.600684， (pattern: /Users/ellen_li/2026projects/my-skills/A股近10年日线数据/*.600684，*.csv)
2026-02-10 17:01:01,998 - WARNING - 无法计算特征: sh.600684， @ not recommended #虽然符合MACD上涨趋势，成交量扩大，最低价格未超过MA线，但是唯一适合买入的时间是0129，当天涨停，价格已经过高，没有很好的买入机会
2026-02-10 17:01:02,003 - WARNING - 未找到股票数据: sz.000999， (pattern: /Users/ellen_li/2026projects/my-skills/A股近10年日线数据/*.000999，*.csv)
2026-02-10 17:01:02,003 - WARNING - 无法计算特征: sz.000999， @ 20260205 #0205刚刚放量，最低价未突破MA20,假如买入的话，可以安全持有一天，获得稳定安全的收益
2026-02-10 17:01:02,008 - WARNING - 未找到股票数据: sz.300985， (pattern: /Users/ellen_li/2026projects/my-skills/A股近10年日线数据/*.300985，*.csv)
2026-02-10 17:01:02,008 - WARNING - 无法计算特征: sz.300985， @ not recommended #虽然符合MACD上涨趋势，成交量扩大，最低价格未超过MA线，但是唯一适合买入的时间是0204，当天涨停，价格已经过高，没有很好的买入机会
2026-02-10 17:01:02,013 - WARNING - 未找到股票数据: sz.000719， (pattern: /Users/ellen_li/2026projects/my-skills/A股近10年日线数据/*.000719，*.csv)
2026-02-10 17:01:02,013 - WARNING - 无法计算特征: sz.000719， @ not recommended #唯一相对比较适合的买入点是0106，（MACD上升趋势，放量）但是最低价格也已经超过MA线。买入风险较大。
2026-02-10 17:01:02,013 - INFO - Gap分析完成:
2026-02-10 17:01:02,013 - INFO -   正确推荐 (TP): 0
2026-02-10 17:01:02,013 - INFO -   错误推荐 (FP): 0
2026-02-10 17:01:02,013 - INFO -   遗漏推荐 (FN): 0
2026-02-10 17:01:02,013 - INFO - ================================================================================
2026-02-10 17:01:02,013 - INFO - 📋 Gap分析结果
2026-02-10 17:01:02,013 - INFO - ================================================================================
2026-02-10 17:01:02,013 - INFO - 正确推荐 (TP): 0
2026-02-10 17:01:02,013 - INFO - 错误推荐 (FP): 0
2026-02-10 17:01:02,013 - INFO - 遗漏推荐 (FN): 0
2026-02-10 17:01:02,013 - INFO - 
2026-02-10 17:01:02,013 - INFO - ================================================================================
2026-02-10 17:01:02,013 - INFO - 
2026-02-10 17:01:02,013 - INFO - 📊 分析特征模式...
2026-02-10 17:01:02,013 - INFO - 开始特征模式分析...
2026-02-10 17:01:02,013 - INFO - 特征模式分析完成
2026-02-10 17:01:02,013 - INFO - ================================================================================
2026-02-10 17:01:02,013 - INFO - 🎯 特征模式分析结果
2026-02-10 17:01:02,013 - INFO - ================================================================================
2026-02-10 17:01:02,013 - INFO - 📌 MACD_SCORE_THRESHOLD
2026-02-10 17:01:02,013 - INFO -    当前阈值: 50
2026-02-10 17:01:02,013 - INFO -    建议阈值: 50
2026-02-10 17:01:02,013 - INFO -    分析结果: MACD阈值表现良好
2026-02-10 17:01:02,013 - INFO - 
2026-02-10 17:01:02,013 - INFO - 📌 VOLUME_RATIO_THRESHOLD
2026-02-10 17:01:02,013 - INFO -    当前阈值: 2.0
2026-02-10 17:01:02,013 - INFO -    建议阈值: 2.0
2026-02-10 17:01:02,013 - INFO -    分析结果: 成交量阈值表现良好
2026-02-10 17:01:02,013 - INFO - 
2026-02-10 17:01:02,013 - INFO - 📌 MIN_ENHANCED_SCORE
2026-02-10 17:01:02,013 - INFO -    当前阈值: 26
2026-02-10 17:01:02,013 - INFO -    建议阈值: 26
2026-02-10 17:01:02,013 - INFO -    分析结果: 补充特征分阈值表现良好
2026-02-10 17:01:02,014 - INFO - 
2026-02-10 17:01:02,014 - INFO - ================================================================================
2026-02-10 17:01:02,014 - INFO - 
2026-02-10 17:01:02,014 - INFO - 🔧 生成自适应调优建议...
2026-02-10 17:01:02,014 - INFO - 生成自适应调优建议（学习率: 0.15）...
2026-02-10 17:01:02,014 - INFO -   MACD_SCORE_THRESHOLD: 无需调整 (当前值: 50)
2026-02-10 17:01:02,014 - INFO -   VOLUME_RATIO_THRESHOLD: 无需调整 (当前值: 2.0)
2026-02-10 17:01:02,014 - INFO -   MIN_ENHANCED_SCORE: 无需调整 (当前值: 26)
2026-02-10 17:01:02,014 - INFO - ================================================================================
2026-02-10 17:01:02,014 - INFO - 💡 自适应调优建议
2026-02-10 17:01:02,014 - INFO - ================================================================================
2026-02-10 17:01:02,014 - INFO - 当前参数表现良好，无需调整
2026-02-10 17:01:02,014 - INFO - ================================================================================
2026-02-10 17:01:02,014 - INFO - 
2026-02-10 17:01:02,014 - INFO - 无需生成调优配置
2026-02-10 17:01:02,014 - INFO - 
2026-02-10 17:01:02,014 - INFO - 📈 记录改进历史...
2026-02-10 17:01:02,014 - INFO - 记录改进历史...
2026-02-10 17:01:02,014 - INFO - 改进历史已保存到: tuning_history.json
2026-02-10 17:01:02,015 - INFO - ================================================================================
2026-02-10 17:01:02,015 - INFO - 📊 改进总结
2026-02-10 17:01:02,015 - INFO - ================================================================================
2026-02-10 17:01:02,015 - INFO - 总调优次数: 3
2026-02-10 17:01:02,015 - INFO - 首次分析: 20260210
2026-02-10 17:01:02,015 - INFO - 最新分析: 20260210
2026-02-10 17:01:02,015 - INFO - 
2026-02-10 17:01:02,015 - INFO - 总体改进:
2026-02-10 17:01:02,015 - INFO -   precision: -45.00%
2026-02-10 17:01:02,015 - INFO -   recall: -100.00%
2026-02-10 17:01:02,015 - INFO -   f1_score: -62.07%
2026-02-10 17:01:02,015 - INFO - 
2026-02-10 17:01:02,015 - INFO - 最佳F1分数: 62.07% (日期: 20260210)
2026-02-10 17:01:02,015 - INFO - ================================================================================
2026-02-10 17:01:02,015 - INFO - 
2026-02-10 17:01:02,015 - INFO - ================================================================================
2026-02-10 17:01:02,015 - INFO - 🎉 增强版反馈分析完成！
2026-02-10 17:01:02,015 - INFO - ================================================================================
2026-02-10 17:01:02,015 - INFO - 📝 下次运行推荐工具时将自动使用新的参数配置
2026-02-10 17:01:02,015 - INFO - 📊 调优配置文件: tuning_config.json
2026-02-10 17:01:02,015 - INFO - 📈 改进历史文件: tuning_history.json
2026-02-10 17:01:02,015 - INFO - 🔄 如需恢复默认配置，删除 tuning_config.json 即可
2026-02-10 17:01:02,015 - INFO - ================================================================================
2026-02-10 17:01:13,405 - INFO - ================================================================================
2026-02-10 17:01:13,405 - INFO - 📊 增强版反馈分析工具
2026-02-10 17:01:13,405 - INFO - ================================================================================
2026-02-10 17:01:13,405 - INFO - 运行时间: 2026-02-10 17:01:13
2026-02-10 17:01:13,405 - INFO - 
2026-02-10 17:01:13,405 - INFO - 增强版反馈分析器已初始化
2026-02-10 17:01:13,405 - INFO -   数据目录: /Users/ellen_li/2026projects/my-skills/A股近10年日线数据
2026-02-10 17:01:13,405 - INFO -   学习率: 0.15
2026-02-10 17:01:13,405 - INFO - ✅ 找到反馈文件: tuning_feedback_20260210.csv
2026-02-10 17:01:13,405 - INFO - 📖 读取反馈数据...
2026-02-10 17:01:13,407 - INFO - 成功读取反馈文件: /Users/ellen_li/2026projects/my-skills/skills/stock_daily_recommendation/turning_feedback/tuning_feedback_20260210.csv
2026-02-10 17:01:13,407 - INFO - 反馈条目数: 20
2026-02-10 17:01:13,407 - INFO -    总反馈数: 20
2026-02-10 17:01:13,407 - INFO -    推荐买入: 20
2026-02-10 17:01:13,407 - INFO -    不应推荐: 0
2026-02-10 17:01:13,407 - INFO - 
2026-02-10 17:01:13,407 - INFO - 反馈日期: 20260210
2026-02-10 17:01:13,407 - INFO - 🎯 分析推荐准确性...
2026-02-10 17:01:13,409 - INFO - ================================================================================
2026-02-10 17:01:13,409 - INFO - 📊 准确性统计
2026-02-10 17:01:13,409 - INFO - ================================================================================
2026-02-10 17:01:13,409 - INFO - 真阳性 (正确推荐):    0
2026-02-10 17:01:13,409 - INFO - 假阳性 (错误推荐):    0
2026-02-10 17:01:13,409 - INFO - 假阴性 (遗漏推荐):    20
2026-02-10 17:01:13,409 - INFO - 真阴性 (正确不推荐):  0
2026-02-10 17:01:13,409 - INFO - 
2026-02-10 17:01:13,409 - INFO - 精确率 (Precision): 0.00%
2026-02-10 17:01:13,409 - INFO - 召回率 (Recall):    0.00%
2026-02-10 17:01:13,409 - INFO - F1分数:             0.00%
2026-02-10 17:01:13,409 - INFO - 准确率 (Accuracy):  0.00%
2026-02-10 17:01:13,409 - INFO - ================================================================================
2026-02-10 17:01:13,409 - INFO - 
2026-02-10 17:01:13,409 - INFO - 🔍 进行逐支股票Gap分析...
2026-02-10 17:01:13,409 - INFO - 开始逐支股票Gap分析...
2026-02-10 17:01:13,410 - INFO - 找到推荐CSV: 20支股票
2026-02-10 17:01:13,415 - WARNING - 未找到股票数据: sh.600371， (pattern: /Users/ellen_li/2026projects/my-skills/A股近10年日线数据/*.600371，*.csv)
2026-02-10 17:01:13,415 - WARNING - 无法计算特征: sh.600371， @ not recommended #价格已经上涨过高，没有很好的买入机会，另外，成交量已经被透支，上涨力量不足。如果一开始放量时，力量比较足一些。
2026-02-10 17:01:13,420 - WARNING - 未找到股票数据: sh.600199， (pattern: /Users/ellen_li/2026projects/my-skills/A股近10年日线数据/*.600199，*.csv)
2026-02-10 17:01:13,420 - WARNING - 无法计算特征: sh.600199， @ not recommended #价格已经上涨过高，没有很好的买入机会，而且，在此之前突然放量，价格上涨过快，机会不易把握
2026-02-10 17:01:13,424 - WARNING - 未找到股票数据: sz.301222， (pattern: /Users/ellen_li/2026projects/my-skills/A股近10年日线数据/*.301222，*.csv)
2026-02-10 17:01:13,424 - WARNING - 无法计算特征: sz.301222， @ not recommended #原本推荐的2月6日买入时点，价格已经上涨过高，没有很好的买入机会。在此之前，也没有合适的买入机会
2026-02-10 17:01:13,429 - WARNING - 未找到股票数据: sh.603826， (pattern: /Users/ellen_li/2026projects/my-skills/A股近10年日线数据/*.603826，*.csv)
2026-02-10 17:01:13,429 - WARNING - 无法计算特征: sh.603826， @ not recommended #原本推荐的2月9日价格已经过高，没有很好的买入机会。在此之前，上涨速度过快，也没有合适的买入机会
2026-02-10 17:01:13,434 - WARNING - 未找到股票数据: sh.603317， (pattern: /Users/ellen_li/2026projects/my-skills/A股近10年日线数据/*.603317，*.csv)
2026-02-10 17:01:13,434 - WARNING - 无法计算特征: sh.603317， @ not recommended #价格已经上涨过高，最低价早早的突破了MA20，再买入风险较高。
2026-02-10 17:01:13,438 - WARNING - 未找到股票数据: sz.000998， (pattern: /Users/ellen_li/2026projects/my-skills/A股近10年日线数据/*.000998，*.csv)
2026-02-10 17:01:13,438 - WARNING - 无法计算特征: sz.000998， @ 20260128 #0128刚刚放量，最低价未突破MA20,假如买入的话，可以安全持有一天，获得稳定安全的收益
2026-02-10 17:01:13,443 - WARNING - 未找到股票数据: sz.002644， (pattern: /Users/ellen_li/2026projects/my-skills/A股近10年日线数据/*.002644，*.csv)
2026-02-10 17:01:13,443 - WARNING - 无法计算特征: sz.002644， @ 20260202 #0202刚刚放量，最低价未突破MA20,假如买入的话，可以安全持有一天，获得稳定安全的收益
2026-02-10 17:01:13,448 - WARNING - 未找到股票数据: sz.301036， (pattern: /Users/ellen_li/2026projects/my-skills/A股近10年日线数据/*.301036，*.csv)
2026-02-10 17:01:13,448 - WARNING - 无法计算特征: sz.301036， @ 20260204 #204刚刚放量，最低价未突破MA20,假如买入的话，可以安全持有2天，获得稳定安全的收益
2026-02-10 17:01:13,452 - WARNING - 未找到股票数据: sz.000822， (pattern: /Users/ellen_li/2026projects/my-skills/A股近10年日线数据/*.000822，*.csv)
2026-02-10 17:01:13,452 - WARNING - 无法计算特征: sz.000822， @ 20260204 #0204是放量后的收涨，而且，价格都低于MA线，买入获利空间较大，而且风险较小。
2026-02-10 17:01:13,457 - WARNING - 未找到股票数据: sz.002137， (pattern: /Users/ellen_li/2026projects/my-skills/A股近10年日线数据/*.002137，*.csv)
2026-02-10 17:01:13,457 - WARNING - 无法计算特征: sz.002137， @ 20260127 #0127刚刚放量，最低价未突破MA20,假如买入的话，可以安全持有一天，获得稳定安全的收益
2026-02-10 17:01:13,461 - WARNING - 未找到股票数据: sz.000056， (pattern: /Users/ellen_li/2026projects/my-skills/A股近10年日线数据/*.000056，*.csv)
2026-02-10 17:01:13,461 - WARNING - 无法计算特征: sz.000056， @ 20260204 #0204是放量后的收涨，而且，价格都低于MA线，买入获利空间较大，而且风险较小。
2026-02-10 17:01:13,466 - WARNING - 未找到股票数据: sz.002880， (pattern: /Users/ellen_li/2026projects/my-skills/A股近10年日线数据/*.002880，*.csv)
2026-02-10 17:01:13,466 - WARNING - 无法计算特征: sz.002880， @ not recommended #成交量扩大时，价格已经都高于MA线，买入风险较大
2026-02-10 17:01:13,471 - WARNING - 未找到股票数据: sz.002441， (pattern: /Users/ellen_li/2026projects/my-skills/A股近10年日线数据/*.002441，*.csv)
2026-02-10 17:01:13,471 - WARNING - 无法计算特征: sz.002441， @ not recommended #成交量扩大时，价格已经都高于MA线，买入风险较大
2026-02-10 17:01:13,475 - WARNING - 未找到股票数据: sh.603848， (pattern: /Users/ellen_li/2026projects/my-skills/A股近10年日线数据/*.603848，*.csv)
2026-02-10 17:01:13,475 - WARNING - 无法计算特征: sh.603848， @ 20260129 #0129刚刚放量，最低价未突破MA20,假如买入的话，可以安全持有2天，获得稳定安全的收益
2026-02-10 17:01:13,480 - WARNING - 未找到股票数据: sz.301210， (pattern: /Users/ellen_li/2026projects/my-skills/A股近10年日线数据/*.301210，*.csv)
2026-02-10 17:01:13,480 - WARNING - 无法计算特征: sz.301210， @ not recommended #成交量扩大时，价格已经都高于MA线，买入风险较大
2026-02-10 17:01:13,485 - WARNING - 未找到股票数据: sh.600072， (pattern: /Users/ellen_li/2026projects/my-skills/A股近10年日线数据/*.600072，*.csv)
2026-02-10 17:01:13,485 - WARNING - 无法计算特征: sh.600072， @ 20260202 #0202刚刚放量，最低价未突破MA20,假如买入的话，可以安全持有一天，获得稳定安全的收益
2026-02-10 17:01:13,490 - WARNING - 未找到股票数据: sh.600684， (pattern: /Users/ellen_li/2026projects/my-skills/A股近10年日线数据/*.600684，*.csv)
2026-02-10 17:01:13,490 - WARNING - 无法计算特征: sh.600684， @ not recommended #虽然符合MACD上涨趋势，成交量扩大，最低价格未超过MA线，但是唯一适合买入的时间是0129，当天涨停，价格已经过高，没有很好的买入机会
2026-02-10 17:01:13,494 - WARNING - 未找到股票数据: sz.000999， (pattern: /Users/ellen_li/2026projects/my-skills/A股近10年日线数据/*.000999，*.csv)
2026-02-10 17:01:13,494 - WARNING - 无法计算特征: sz.000999， @ 20260205 #0205刚刚放量，最低价未突破MA20,假如买入的话，可以安全持有一天，获得稳定安全的收益
2026-02-10 17:01:13,499 - WARNING - 未找到股票数据: sz.300985， (pattern: /Users/ellen_li/2026projects/my-skills/A股近10年日线数据/*.300985，*.csv)
2026-02-10 17:01:13,499 - WARNING - 无法计算特征: sz.300985， @ not recommended #虽然符合MACD上涨趋势，成交量扩大，最低价格未超过MA线，但是唯一适合买入的时间是0204，当天涨停，价格已经过高，没有很好的买入机会
2026-02-10 17:01:13,504 - WARNING - 未找到股票数据: sz.000719， (pattern: /Users/ellen_li/2026projects/my-skills/A股近10年日线数据/*.000719，*.csv)
2026-02-10 17:01:13,504 - WARNING - 无法计算特征: sz.000719， @ not recommended #唯一相对比较适合的买入点是0106，（MACD上升趋势，放量）但是最低价格也已经超过MA线。买入风险较大。
2026-02-10 17:01:13,504 - INFO - Gap分析完成:
2026-02-10 17:01:13,504 - INFO -   正确推荐 (TP): 0
2026-02-10 17:01:13,504 - INFO -   错误推荐 (FP): 0
2026-02-10 17:01:13,504 - INFO -   遗漏推荐 (FN): 0
2026-02-10 17:01:13,504 - INFO - ================================================================================
2026-02-10 17:01:13,504 - INFO - 📋 Gap分析结果
2026-02-10 17:01:13,504 - INFO - ================================================================================
2026-02-10 17:01:13,504 - INFO - 正确推荐 (TP): 0
2026-02-10 17:01:13,504 - INFO - 错误推荐 (FP): 0
2026-02-10 17:01:13,504 - INFO - 遗漏推荐 (FN): 0
2026-02-10 17:01:13,504 - INFO - 
2026-02-10 17:01:13,504 - INFO - ================================================================================
2026-02-10 17:01:13,504 - INFO - 
2026-02-10 17:01:13,504 - INFO - 📊 分析特征模式...
2026-02-10 17:01:13,504 - INFO - 开始特征模式分析...
2026-02-10 17:01:13,504 - INFO - 特征模式分析完成
2026-02-10 17:01:13,504 - INFO - ================================================================================
2026-02-10 17:01:13,504 - INFO - 🎯 特征模式分析结果
2026-02-10 17:01:13,504 - INFO - ================================================================================
2026-02-10 17:01:13,504 - INFO - 📌 MACD_SCORE_THRESHOLD
2026-02-10 17:01:13,504 - INFO -    当前阈值: 50
2026-02-10 17:01:13,504 - INFO -    建议阈值: 50
2026-02-10 17:01:13,504 - INFO -    分析结果: MACD阈值表现良好
2026-02-10 17:01:13,504 - INFO - 
2026-02-10 17:01:13,504 - INFO - 📌 VOLUME_RATIO_THRESHOLD
2026-02-10 17:01:13,504 - INFO -    当前阈值: 2.0
2026-02-10 17:01:13,504 - INFO -    建议阈值: 2.0
2026-02-10 17:01:13,504 - INFO -    分析结果: 成交量阈值表现良好
2026-02-10 17:01:13,504 - INFO - 
2026-02-10 17:01:13,504 - INFO - 📌 MIN_ENHANCED_SCORE
2026-02-10 17:01:13,504 - INFO -    当前阈值: 26
2026-02-10 17:01:13,504 - INFO -    建议阈值: 26
2026-02-10 17:01:13,504 - INFO -    分析结果: 补充特征分阈值表现良好
2026-02-10 17:01:13,504 - INFO - 
2026-02-10 17:01:13,504 - INFO - ================================================================================
2026-02-10 17:01:13,505 - INFO - 
2026-02-10 17:01:13,505 - INFO - 🔧 生成自适应调优建议...
2026-02-10 17:01:13,505 - INFO - 生成自适应调优建议（学习率: 0.15）...
2026-02-10 17:01:13,505 - INFO -   MACD_SCORE_THRESHOLD: 无需调整 (当前值: 50)
2026-02-10 17:01:13,505 - INFO -   VOLUME_RATIO_THRESHOLD: 无需调整 (当前值: 2.0)
2026-02-10 17:01:13,505 - INFO -   MIN_ENHANCED_SCORE: 无需调整 (当前值: 26)
2026-02-10 17:01:13,505 - INFO - ================================================================================
2026-02-10 17:01:13,505 - INFO - 💡 自适应调优建议
2026-02-10 17:01:13,505 - INFO - ================================================================================
2026-02-10 17:01:13,505 - INFO - 当前参数表现良好，无需调整
2026-02-10 17:01:13,505 - INFO - ================================================================================
2026-02-10 17:01:13,505 - INFO - 
2026-02-10 17:01:13,505 - INFO - 无需生成调优配置
2026-02-10 17:01:13,505 - INFO - 
2026-02-10 17:01:13,505 - INFO - 📈 记录改进历史...
2026-02-10 17:01:13,505 - INFO - 记录改进历史...
2026-02-10 17:01:13,505 - INFO - 改进历史已保存到: tuning_history.json
2026-02-10 17:01:13,505 - INFO - ================================================================================
2026-02-10 17:01:13,505 - INFO - 📊 改进总结
2026-02-10 17:01:13,505 - INFO - ================================================================================
2026-02-10 17:01:13,505 - INFO - 总调优次数: 4
2026-02-10 17:01:13,505 - INFO - 首次分析: 20260210
2026-02-10 17:01:13,505 - INFO - 最新分析: 20260210
2026-02-10 17:01:13,506 - INFO - 
2026-02-10 17:01:13,506 - INFO - 总体改进:
2026-02-10 17:01:13,506 - INFO -   precision: -45.00%
2026-02-10 17:01:13,506 - INFO -   recall: -100.00%
2026-02-10 17:01:13,506 - INFO -   f1_score: -62.07%
2026-02-10 17:01:13,506 - INFO - 
2026-02-10 17:01:13,506 - INFO - 最佳F1分数: 62.07% (日期: 20260210)
2026-02-10 17:01:13,506 - INFO - ================================================================================
2026-02-10 17:01:13,506 - INFO - 
2026-02-10 17:01:13,506 - INFO - ================================================================================
2026-02-10 17:01:13,506 - INFO - 🎉 增强版反馈分析完成！
2026-02-10 17:01:13,506 - INFO - ================================================================================
2026-02-10 17:01:13,506 - INFO - 📝 下次运行推荐工具时将自动使用新的参数配置
2026-02-10 17:01:13,506 - INFO - 📊 调优配置文件: tuning_config.json
2026-02-10 17:01:13,506 - INFO - 📈 改进历史文件: tuning_history.json
2026-02-10 17:01:13,506 - INFO - 🔄 如需恢复默认配置，删除 tuning_config.json 即可
2026-02-10 17:01:13,506 - INFO - ================================================================================
2026-02-10 17:04:16,161 - INFO - ================================================================================
2026-02-10 17:04:16,161 - INFO - 📊 增强版反馈分析工具
2026-02-10 17:04:16,161 - INFO - ================================================================================
2026-02-10 17:04:16,161 - INFO - 运行时间: 2026-02-10 17:04:16
2026-02-10 17:04:16,161 - INFO - 
2026-02-10 17:04:16,161 - INFO - 增强版反馈分析器已初始化
2026-02-10 17:04:16,161 - INFO -   数据目录: /Users/ellen_li/2026projects/my-skills/A股近10年日线数据
2026-02-10 17:04:16,161 - INFO -   学习率: 0.15
2026-02-10 17:04:16,161 - INFO - ✅ 找到反馈文件: tuning_feedback_20260210.csv
2026-02-10 17:04:16,161 - INFO - 📖 读取反馈数据...
2026-02-10 17:04:16,166 - INFO - 成功读取反馈文件: /Users/ellen_li/2026projects/my-skills/skills/stock_daily_recommendation/turning_feedback/tuning_feedback_20260210.csv
2026-02-10 17:04:16,166 - INFO - 反馈条目数: 20
2026-02-10 17:04:16,166 - INFO -    总反馈数: 20
2026-02-10 17:04:16,167 - INFO -    推荐买入: 9
2026-02-10 17:04:16,167 - INFO -    不应推荐: 11
2026-02-10 17:04:16,167 - INFO - 
2026-02-10 17:04:16,167 - INFO - 反馈日期: 20260210
2026-02-10 17:04:16,167 - INFO - 🎯 分析推荐准确性...
2026-02-10 17:04:16,170 - INFO - ================================================================================
2026-02-10 17:04:16,170 - INFO - 📊 准确性统计
2026-02-10 17:04:16,170 - INFO - ================================================================================
2026-02-10 17:04:16,170 - INFO - 真阳性 (正确推荐):    9
2026-02-10 17:04:16,170 - INFO - 假阳性 (错误推荐):    11
2026-02-10 17:04:16,170 - INFO - 假阴性 (遗漏推荐):    0
2026-02-10 17:04:16,170 - INFO - 真阴性 (正确不推荐):  0
2026-02-10 17:04:16,170 - INFO - 
2026-02-10 17:04:16,170 - INFO - 精确率 (Precision): 45.00%
2026-02-10 17:04:16,170 - INFO - 召回率 (Recall):    100.00%
2026-02-10 17:04:16,170 - INFO - F1分数:             62.07%
2026-02-10 17:04:16,170 - INFO - 准确率 (Accuracy):  45.00%
2026-02-10 17:04:16,170 - INFO - ================================================================================
2026-02-10 17:04:16,170 - INFO - 
2026-02-10 17:04:16,170 - INFO - 🔍 进行逐支股票Gap分析...
2026-02-10 17:04:16,170 - INFO - 开始逐支股票Gap分析...
2026-02-10 17:04:16,170 - INFO - 找到推荐CSV: 20支股票
2026-02-10 17:04:16,345 - INFO - Gap分析完成:
2026-02-10 17:04:16,345 - INFO -   正确推荐 (TP): 9
2026-02-10 17:04:16,345 - INFO -   错误推荐 (FP): 11
2026-02-10 17:04:16,345 - INFO -   遗漏推荐 (FN): 0
2026-02-10 17:04:16,345 - INFO - ================================================================================
2026-02-10 17:04:16,345 - INFO - 📋 Gap分析结果
2026-02-10 17:04:16,345 - INFO - ================================================================================
2026-02-10 17:04:16,345 - INFO - 正确推荐 (TP): 9
2026-02-10 17:04:16,345 - INFO - 错误推荐 (FP): 11
2026-02-10 17:04:16,345 - INFO - 遗漏推荐 (FN): 0
2026-02-10 17:04:16,345 - INFO - 
2026-02-10 17:04:16,345 - INFO - ❌ 典型错误推荐案例:
2026-02-10 17:04:16,345 - INFO -   1. sh.600371
2026-02-10 17:04:16,345 - INFO -      特征: MACD=65, 成交量=1.34, 补充分=0
2026-02-10 17:04:16,345 - INFO -      诊断: 补充特征分0偏低，质量不高; MA60距离2.2%较大，可能涨幅过大
2026-02-10 17:04:16,345 - INFO -   2. sh.600199
2026-02-10 17:04:16,345 - INFO -      特征: MACD=65, 成交量=1.38, 补充分=0
2026-02-10 17:04:16,345 - INFO -      诊断: 补充特征分0偏低，质量不高; MA60距离4.2%较大，可能涨幅过大
2026-02-10 17:04:16,345 - INFO -   3. sz.301222
2026-02-10 17:04:16,345 - INFO -      特征: MACD=100, 成交量=8.79, 补充分=0
2026-02-10 17:04:16,345 - INFO -      诊断: 补充特征分0偏低，质量不高; MA60距离24.3%较大，可能涨幅过大
2026-02-10 17:04:16,345 - INFO -   ... 共11个错误推荐
2026-02-10 17:04:16,345 - INFO - 
2026-02-10 17:04:16,345 - INFO - ✅ 成功推荐案例特征分布:
2026-02-10 17:04:16,346 - INFO -   MACD评分: 均值=39.4, 中位数=60.0
2026-02-10 17:04:16,346 - INFO -   成交量比率: 均值=1.71, 中位数=1.58
2026-02-10 17:04:16,346 - INFO - 
2026-02-10 17:04:16,346 - INFO - ================================================================================
2026-02-10 17:04:16,346 - INFO - 
2026-02-10 17:04:16,346 - INFO - 📊 分析特征模式...
2026-02-10 17:04:16,346 - INFO - 开始特征模式分析...
2026-02-10 17:04:16,347 - INFO - 特征模式分析完成
2026-02-10 17:04:16,347 - INFO - ================================================================================
2026-02-10 17:04:16,347 - INFO - 🎯 特征模式分析结果
2026-02-10 17:04:16,347 - INFO - ================================================================================
2026-02-10 17:04:16,347 - INFO - 📌 MACD_SCORE_THRESHOLD
2026-02-10 17:04:16,347 - INFO -    当前阈值: 50
2026-02-10 17:04:16,347 - INFO -    建议阈值: 50
2026-02-10 17:04:16,347 - INFO -    分析结果: MACD阈值表现良好
2026-02-10 17:04:16,347 - INFO - 
2026-02-10 17:04:16,347 - INFO - 📌 VOLUME_RATIO_THRESHOLD
2026-02-10 17:04:16,347 - INFO -    当前阈值: 2.0
2026-02-10 17:04:16,347 - INFO -    建议阈值: 2.0
2026-02-10 17:04:16,347 - INFO -    分析结果: 成交量阈值表现良好
2026-02-10 17:04:16,347 - INFO - 
2026-02-10 17:04:16,347 - INFO - 📌 MIN_ENHANCED_SCORE
2026-02-10 17:04:16,347 - INFO -    当前阈值: 26
2026-02-10 17:04:16,347 - INFO -    建议阈值: 31
2026-02-10 17:04:16,347 - INFO -    分析结果: 11个FP的补充特征分偏低，提高阈值
2026-02-10 17:04:16,347 - INFO - 
2026-02-10 17:04:16,347 - INFO - ================================================================================
2026-02-10 17:04:16,347 - INFO - 
2026-02-10 17:04:16,347 - INFO - 🔧 生成自适应调优建议...
2026-02-10 17:04:16,347 - INFO - 生成自适应调优建议（学习率: 0.15）...
2026-02-10 17:04:16,347 - INFO -   MACD_SCORE_THRESHOLD: 无需调整 (当前值: 50)
2026-02-10 17:04:16,347 - INFO -   VOLUME_RATIO_THRESHOLD: 无需调整 (当前值: 2.0)
2026-02-10 17:04:16,347 - INFO -   MIN_ENHANCED_SCORE: 26 → 27 (建议: 31)
2026-02-10 17:04:16,347 - INFO - ================================================================================
2026-02-10 17:04:16,347 - INFO - 💡 自适应调优建议
2026-02-10 17:04:16,347 - INFO - ================================================================================
2026-02-10 17:04:16,347 - INFO - 📌 MIN_ENHANCED_SCORE
2026-02-10 17:04:16,347 - INFO -    当前值: 26
2026-02-10 17:04:16,347 - INFO -    建议值: 31
2026-02-10 17:04:16,348 - INFO -    实际调整: 27 (学习率: 0.15)
2026-02-10 17:04:16,348 - INFO -    调整幅度: +1.00
2026-02-10 17:04:16,348 - INFO -    原因: 11个FP的补充特征分偏低，提高阈值
2026-02-10 17:04:16,348 - INFO -    预期影响: precision ↑, recall ↓
2026-02-10 17:04:16,348 - INFO -    置信度: 95%
2026-02-10 17:04:16,348 - INFO - 
2026-02-10 17:04:16,348 - INFO - ================================================================================
2026-02-10 17:04:16,348 - INFO - 
2026-02-10 17:04:16,348 - INFO - ✅ 应用调优参数...
2026-02-10 17:04:16,348 - INFO - 调优配置已保存至: tuning_config.json
2026-02-10 17:04:16,348 - INFO - 
2026-02-10 17:04:16,348 - INFO - 📈 记录改进历史...
2026-02-10 17:04:16,348 - INFO - 记录改进历史...
2026-02-10 17:04:16,349 - INFO - 改进历史已保存到: tuning_history.json
2026-02-10 17:04:16,349 - INFO - ================================================================================
2026-02-10 17:04:16,349 - INFO - 📊 改进总结
2026-02-10 17:04:16,349 - INFO - ================================================================================
2026-02-10 17:04:16,349 - INFO - 总调优次数: 5
2026-02-10 17:04:16,349 - INFO - 首次分析: 20260210
2026-02-10 17:04:16,349 - INFO - 最新分析: 20260210
2026-02-10 17:04:16,349 - INFO - 
2026-02-10 17:04:16,349 - INFO - 总体改进:
2026-02-10 17:04:16,349 - INFO -   precision: 0.00%
2026-02-10 17:04:16,349 - INFO -   recall: 0.00%
2026-02-10 17:04:16,349 - INFO -   f1_score: 0.00%
2026-02-10 17:04:16,349 - INFO - 
2026-02-10 17:04:16,349 - INFO - 最佳F1分数: 62.07% (日期: 20260210)
2026-02-10 17:04:16,349 - INFO - ================================================================================
2026-02-10 17:04:16,349 - INFO - 
2026-02-10 17:04:16,349 - INFO - ================================================================================
2026-02-10 17:04:16,349 - INFO - 🎉 增强版反馈分析完成！
2026-02-10 17:04:16,349 - INFO - ================================================================================
2026-02-10 17:04:16,349 - INFO - 📝 下次运行推荐工具时将自动使用新的参数配置
2026-02-10 17:04:16,349 - INFO - 📊 调优配置文件: tuning_config.json
2026-02-10 17:04:16,349 - INFO - 📈 改进历史文件: tuning_history.json
2026-02-10 17:04:16,349 - INFO - 🔄 如需恢复默认配置，删除 tuning_config.json 即可
2026-02-10 17:04:16,349 - INFO - ================================================================================
2026-02-10 17:05:15,063 - INFO - ================================================================================
2026-02-10 17:05:15,064 - INFO - 📊 增强版反馈分析工具
2026-02-10 17:05:15,064 - INFO - ================================================================================
2026-02-10 17:05:15,064 - INFO - 运行时间: 2026-02-10 17:05:15
2026-02-10 17:05:15,064 - INFO - 
2026-02-10 17:05:15,064 - INFO - 增强版反馈分析器已初始化
2026-02-10 17:05:15,064 - INFO -   数据目录: /Users/ellen_li/2026projects/my-skills/A股近10年日线数据
2026-02-10 17:05:15,064 - INFO -   学习率: 0.15
2026-02-10 17:05:15,064 - INFO - ✅ 找到反馈文件: tuning_feedback_20260210.csv
2026-02-10 17:05:15,064 - INFO - 📖 读取反馈数据...
2026-02-10 17:05:15,068 - INFO - 成功读取反馈文件: /Users/ellen_li/2026projects/my-skills/skills/stock_daily_recommendation/turning_feedback/tuning_feedback_20260210.csv
2026-02-10 17:05:15,068 - INFO - 反馈条目数: 20
2026-02-10 17:05:15,068 - INFO -    总反馈数: 20
2026-02-10 17:05:15,069 - INFO -    推荐买入: 9
2026-02-10 17:05:15,069 - INFO -    不应推荐: 11
2026-02-10 17:05:15,069 - INFO - 
2026-02-10 17:05:15,069 - INFO - 反馈日期: 20260210
2026-02-10 17:05:15,069 - INFO - 🎯 分析推荐准确性...
2026-02-10 17:05:15,071 - INFO - ================================================================================
2026-02-10 17:05:15,071 - INFO - 📊 准确性统计
2026-02-10 17:05:15,072 - INFO - ================================================================================
2026-02-10 17:05:15,072 - INFO - 真阳性 (正确推荐):    9
2026-02-10 17:05:15,072 - INFO - 假阳性 (错误推荐):    11
2026-02-10 17:05:15,072 - INFO - 假阴性 (遗漏推荐):    0
2026-02-10 17:05:15,072 - INFO - 真阴性 (正确不推荐):  0
2026-02-10 17:05:15,072 - INFO - 
2026-02-10 17:05:15,072 - INFO - 精确率 (Precision): 45.00%
2026-02-10 17:05:15,072 - INFO - 召回率 (Recall):    100.00%
2026-02-10 17:05:15,072 - INFO - F1分数:             62.07%
2026-02-10 17:05:15,072 - INFO - 准确率 (Accuracy):  45.00%
2026-02-10 17:05:15,072 - INFO - ================================================================================
2026-02-10 17:05:15,072 - INFO - 
2026-02-10 17:05:15,072 - INFO - 🔍 进行逐支股票Gap分析...
2026-02-10 17:05:15,072 - INFO - 开始逐支股票Gap分析...
2026-02-10 17:05:15,073 - INFO - 找到推荐CSV: 20支股票
2026-02-10 17:05:15,252 - INFO - Gap分析完成:
2026-02-10 17:05:15,252 - INFO -   正确推荐 (TP): 9
2026-02-10 17:05:15,252 - INFO -   错误推荐 (FP): 11
2026-02-10 17:05:15,252 - INFO -   遗漏推荐 (FN): 0
2026-02-10 17:05:15,252 - INFO - ================================================================================
2026-02-10 17:05:15,252 - INFO - 📋 Gap分析结果
2026-02-10 17:05:15,252 - INFO - ================================================================================
2026-02-10 17:05:15,252 - INFO - 正确推荐 (TP): 9
2026-02-10 17:05:15,252 - INFO - 错误推荐 (FP): 11
2026-02-10 17:05:15,252 - INFO - 遗漏推荐 (FN): 0
2026-02-10 17:05:15,252 - INFO - 
2026-02-10 17:05:15,252 - INFO - ❌ 典型错误推荐案例:
2026-02-10 17:05:15,252 - INFO -   1. sh.600371
2026-02-10 17:05:15,252 - INFO -      特征: MACD=65, 成交量=1.34, 补充分=0
2026-02-10 17:05:15,252 - INFO -      诊断: 补充特征分0偏低，质量不高; MA60距离2.2%较大，可能涨幅过大
2026-02-10 17:05:15,252 - INFO -   2. sh.600199
2026-02-10 17:05:15,252 - INFO -      特征: MACD=65, 成交量=1.38, 补充分=0
2026-02-10 17:05:15,252 - INFO -      诊断: 补充特征分0偏低，质量不高; MA60距离4.2%较大，可能涨幅过大
2026-02-10 17:05:15,252 - INFO -   3. sz.301222
2026-02-10 17:05:15,252 - INFO -      特征: MACD=100, 成交量=8.79, 补充分=0
2026-02-10 17:05:15,252 - INFO -      诊断: 补充特征分0偏低，质量不高; MA60距离24.3%较大，可能涨幅过大
2026-02-10 17:05:15,252 - INFO -   ... 共11个错误推荐
2026-02-10 17:05:15,252 - INFO - 
2026-02-10 17:05:15,252 - INFO - ✅ 成功推荐案例特征分布:
2026-02-10 17:05:15,252 - INFO -   MACD评分: 均值=39.4, 中位数=60.0
2026-02-10 17:05:15,252 - INFO -   成交量比率: 均值=1.71, 中位数=1.58
2026-02-10 17:05:15,252 - INFO - 
2026-02-10 17:05:15,252 - INFO - ================================================================================
2026-02-10 17:05:15,252 - INFO - 
2026-02-10 17:05:15,252 - INFO - 📊 分析特征模式...
2026-02-10 17:05:15,252 - INFO - 开始特征模式分析...
2026-02-10 17:05:15,253 - INFO - 特征模式分析完成
2026-02-10 17:05:15,253 - INFO - ================================================================================
2026-02-10 17:05:15,253 - INFO - 🎯 特征模式分析结果
2026-02-10 17:05:15,254 - INFO - ================================================================================
2026-02-10 17:05:15,254 - INFO - 📌 MACD_SCORE_THRESHOLD
2026-02-10 17:05:15,254 - INFO -    当前阈值: 50
2026-02-10 17:05:15,254 - INFO -    建议阈值: 50
2026-02-10 17:05:15,254 - INFO -    分析结果: MACD阈值表现良好
2026-02-10 17:05:15,254 - INFO - 
2026-02-10 17:05:15,254 - INFO - 📌 VOLUME_RATIO_THRESHOLD
2026-02-10 17:05:15,254 - INFO -    当前阈值: 2.0
2026-02-10 17:05:15,254 - INFO -    建议阈值: 2.0
2026-02-10 17:05:15,254 - INFO -    分析结果: 成交量阈值表现良好
2026-02-10 17:05:15,254 - INFO - 
2026-02-10 17:05:15,254 - INFO - 📌 MIN_ENHANCED_SCORE
2026-02-10 17:05:15,254 - INFO -    当前阈值: 27
2026-02-10 17:05:15,254 - INFO -    建议阈值: 32
2026-02-10 17:05:15,254 - INFO -    分析结果: 11个FP的补充特征分偏低，提高阈值
2026-02-10 17:05:15,254 - INFO - 
2026-02-10 17:05:15,254 - INFO - ================================================================================
2026-02-10 17:05:15,254 - INFO - 
2026-02-10 17:05:15,254 - INFO - 🔧 生成自适应调优建议...
2026-02-10 17:05:15,254 - INFO - 生成自适应调优建议（学习率: 0.15）...
2026-02-10 17:05:15,254 - INFO -   MACD_SCORE_THRESHOLD: 无需调整 (当前值: 50)
2026-02-10 17:05:15,254 - INFO -   VOLUME_RATIO_THRESHOLD: 无需调整 (当前值: 2.0)
2026-02-10 17:05:15,254 - INFO -   MIN_ENHANCED_SCORE: 27 → 28 (建议: 32)
2026-02-10 17:05:15,254 - INFO - ================================================================================
2026-02-10 17:05:15,254 - INFO - 💡 自适应调优建议
2026-02-10 17:05:15,254 - INFO - ================================================================================
2026-02-10 17:05:15,254 - INFO - 📌 MIN_ENHANCED_SCORE
2026-02-10 17:05:15,254 - INFO -    当前值: 27
2026-02-10 17:05:15,254 - INFO -    建议值: 32
2026-02-10 17:05:15,254 - INFO -    实际调整: 28 (学习率: 0.15)
2026-02-10 17:05:15,254 - INFO -    调整幅度: +1.00
2026-02-10 17:05:15,254 - INFO -    原因: 11个FP的补充特征分偏低，提高阈值
2026-02-10 17:05:15,254 - INFO -    预期影响: precision ↑, recall ↓
2026-02-10 17:05:15,254 - INFO -    置信度: 95%
2026-02-10 17:05:15,254 - INFO - 
2026-02-10 17:05:15,254 - INFO - ================================================================================
2026-02-10 17:05:15,254 - INFO - 
2026-02-10 17:05:15,254 - INFO - ✅ 应用调优参数...
2026-02-10 17:05:15,254 - INFO - 调优配置已保存至: tuning_config.json
2026-02-10 17:05:15,254 - INFO - 
2026-02-10 17:05:15,254 - INFO - 📈 记录改进历史...
2026-02-10 17:05:15,254 - INFO - 记录改进历史...
2026-02-10 17:05:15,255 - INFO - 改进历史已保存到: tuning_history.json
2026-02-10 17:05:15,255 - INFO - ================================================================================
2026-02-10 17:05:15,255 - INFO - 📊 改进总结
2026-02-10 17:05:15,255 - INFO - ================================================================================
2026-02-10 17:05:15,255 - INFO - 总调优次数: 6
2026-02-10 17:05:15,255 - INFO - 首次分析: 20260210
2026-02-10 17:05:15,255 - INFO - 最新分析: 20260210
2026-02-10 17:05:15,255 - INFO - 
2026-02-10 17:05:15,255 - INFO - 总体改进:
2026-02-10 17:05:15,255 - INFO -   precision: 0.00%
2026-02-10 17:05:15,255 - INFO -   recall: 0.00%
2026-02-10 17:05:15,255 - INFO -   f1_score: 0.00%
2026-02-10 17:05:15,255 - INFO - 
2026-02-10 17:05:15,255 - INFO - 最佳F1分数: 62.07% (日期: 20260210)
2026-02-10 17:05:15,255 - INFO - ================================================================================
2026-02-10 17:05:15,255 - INFO - 
2026-02-10 17:05:15,255 - INFO - ================================================================================
2026-02-10 17:05:15,255 - INFO - 🎉 增强版反馈分析完成！
2026-02-10 17:05:15,255 - INFO - ================================================================================
2026-02-10 17:05:15,255 - INFO - 📝 下次运行推荐工具时将自动使用新的参数配置
2026-02-10 17:05:15,255 - INFO - 📊 调优配置文件: tuning_config.json
2026-02-10 17:05:15,255 - INFO - 📈 改进历史文件: tuning_history.json
2026-02-10 17:05:15,255 - INFO - 🔄 如需恢复默认配置，删除 tuning_config.json 即可
2026-02-10 17:05:15,255 - INFO - ================================================================================
