2026-02-09 22:00:01,279 - INFO - ============================================================
2026-02-09 22:00:01,279 - INFO - 每日股票推荐工具
2026-02-09 22:00:01,279 - INFO - ============================================================
2026-02-09 22:00:01,280 - INFO - 运行时间: 2026-02-09 22:00:01
2026-02-09 22:00:01,280 - INFO - 正在运行股票趋势分析...
2026-02-09 22:00:01,293 - INFO - ============================================================
2026-02-09 22:00:01,293 - INFO - A股上涨趋势分析工具
2026-02-09 22:00:01,293 - INFO - ============================================================
2026-02-09 22:00:01,293 - INFO - 数据目录: /Users/ellen_li/2026projects/A股近10年日线数据
2026-02-09 22:00:01,293 - INFO - 输出目录: /Users/ellen_li/2026projects/my-skills/skills/stock_macd_volumn/output
2026-02-09 22:00:01,293 - INFO - 筛选模式: standard - 标准模式：平衡精准度和数量（推荐）
2026-02-09 22:00:01,293 - INFO - 回测模式: 关闭
2026-02-09 22:00:01,293 - INFO - 待分析股票数: 5187
2026-02-09 22:00:01,293 - INFO - ============================================================
2026-02-09 22:00:01,638 - WARNING - sz.002259 升达林业: 存在缺失值: {'volume': 1, 'amount': 1}
2026-02-09 22:00:02,057 - WARNING - sz.000408 藏格矿业: 存在缺失值: {'volume': 5, 'amount': 5}
2026-02-09 22:00:03,504 - WARNING - sh.688712 北芯生命: 数据不足34天(3行)
2026-02-09 22:00:03,913 - WARNING - sz.002789 *ST建艺: 存在缺失值: {'volume': 1, 'amount': 1}
2026-02-09 22:00:04,303 - WARNING - sh.600208 衢州发展: 存在缺失值: {'volume': 10, 'amount': 10}
2026-02-09 22:00:05,486 - WARNING - sz.300828 锐新科技: 存在缺失值: {'volume': 3, 'amount': 3}
2026-02-09 22:00:05,488 - WARNING - sh.601615 明阳智能: 存在缺失值: {'volume': 8, 'amount': 8}
2026-02-09 22:00:05,491 - WARNING - sz.002762 *ST金比: 存在缺失值: {'volume': 6, 'amount': 6}
2026-02-09 22:00:06,206 - WARNING - sh.603261 *ST立航: 存在缺失值: {'volume': 1, 'amount': 1}
2026-02-09 22:00:07,293 - WARNING - sh.600165 ST宁科: 存在缺失值: {'volume': 4, 'amount': 4}
2026-02-09 22:00:10,292 - INFO - 进度: 100/5187 | 有信号: 89 | 信号总数: 3428
2026-02-09 22:00:10,768 - WARNING - sh.600079 ST人福: 存在缺失值: {'volume': 1, 'amount': 1}
2026-02-09 22:00:11,437 - WARNING - sz.300462 ST华铭: 存在缺失值: {'volume': 1, 'amount': 1}
2026-02-09 22:00:13,040 - WARNING - sh.688588 凌志软件: 存在缺失值: {'volume': 10, 'amount': 10}
2026-02-09 22:00:13,045 - WARNING - sz.300175 ST朗源: 存在缺失值: {'volume': 1, 'amount': 1}
2026-02-09 22:00:13,875 - WARNING - sh.603389 *ST亚振: 存在缺失值: {'volume': 28, 'amount': 28}
2026-02-09 22:00:15,540 - WARNING - sz.301073 君亭酒店: 存在缺失值: {'volume': 5, 'amount': 5}
2026-02-09 22:00:15,543 - WARNING - sh.601211 国泰海通: 存在缺失值: {'volume': 2, 'amount': 2}
2026-02-09 22:00:15,547 - WARNING - sz.002176 江特电机: 存在缺失值: {'volume': 5, 'amount': 5}
2026-02-09 22:00:16,514 - WARNING - sz.002633 申科股份: 存在缺失值: {'volume': 3, 'amount': 3}
2026-02-09 22:00:16,818 - WARNING - sz.300391 *ST长药: 存在缺失值: {'volume': 12, 'amount': 12}
2026-02-09 22:00:17,512 - WARNING - sh.688646 ST逸飞: 存在缺失值: {'volume': 1, 'amount': 1}
2026-02-09 22:00:19,009 - INFO - 进度: 200/5187 | 有信号: 176 | 信号总数: 6696
2026-02-09 22:00:20,089 - WARNING - sz.300423 昇辉科技: 存在缺失值: {'volume': 10, 'amount': 10}
2026-02-09 22:00:21,531 - WARNING - sh.603216 梦天家居: 存在缺失值: {'volume': 9, 'amount': 9}
2026-02-09 22:00:21,818 - WARNING - sz.002052 同洲电子: 存在缺失值: {'volume': 1, 'amount': 1}
2026-02-09 22:00:23,225 - WARNING - sh.600803 新奥股份: 存在缺失值: {'volume': 6, 'amount': 6}
2026-02-09 22:00:25,553 - WARNING - sz.300899 *ST凯鑫: 存在缺失值: {'volume': 1, 'amount': 1}
2026-02-09 22:00:25,689 - WARNING - sz.000736 *ST中地: 存在缺失值: {'volume': 1, 'amount': 1}
2026-02-09 22:00:26,640 - WARNING - sz.002748 世龙实业: 存在缺失值: {'volume': 1, 'amount': 1}
2026-02-09 22:00:26,747 - WARNING - sz.002713 *ST东易: 存在缺失值: {'volume': 5, 'amount': 5}
2026-02-09 22:00:27,156 - WARNING - sh.603822 ST嘉澳: 存在缺失值: {'volume': 1, 'amount': 1}
2026-02-09 22:00:27,323 - WARNING - sz.301486 致尚科技: 存在缺失值: {'volume': 10, 'amount': 10}
2026-02-09 22:00:27,423 - WARNING - sh.603508 思维列控: 存在缺失值: {'volume': 5, 'amount': 5}
2026-02-09 22:00:28,479 - INFO - 进度: 300/5187 | 有信号: 265 | 信号总数: 10031
2026-02-09 22:00:28,584 - WARNING - sz.002898 *ST赛隆: 存在缺失值: {'volume': 1, 'amount': 1}
2026-02-09 22:00:30,812 - WARNING - sz.300311 ST任子行: 存在缺失值: {'volume': 1, 'amount': 1}
2026-02-09 22:00:31,102 - WARNING - sz.300897 山科智能: 存在缺失值: {'volume': 5, 'amount': 5}
2026-02-09 22:00:31,208 - WARNING - sz.000593 德龙汇能: 存在缺失值: {'volume': 2, 'amount': 2}
2026-02-09 22:00:31,211 - WARNING - sh.603897 长城科技: 存在缺失值: {'volume': 5, 'amount': 5}
2026-02-09 22:00:32,703 - WARNING - sh.688720 艾森股份: 存在缺失值: {'volume': 10, 'amount': 10}
2026-02-09 22:00:33,417 - WARNING - sz.300460 ST惠伦: 存在缺失值: {'volume': 1, 'amount': 1}
2026-02-09 22:00:34,019 - WARNING - sh.688287 *ST观典: 存在缺失值: {'volume': 1, 'amount': 1}
2026-02-09 22:00:36,136 - WARNING - sh.603402 陕西旅游: 数据不足34天(25行)
2026-02-09 22:00:37,432 - INFO - 进度: 400/5187 | 有信号: 352 | 信号总数: 13255
2026-02-09 22:00:37,966 - WARNING - sz.300084 海默科技: 存在缺失值: {'volume': 5, 'amount': 5}
2026-02-09 22:00:38,502 - WARNING - sz.000656 *ST金科: 存在缺失值: {'volume': 1, 'amount': 1}
2026-02-09 22:00:38,649 - WARNING - sz.002494 华斯股份: 存在缺失值: {'volume': 8, 'amount': 8}
2026-02-09 22:00:38,918 - WARNING - sz.002529 *ST海源: 存在缺失值: {'volume': 6, 'amount': 6}
2026-02-09 22:00:39,092 - WARNING - sh.600715 文投控股: 存在缺失值: {'volume': 1, 'amount': 1}
2026-02-09 22:00:40,637 - WARNING - sz.300841 康华生物: 存在缺失值: {'volume': 5, 'amount': 5}
2026-02-09 22:00:42,654 - WARNING - sz.002289 *ST宇顺: 存在缺失值: {'volume': 4, 'amount': 4}
2026-02-09 22:00:45,310 - WARNING - sh.600358 ST联合: 存在缺失值: {'volume': 11, 'amount': 11}
2026-02-09 22:00:45,631 - WARNING - sh.603023 威帝股份: 存在缺失值: {'volume': 1, 'amount': 1}
2026-02-09 22:00:46,633 - INFO - 进度: 500/5187 | 有信号: 442 | 信号总数: 16720
2026-02-09 22:00:47,026 - WARNING - sh.601112 振石股份: 数据不足34天(8行)
2026-02-09 22:00:47,409 - WARNING - sh.688184 ST帕瓦: 存在缺失值: {'volume': 1, 'amount': 1}
2026-02-09 22:00:47,713 - WARNING - sz.002725 跃岭股份: 存在缺失值: {'volume': 5, 'amount': 5}
2026-02-09 22:00:48,534 - WARNING - sh.688037 芯源微: 存在缺失值: {'volume': 3, 'amount': 3}
2026-02-09 22:00:50,238 - WARNING - sh.603139 康惠股份: 存在缺失值: {'volume': 2, 'amount': 2}
2026-02-09 22:00:50,624 - WARNING - sh.605178 时空科技: 存在缺失值: {'volume': 14, 'amount': 14}
2026-02-09 22:00:50,930 - WARNING - sh.600095 湘财股份: 存在缺失值: {'volume': 10, 'amount': 10}
2026-02-09 22:00:51,543 - WARNING - sh.600360 *ST华微: 存在缺失值: {'volume': 10, 'amount': 10}
2026-02-09 22:00:52,626 - WARNING - sz.301505 苏州规划: 存在缺失值: {'volume': 9, 'amount': 9}
2026-02-09 22:00:53,720 - WARNING - sz.300020 ST银江: 存在缺失值: {'volume': 1, 'amount': 1}
2026-02-09 22:00:53,722 - WARNING - sz.300211 *ST亿通: 存在缺失值: {'volume': 1, 'amount': 1}
2026-02-09 22:00:55,015 - WARNING - sh.600222 太龙药业: 存在缺失值: {'volume': 5, 'amount': 5}
2026-02-09 22:00:55,123 - WARNING - sh.688206 概伦电子: 存在缺失值: {'volume': 10, 'amount': 10}
2026-02-09 22:00:55,308 - INFO - 进度: 600/5187 | 有信号: 529 | 信号总数: 19921
2026-02-09 22:00:55,313 - WARNING - sh.600238 *ST椰岛: 存在缺失值: {'volume': 1, 'amount': 1}
2026-02-09 22:00:56,087 - WARNING - sz.300237 ST美晨: 存在缺失值: {'volume': 1, 'amount': 1}
2026-02-09 22:00:56,367 - WARNING - sh.605199 ST葫芦娃: 存在缺失值: {'volume': 1, 'amount': 1}
2026-02-09 22:00:56,691 - WARNING - sz.300523 辰安科技: 存在缺失值: {'volume': 3, 'amount': 3}
2026-02-09 22:00:57,183 - WARNING - sz.300691 联合光电: 存在缺失值: {'volume': 10, 'amount': 10}
2026-02-09 22:00:57,834 - WARNING - sz.300561 *ST汇科: 存在缺失值: {'volume': 1, 'amount': 1}
2026-02-09 22:00:58,650 - WARNING - sz.000953 河化股份: 存在缺失值: {'volume': 5, 'amount': 5}
2026-02-09 22:00:58,752 - WARNING - sz.300716 ST泉为: 存在缺失值: {'volume': 1, 'amount': 1}
2026-02-09 22:00:59,052 - WARNING - sz.300163 先锋新材: 存在缺失值: {'volume': 1, 'amount': 1}
2026-02-09 22:01:00,185 - WARNING - sz.300451 创业慧康: 存在缺失值: {'volume': 5, 'amount': 5}
2026-02-09 22:01:00,568 - WARNING - sz.000595 *ST宝实: 存在缺失值: {'volume': 1, 'amount': 1}
2026-02-09 22:01:00,571 - WARNING - sh.600500 中化国际: 存在缺失值: {'volume': 9, 'amount': 9}
2026-02-09 22:01:00,574 - WARNING - sz.000151 中成股份: 存在缺失值: {'volume': 8, 'amount': 8}
2026-02-09 22:01:00,774 - WARNING - sz.300551 古鳌科技: 存在缺失值: {'volume': 5, 'amount': 5}
2026-02-09 22:01:00,863 - WARNING - sh.600169 ST太重: 存在缺失值: {'volume': 1, 'amount': 1}
2026-02-09 22:01:02,182 - WARNING - sz.002708 光洋股份: 存在缺失值: {'volume': 9, 'amount': 9}
2026-02-09 22:01:03,442 - WARNING - sz.301033 迈普医学: 存在缺失值: {'volume': 10, 'amount': 10}
2026-02-09 22:01:03,639 - INFO - 进度: 700/5187 | 有信号: 611 | 信号总数: 23173
2026-02-09 22:01:03,746 - WARNING - sz.002169 智光电气: 存在缺失值: {'volume': 8, 'amount': 8}
2026-02-09 22:01:04,384 - WARNING - sz.300167 ST迪威迅: 存在缺失值: {'volume': 1, 'amount': 1}
2026-02-09 22:01:05,697 - WARNING - sz.002816 *ST和科: 存在缺失值: {'volume': 1, 'amount': 1}
2026-02-09 22:01:06,385 - WARNING - sz.000586 汇源通信: 存在缺失值: {'volume': 5, 'amount': 5}
2026-02-09 22:01:06,387 - WARNING - sh.688139 海尔生物: 存在缺失值: {'volume': 3, 'amount': 3}
2026-02-09 22:01:06,388 - WARNING - sz.301449 天溯计量: 数据不足34天(33行)
2026-02-09 22:01:08,444 - WARNING - sh.603268 *ST松发: 存在缺失值: {'volume': 1, 'amount': 1}
2026-02-09 22:01:08,794 - WARNING - sz.300600 国瑞科技: 存在缺失值: {'volume': 1, 'amount': 1}
2026-02-09 22:01:09,569 - WARNING - sz.300209 有棵树: 存在缺失值: {'volume': 1, 'amount': 1}
2026-02-09 22:01:11,892 - WARNING - sh.601515 衢州东峰: 存在缺失值: {'volume': 2, 'amount': 2}
2026-02-09 22:01:12,003 - WARNING - sz.002602 世纪华通: 存在缺失值: {'volume': 1, 'amount': 1}
2026-02-09 22:01:12,107 - WARNING - sz.002217 合力泰: 存在缺失值: {'volume': 1, 'amount': 1}
2026-02-09 22:01:12,505 - INFO - 进度: 800/5187 | 有信号: 698 | 信号总数: 26646
2026-02-09 22:01:13,649 - WARNING - sz.001267 汇绿生态: 存在缺失值: {'volume': 4, 'amount': 4}
2026-02-09 22:01:14,061 - WARNING - sh.603042 华脉科技: 存在缺失值: {'volume': 5, 'amount': 5}
2026-02-09 22:01:14,358 - WARNING - sh.688237 超卓航科: 存在缺失值: {'volume': 5, 'amount': 5}
2026-02-09 22:01:14,661 - WARNING - sh.603377 ST东时: 存在缺失值: {'volume': 42, 'amount': 42}
2026-02-09 22:01:14,955 - WARNING - sh.603305 旭升集团: 存在缺失值: {'volume': 2, 'amount': 2}
2026-02-09 22:01:20,481 - WARNING - sz.301517 陕西华达: 存在缺失值: {'volume': 9, 'amount': 9}
2026-02-09 22:01:21,455 - WARNING - sz.000695 滨海能源: 存在缺失值: {'volume': 10, 'amount': 10}
2026-02-09 22:01:21,924 - INFO - 进度: 900/5187 | 有信号: 790 | 信号总数: 30149
2026-02-09 22:01:22,860 - WARNING - sh.688293 奥浦迈: 存在缺失值: {'volume': 10, 'amount': 10}
2026-02-09 22:01:24,224 - WARNING - sh.600903 贵州燃气: 存在缺失值: {'volume': 6, 'amount': 6}
2026-02-09 22:01:26,205 - WARNING - sh.603213 镇洋发展: 存在缺失值: {'volume': 10, 'amount': 10}
2026-02-09 22:01:27,136 - WARNING - sh.600234 科新发展: 存在缺失值: {'volume': 1, 'amount': 1}
2026-02-09 22:01:27,853 - WARNING - sz.301613 新铝时代: 存在缺失值: {'volume': 10, 'amount': 10}
2026-02-09 22:01:29,333 - WARNING - sh.603363 傲农生物: 存在缺失值: {'volume': 1, 'amount': 1}
2026-02-09 22:01:29,336 - WARNING - sz.003032 *ST传智: 存在缺失值: {'volume': 1, 'amount': 1}
2026-02-09 22:01:29,632 - WARNING - sz.300620 光库科技: 存在缺失值: {'volume': 10, 'amount': 10}
2026-02-09 22:01:31,127 - INFO - 进度: 1000/5187 | 有信号: 881 | 信号总数: 33630
2026-02-09 22:01:31,609 - WARNING - sh.688785 恒运昌: 数据不足34天(9行)
2026-02-09 22:01:31,695 - WARNING - sh.600243 *ST海华: 存在缺失值: {'volume': 6, 'amount': 6}
2026-02-09 22:01:33,814 - WARNING - sz.002931 锋龙股份: 存在缺失值: {'volume': 13, 'amount': 13}
2026-02-09 22:01:34,778 - WARNING - sh.603778 国晟科技: 存在缺失值: {'volume': 3, 'amount': 3}
2026-02-09 22:01:36,030 - WARNING - sz.002253 *ST智胜: 存在缺失值: {'volume': 1, 'amount': 1}
2026-02-09 22:01:36,033 - WARNING - sh.600777 *ST新潮: 存在缺失值: {'volume': 44, 'amount': 44}
2026-02-09 22:01:36,748 - WARNING - sz.300635 中达安: 存在缺失值: {'volume': 3, 'amount': 3}
2026-02-09 22:01:37,346 - WARNING - sh.688567 孚能科技: 存在缺失值: {'volume': 2, 'amount': 2}
2026-02-09 22:01:37,822 - WARNING - sz.300068 南都电源: 存在缺失值: {'volume': 5, 'amount': 5}
2026-02-09 22:01:40,162 - WARNING - sh.688005 容百科技: 存在缺失值: {'volume': 3, 'amount': 3}
2026-02-09 22:01:40,242 - INFO - 进度: 1100/5187 | 有信号: 970 | 信号总数: 36877
2026-02-09 22:01:41,641 - WARNING - sh.600319 亚星化学: 存在缺失值: {'volume': 10, 'amount': 10}
2026-02-09 22:01:41,645 - WARNING - sz.001331 胜通能源: 存在缺失值: {'volume': 8, 'amount': 8}
2026-02-09 22:01:41,757 - WARNING - sh.603863 松炀资源: 存在缺失值: {'volume': 5, 'amount': 5}
2026-02-09 22:01:42,322 - WARNING - sh.603959 百利科技: 存在缺失值: {'volume': 1, 'amount': 1}
2026-02-09 22:01:42,944 - WARNING - sz.300506 ST名家汇: 存在缺失值: {'volume': 4, 'amount': 4}
2026-02-09 22:01:45,077 - WARNING - sh.600711 盛屯矿业: 存在缺失值: {'volume': 1, 'amount': 1}
2026-02-09 22:01:45,080 - WARNING - sz.002828 贝肯能源: 存在缺失值: {'volume': 5, 'amount': 5}
2026-02-09 22:01:45,447 - WARNING - sz.000407 胜利股份: 存在缺失值: {'volume': 10, 'amount': 10}
2026-02-09 22:01:45,539 - WARNING - sh.600193 *ST创兴: 存在缺失值: {'volume': 1, 'amount': 1}
2026-02-09 22:01:46,837 - WARNING - sz.002480 新筑股份: 存在缺失值: {'volume': 10, 'amount': 10}
2026-02-09 22:01:47,510 - WARNING - sh.688536 思瑞浦: 存在缺失值: {'volume': 10, 'amount': 10}
2026-02-09 22:01:48,688 - WARNING - sz.000711 ST京蓝: 存在缺失值: {'volume': 1, 'amount': 1}
2026-02-09 22:01:48,690 - WARNING - sz.000518 *ST四环: 存在缺失值: {'volume': 1, 'amount': 1}
2026-02-09 22:01:48,690 - INFO - 进度: 1200/5187 | 有信号: 1055 | 信号总数: 39935
2026-02-09 22:01:48,793 - WARNING - sh.603595 ST东尼: 存在缺失值: {'volume': 1, 'amount': 1}
2026-02-09 22:01:48,899 - WARNING - sh.603798 康普顿: 存在缺失值: {'volume': 1, 'amount': 1}
2026-02-09 22:01:49,738 - WARNING - sz.000905 厦门港务: 存在缺失值: {'volume': 5, 'amount': 5}
2026-02-09 22:01:53,283 - WARNING - sh.600593 大连圣亚: 存在缺失值: {'volume': 5, 'amount': 5}
2026-02-09 22:01:53,382 - WARNING - sh.688478 晶升股份: 存在缺失值: {'volume': 10, 'amount': 10}
2026-02-09 22:01:55,349 - WARNING - sh.601969 海南矿业: 存在缺失值: {'volume': 8, 'amount': 8}
2026-02-09 22:01:57,538 - WARNING - sz.002036 联创电子: 存在缺失值: {'volume': 5, 'amount': 5}
2026-02-09 22:01:58,203 - INFO - 进度: 1300/5187 | 有信号: 1148 | 信号总数: 43482
2026-02-09 22:01:59,659 - WARNING - sh.688012 中微公司: 存在缺失值: {'volume': 9, 'amount': 9}
2026-02-09 22:02:01,821 - WARNING - sh.688313 仕佳光子: 存在缺失值: {'volume': 9, 'amount': 9}
2026-02-09 22:02:02,105 - WARNING - sz.000016 深康佳A: 存在缺失值: {'volume': 8, 'amount': 8}
2026-02-09 22:02:02,205 - WARNING - sz.002200 *ST交投: 存在缺失值: {'volume': 2, 'amount': 2}
2026-02-09 22:02:03,004 - WARNING - sz.003013 地铁设计: 存在缺失值: {'volume': 10, 'amount': 10}
2026-02-09 22:02:03,289 - WARNING - sz.002969 嘉美包装: 存在缺失值: {'volume': 13, 'amount': 13}
2026-02-09 22:02:03,882 - WARNING - sz.300327 中颖电子: 存在缺失值: {'volume': 1, 'amount': 1}
2026-02-09 22:02:04,775 - WARNING - sz.301323 新莱福: 存在缺失值: {'volume': 10, 'amount': 10}
2026-02-09 22:02:05,182 - WARNING - sz.002131 利欧股份: 存在缺失值: {'volume': 3, 'amount': 3}
2026-02-09 22:02:05,964 - WARNING - sh.688038 中科通达: 存在缺失值: {'volume': 10, 'amount': 10}
2026-02-09 22:02:06,836 - WARNING - sz.002742 *ST三圣: 存在缺失值: {'volume': 2, 'amount': 2}
2026-02-09 22:02:07,016 - WARNING - sh.603828 ST柯利达: 存在缺失值: {'volume': 5, 'amount': 5}
2026-02-09 22:02:07,119 - INFO - 进度: 1400/5187 | 有信号: 1233 | 信号总数: 46754
2026-02-09 22:02:07,501 - WARNING - sh.603118 共进股份: 存在缺失值: {'volume': 5, 'amount': 5}
2026-02-09 22:02:07,503 - WARNING - sz.002721 金一文化: 存在缺失值: {'volume': 1, 'amount': 1}
2026-02-09 22:02:08,995 - WARNING - sh.603838 *ST四通: 存在缺失值: {'volume': 1, 'amount': 1}
2026-02-09 22:02:10,512 - WARNING - sz.300152 ST新动力: 存在缺失值: {'volume': 1, 'amount': 1}
2026-02-09 22:02:10,601 - WARNING - sz.000691 *ST亚太: 存在缺失值: {'volume': 2, 'amount': 2}
2026-02-09 22:02:13,475 - WARNING - sz.301178 天亿马: 存在缺失值: {'volume': 10, 'amount': 10}
2026-02-09 22:02:14,669 - WARNING - sh.600599 *ST熊猫: 存在缺失值: {'volume': 1, 'amount': 1}
2026-02-09 22:02:14,972 - WARNING - sz.000809 和展能源: 存在缺失值: {'volume': 1, 'amount': 1}
2026-02-09 22:02:16,340 - WARNING - sz.002388 新亚制程: 存在缺失值: {'volume': 1, 'amount': 1}
2026-02-09 22:02:16,745 - WARNING - sz.300666 江丰电子: 存在缺失值: {'volume': 5, 'amount': 5}
2026-02-09 22:02:16,746 - INFO - 进度: 1500/5187 | 有信号: 1323 | 信号总数: 50239
2026-02-09 22:02:17,519 - WARNING - sz.002197 证通电子: 存在缺失值: {'volume': 1, 'amount': 1}
2026-02-09 22:02:17,919 - WARNING - sz.300069 金利华电: 存在缺失值: {'volume': 10, 'amount': 10}
2026-02-09 22:02:18,516 - WARNING - sz.002155 湖南黄金: 存在缺失值: {'volume': 10, 'amount': 10}
2026-02-09 22:02:20,416 - WARNING - sz.300478 杭州高新: 存在缺失值: {'volume': 2, 'amount': 2}
2026-02-09 22:02:20,524 - WARNING - sh.603058 永吉股份: 存在缺失值: {'volume': 10, 'amount': 10}
2026-02-09 22:02:21,573 - WARNING - sz.300018 中元股份: 存在缺失值: {'volume': 5, 'amount': 5}
2026-02-09 22:02:23,048 - WARNING - sz.300091 *ST金灵: 存在缺失值: {'volume': 1, 'amount': 1}
2026-02-09 22:02:23,960 - WARNING - sz.301075 多瑞医药: 存在缺失值: {'volume': 5, 'amount': 5}
2026-02-09 22:02:23,963 - WARNING - sh.688051 佳华科技: 存在缺失值: {'volume': 10, 'amount': 10}
2026-02-09 22:02:24,989 - WARNING - sz.000609 ST中迪: 存在缺失值: {'volume': 4, 'amount': 4}
2026-02-09 22:02:25,382 - WARNING - sz.002951 金时科技: 存在缺失值: {'volume': 1, 'amount': 1}
2026-02-09 22:02:26,082 - INFO - 进度: 1600/5187 | 有信号: 1410 | 信号总数: 53490
2026-02-09 22:02:26,173 - WARNING - sz.000430 *ST张股: 存在缺失值: {'volume': 3, 'amount': 3}
2026-02-09 22:02:26,626 - WARNING - sz.000972 *ST中基: 存在缺失值: {'volume': 11, 'amount': 11}
2026-02-09 22:02:26,629 - WARNING - sz.300477 ST合纵: 存在缺失值: {'volume': 1, 'amount': 1}
2026-02-09 22:02:30,025 - WARNING - sz.000698 ST沈化: 存在缺失值: {'volume': 1, 'amount': 1}
2026-02-09 22:02:30,557 - WARNING - sz.300125 *ST聆达: 存在缺失值: {'volume': 2, 'amount': 2}
2026-02-09 22:02:30,560 - WARNING - sz.300029 *ST天龙: 存在缺失值: {'volume': 1, 'amount': 1}
2026-02-09 22:02:30,666 - WARNING - sz.002689 ST远智: 存在缺失值: {'volume': 1, 'amount': 1}
2026-02-09 22:02:31,162 - WARNING - sz.002769 普路通: 存在缺失值: {'volume': 10, 'amount': 10}
2026-02-09 22:02:32,180 - WARNING - sz.300449 汉邦高科: 存在缺失值: {'volume': 10, 'amount': 10}
2026-02-09 22:02:33,212 - WARNING - sz.301186 超达装备: 存在缺失值: {'volume': 2, 'amount': 2}
2026-02-09 22:02:35,594 - INFO - 进度: 1700/5187 | 有信号: 1500 | 信号总数: 56899
2026-02-09 22:02:35,985 - WARNING - sz.301362 民爆光电: 存在缺失值: {'volume': 10, 'amount': 10}
2026-02-09 22:02:37,102 - WARNING - sz.002309 中利集团: 存在缺失值: {'volume': 7, 'amount': 7}
2026-02-09 22:02:40,894 - WARNING - sz.002527 新时达: 存在缺失值: {'volume': 5, 'amount': 5}
2026-02-09 22:02:41,083 - WARNING - sz.002693 *ST双成: 存在缺失值: {'volume': 1, 'amount': 1}
2026-02-09 22:02:44,186 - WARNING - sz.002141 贤丰控股: 存在缺失值: {'volume': 1, 'amount': 1}
2026-02-09 22:02:44,819 - WARNING - sz.000608 *ST阳光: 存在缺失值: {'volume': 6, 'amount': 6}
2026-02-09 22:02:45,667 - INFO - 进度: 1800/5187 | 有信号: 1593 | 信号总数: 60486
2026-02-09 22:02:46,987 - WARNING - sz.002252 上海莱士: 存在缺失值: {'volume': 3, 'amount': 3}
2026-02-09 22:02:47,638 - WARNING - sz.002569 *ST步森: 存在缺失值: {'volume': 1, 'amount': 1}
2026-02-09 22:02:48,625 - WARNING - sh.688350 富淼科技: 存在缺失值: {'volume': 5, 'amount': 5}
2026-02-09 22:02:48,733 - WARNING - sz.300137 先河环保: 存在缺失值: {'volume': 1, 'amount': 1}
2026-02-09 22:02:49,000 - WARNING - sh.603082 北自科技: 存在缺失值: {'volume': 5, 'amount': 5}
2026-02-09 22:02:49,487 - WARNING - sz.002462 嘉事堂: 存在缺失值: {'volume': 5, 'amount': 5}
2026-02-09 22:02:49,909 - WARNING - sz.002875 安奈儿: 存在缺失值: {'volume': 5, 'amount': 5}
2026-02-09 22:02:50,126 - WARNING - sh.688591 泰凌微: 存在缺失值: {'volume': 5, 'amount': 5}
2026-02-09 22:02:50,529 - WARNING - sz.300542 新晨科技: 存在缺失值: {'volume': 10, 'amount': 10}
2026-02-09 22:02:51,135 - WARNING - sz.301269 华大九天: 存在缺失值: {'volume': 10, 'amount': 10}
2026-02-09 22:02:51,384 - WARNING - sh.688126 沪硅产业: 存在缺失值: {'volume': 10, 'amount': 10}
2026-02-09 22:02:51,386 - WARNING - sz.002049 紫光国微: 存在缺失值: {'volume': 10, 'amount': 10}
2026-02-09 22:02:51,931 - WARNING - sh.600058 五矿发展: 存在缺失值: {'volume': 10, 'amount': 10}
2026-02-09 22:02:53,654 - WARNING - sz.300065 海兰信: 存在缺失值: {'volume': 10, 'amount': 10}
2026-02-09 22:02:53,657 - WARNING - sz.002853 皮阿诺: 存在缺失值: {'volume': 5, 'amount': 5}
2026-02-09 22:02:54,883 - INFO - 进度: 1900/5187 | 有信号: 1677 | 信号总数: 63854
2026-02-09 22:02:56,355 - WARNING - sz.300959 线上线下: 存在缺失值: {'volume': 5, 'amount': 5}
2026-02-09 22:02:57,367 - WARNING - sh.600265 ST景谷: 存在缺失值: {'volume': 1, 'amount': 1}
2026-02-09 22:02:58,054 - WARNING - sh.600150 中国船舶: 存在缺失值: {'volume': 4, 'amount': 4}
2026-02-09 22:02:58,756 - WARNING - sz.300419 ST浩丰: 存在缺失值: {'volume': 2, 'amount': 2}
2026-02-09 22:03:01,817 - WARNING - sh.603559 ST通脉: 存在缺失值: {'volume': 1, 'amount': 1}
2026-02-09 22:03:02,020 - WARNING - sh.603843 *ST正平: 存在缺失值: {'volume': 26, 'amount': 26}
2026-02-09 22:03:03,469 - WARNING - sz.002124 天邦食品: 存在缺失值: {'volume': 1, 'amount': 1}
2026-02-09 22:03:05,301 - INFO - 进度: 2000/5187 | 有信号: 1770 | 信号总数: 67104
2026-02-09 22:03:06,149 - WARNING - sz.002211 ST宏达: 存在缺失值: {'volume': 1, 'amount': 1}
2026-02-09 22:03:06,152 - WARNING - sz.002798 帝欧水华: 存在缺失值: {'volume': 2, 'amount': 2}
2026-02-09 22:03:06,556 - WARNING - sz.301025 读客文化: 存在缺失值: {'volume': 5, 'amount': 5}
2026-02-09 22:03:06,559 - WARNING - sz.300264 佳创视讯: 存在缺失值: {'volume': 5, 'amount': 5}
2026-02-09 22:03:07,188 - WARNING - sh.600303 曙光股份: 存在缺失值: {'volume': 1, 'amount': 1}
2026-02-09 22:03:07,931 - WARNING - sh.688178 万德斯: 存在缺失值: {'volume': 5, 'amount': 5}
2026-02-09 22:03:09,219 - WARNING - sz.300710 万隆光电: 存在缺失值: {'volume': 10, 'amount': 10}
2026-02-09 22:03:10,242 - WARNING - sz.000638 *ST万方: 存在缺失值: {'volume': 1, 'amount': 1}
2026-02-09 22:03:11,182 - WARNING - sz.002047 *ST宝鹰: 存在缺失值: {'volume': 6, 'amount': 6}
2026-02-09 22:03:11,292 - WARNING - sh.603021 ST华鹏: 存在缺失值: {'volume': 1, 'amount': 1}
2026-02-09 22:03:11,519 - WARNING - sz.002515 金字火腿: 存在缺失值: {'volume': 5, 'amount': 5}
2026-02-09 22:03:11,766 - WARNING - sz.300022 吉峰科技: 存在缺失值: {'volume': 5, 'amount': 5}
2026-02-09 22:03:13,701 - WARNING - sz.300087 荃银高科: 存在缺失值: {'volume': 3, 'amount': 3}
2026-02-09 22:03:15,000 - INFO - 进度: 2100/5187 | 有信号: 1856 | 信号总数: 70604
2026-02-09 22:03:15,767 - WARNING - sz.002076 *ST星光: 存在缺失值: {'volume': 1, 'amount': 1}
2026-02-09 22:03:19,351 - WARNING - sh.688282 理工导航: 存在缺失值: {'volume': 1, 'amount': 1}
2026-02-09 22:03:20,147 - WARNING - sh.600892 *ST大晟: 存在缺失值: {'volume': 1, 'amount': 1}
2026-02-09 22:03:20,480 - WARNING - sz.002214 *ST大立: 存在缺失值: {'volume': 1, 'amount': 1}
2026-02-09 22:03:21,091 - WARNING - sh.688805 健信超导: 数据不足34天(32行)
2026-02-09 22:03:21,096 - WARNING - sz.300270 中威电子: 存在缺失值: {'volume': 5, 'amount': 5}
2026-02-09 22:03:22,047 - WARNING - sz.002185 华天科技: 存在缺失值: {'volume': 10, 'amount': 10}
2026-02-09 22:03:22,530 - WARNING - sz.300127 银河磁体: 存在缺失值: {'volume': 10, 'amount': 10}
2026-02-09 22:03:23,600 - WARNING - sz.300307 慈星股份: 存在缺失值: {'volume': 20, 'amount': 20}
2026-02-09 22:03:24,185 - WARNING - sh.600745 闻泰科技: 存在缺失值: {'volume': 2, 'amount': 2}
2026-02-09 22:03:25,249 - INFO - 进度: 2200/5187 | 有信号: 1945 | 信号总数: 73953
2026-02-09 22:03:28,578 - WARNING - sz.300343 ST联创: 存在缺失值: {'volume': 1, 'amount': 1}
2026-02-09 22:03:29,716 - WARNING - sz.300665 飞鹿股份: 存在缺失值: {'volume': 2, 'amount': 2}
2026-02-09 22:03:32,178 - WARNING - sh.600530 交大昂立: 存在缺失值: {'volume': 1, 'amount': 1}
2026-02-09 22:03:33,075 - WARNING - sh.688110 东芯股份: 存在缺失值: {'volume': 3, 'amount': 3}
2026-02-09 22:03:33,173 - WARNING - sh.603721 *ST天择: 存在缺失值: {'volume': 1, 'amount': 1}
2026-02-09 22:03:34,145 - WARNING - sh.600355 *ST精伦: 存在缺失值: {'volume': 1, 'amount': 1}
2026-02-09 22:03:34,555 - WARNING - sz.000668 *ST荣控: 存在缺失值: {'volume': 1, 'amount': 1}
2026-02-09 22:03:35,363 - INFO - 进度: 2300/5187 | 有信号: 2036 | 信号总数: 77227
2026-02-09 22:03:38,063 - WARNING - sz.002305 *ST南置: 存在缺失值: {'volume': 1, 'amount': 1}
2026-02-09 22:03:38,616 - WARNING - sh.601133 柏诚股份: 存在缺失值: {'volume': 3, 'amount': 3}
2026-02-09 22:03:38,971 - WARNING - sh.600730 中国高科: 存在缺失值: {'volume': 5, 'amount': 5}
2026-02-09 22:03:40,442 - WARNING - sh.600337 美克家居: 存在缺失值: {'volume': 10, 'amount': 10}
2026-02-09 22:03:41,299 - WARNING - sz.002168 *ST惠程: 存在缺失值: {'volume': 1, 'amount': 1}
2026-02-09 22:03:41,393 - WARNING - sz.002868 *ST绿康: 存在缺失值: {'volume': 5, 'amount': 5}
2026-02-09 22:03:41,985 - WARNING - sz.300174 元力股份: 存在缺失值: {'volume': 9, 'amount': 9}
2026-02-09 22:03:42,172 - WARNING - sz.002090 金智科技: 存在缺失值: {'volume': 2, 'amount': 2}
2026-02-09 22:03:43,370 - WARNING - sz.300111 向日葵: 存在缺失值: {'volume': 10, 'amount': 10}
2026-02-09 22:03:45,394 - INFO - 进度: 2400/5187 | 有信号: 2127 | 信号总数: 80710
2026-02-09 22:03:46,485 - WARNING - sz.002510 天汽模: 存在缺失值: {'volume': 2, 'amount': 2}
2026-02-09 22:03:47,676 - WARNING - sh.605008 长鸿高科: 存在缺失值: {'volume': 9, 'amount': 9}
2026-02-09 22:03:47,978 - WARNING - sh.600499 科达制造: 存在缺失值: {'volume': 10, 'amount': 10}
2026-02-09 22:03:49,178 - WARNING - sz.301148 嘉戎技术: 存在缺失值: {'volume': 10, 'amount': 10}
2026-02-09 22:03:50,476 - WARNING - sz.000777 中核科技: 存在缺失值: {'volume': 8, 'amount': 8}
2026-02-09 22:03:50,992 - WARNING - sz.301007 德迈仕: 存在缺失值: {'volume': 2, 'amount': 2}
2026-02-09 22:03:53,609 - WARNING - sz.002316 亚联发展: 存在缺失值: {'volume': 1, 'amount': 1}
2026-02-09 22:03:53,612 - WARNING - sz.300131 英唐智控: 存在缺失值: {'volume': 10, 'amount': 10}
2026-02-09 22:03:54,298 - WARNING - sz.300472 *ST新元: 存在缺失值: {'volume': 1, 'amount': 1}
2026-02-09 22:03:54,615 - WARNING - sz.002822 ST中装: 存在缺失值: {'volume': 3, 'amount': 3}
2026-02-09 22:03:54,850 - WARNING - sh.688195 腾景科技: 存在缺失值: {'volume': 10, 'amount': 10}
2026-02-09 22:03:55,045 - INFO - 进度: 2500/5187 | 有信号: 2215 | 信号总数: 84034
2026-02-09 22:03:55,048 - WARNING - sh.600375 汉马科技: 存在缺失值: {'volume': 1, 'amount': 1}
2026-02-09 22:03:59,249 - WARNING - sz.000878 云南铜业: 存在缺失值: {'volume': 9, 'amount': 9}
2026-02-09 22:04:03,907 - WARNING - sz.001270 *ST铖昌: 存在缺失值: {'volume': 4, 'amount': 4}
2026-02-09 22:04:04,319 - WARNING - sz.002058 *ST威尔: 存在缺失值: {'volume': 1, 'amount': 1}
2026-02-09 22:04:06,426 - INFO - 进度: 2600/5187 | 有信号: 2308 | 信号总数: 87290
2026-02-09 22:04:07,038 - WARNING - sh.603719 良品铺子: 存在缺失值: {'volume': 5, 'amount': 5}
2026-02-09 22:04:09,796 - WARNING - sh.688209 英集芯: 存在缺失值: {'volume': 10, 'amount': 10}
2026-02-09 22:04:11,900 - WARNING - sh.600753 *ST海钦: 存在缺失值: {'volume': 1, 'amount': 1}
2026-02-09 22:04:13,192 - WARNING - sz.300692 中赋科技: 存在缺失值: {'volume': 3, 'amount': 3}
2026-02-09 22:04:13,196 - WARNING - sh.688739 成大生物: 存在缺失值: {'volume': 3, 'amount': 3}
2026-02-09 22:04:14,680 - WARNING - sz.000929 *ST兰黄: 存在缺失值: {'volume': 1, 'amount': 1}
2026-02-09 22:04:15,324 - WARNING - sz.002092 中泰化学: 存在缺失值: {'volume': 1, 'amount': 1}
2026-02-09 22:04:17,219 - WARNING - sz.300147 ST香雪: 存在缺失值: {'volume': 1, 'amount': 1}
2026-02-09 22:04:17,516 - INFO - 进度: 2700/5187 | 有信号: 2398 | 信号总数: 90717
2026-02-09 22:04:17,521 - WARNING - sz.000820 *ST节能: 存在缺失值: {'volume': 1, 'amount': 1}
2026-02-09 22:04:17,849 - WARNING - sh.603122 合富中国: 存在缺失值: {'volume': 3, 'amount': 3}
2026-02-09 22:04:17,852 - WARNING - sz.300198 ST纳川: 存在缺失值: {'volume': 1, 'amount': 1}
2026-02-09 22:04:17,966 - WARNING - sz.300051 琏升科技: 存在缺失值: {'volume': 10, 'amount': 10}
2026-02-09 22:04:18,644 - WARNING - sz.300422 博世科: 存在缺失值: {'volume': 5, 'amount': 5}
2026-02-09 22:04:18,849 - WARNING - sh.600671 天目药业: 存在缺失值: {'volume': 1, 'amount': 1}
2026-02-09 22:04:24,433 - WARNING - sh.603496 恒为科技: 存在缺失值: {'volume': 9, 'amount': 9}
2026-02-09 22:04:26,963 - WARNING - sz.300956 英力股份: 存在缺失值: {'volume': 10, 'amount': 10}
2026-02-09 22:04:27,082 - WARNING - sz.000592 平潭发展: 存在缺失值: {'volume': 3, 'amount': 3}
2026-02-09 22:04:27,085 - WARNING - sh.688109 品茗科技: 存在缺失值: {'volume': 5, 'amount': 5}
2026-02-09 22:04:27,204 - INFO - 进度: 2800/5187 | 有信号: 2484 | 信号总数: 93927
2026-02-09 22:04:27,755 - WARNING - sz.000889 中嘉博创: 存在缺失值: {'volume': 1, 'amount': 1}
2026-02-09 22:04:31,969 - WARNING - sz.300185 通裕重工: 存在缺失值: {'volume': 2, 'amount': 2}
2026-02-09 22:04:32,292 - WARNING - sh.600130 *ST波导: 存在缺失值: {'volume': 1, 'amount': 1}
2026-02-09 22:04:32,405 - WARNING - sh.605028 世茂能源: 存在缺失值: {'volume': 5, 'amount': 5}
2026-02-09 22:04:33,321 - WARNING - sz.001206 依依股份: 存在缺失值: {'volume': 9, 'amount': 9}
2026-02-09 22:04:33,901 - WARNING - sz.300424 航新科技: 存在缺失值: {'volume': 5, 'amount': 5}
2026-02-09 22:04:34,228 - WARNING - sh.600566 济川药业: 存在缺失值: {'volume': 1, 'amount': 1}
2026-02-09 22:04:35,906 - WARNING - sh.605255 天普股份: 存在缺失值: {'volume': 33, 'amount': 33}
2026-02-09 22:04:36,335 - WARNING - sz.002251 步步高: 存在缺失值: {'volume': 1, 'amount': 1}
2026-02-09 22:04:36,977 - WARNING - sz.301040 中环海陆: 存在缺失值: {'volume': 5, 'amount': 5}
2026-02-09 22:04:37,534 - INFO - 进度: 2900/5187 | 有信号: 2574 | 信号总数: 96897
2026-02-09 22:04:38,378 - WARNING - sz.300588 熙菱信息: 存在缺失值: {'volume': 5, 'amount': 5}
2026-02-09 22:04:38,487 - WARNING - sz.002717 ST岭南: 存在缺失值: {'volume': 1, 'amount': 1}
2026-02-09 22:04:38,790 - WARNING - sh.688053 ST思科瑞: 存在缺失值: {'volume': 1, 'amount': 1}
2026-02-09 22:04:38,988 - WARNING - sz.001396 誉帆科技: 数据不足34天(28行)
2026-02-09 22:04:38,992 - WARNING - sz.300044 ST赛为: 存在缺失值: {'volume': 1, 'amount': 1}
2026-02-09 22:04:39,546 - WARNING - sz.002370 亚太药业: 存在缺失值: {'volume': 5, 'amount': 5}
2026-02-09 22:04:40,264 - WARNING - sh.600863 内蒙华电: 存在缺失值: {'volume': 8, 'amount': 8}
2026-02-09 22:04:41,027 - WARNING - sz.002968 新大正: 存在缺失值: {'volume': 10, 'amount': 10}
2026-02-09 22:04:41,030 - WARNING - sh.605318 法狮龙: 存在缺失值: {'volume': 1, 'amount': 1}
2026-02-09 22:04:41,350 - WARNING - sh.603306 华懋科技: 存在缺失值: {'volume': 10, 'amount': 10}
2026-02-09 22:04:42,127 - WARNING - sh.603789 *ST星农: 存在缺失值: {'volume': 1, 'amount': 1}
2026-02-09 22:04:42,778 - WARNING - sz.300839 博汇股份: 存在缺失值: {'volume': 5, 'amount': 5}
2026-02-09 22:04:43,622 - WARNING - sh.688522 纳睿雷达: 存在缺失值: {'volume': 10, 'amount': 10}
2026-02-09 22:04:44,257 - WARNING - sz.002199 *ST东晶: 存在缺失值: {'volume': 6, 'amount': 6}
2026-02-09 22:04:44,816 - WARNING - sz.002700 万憬能源: 存在缺失值: {'volume': 1, 'amount': 1}
2026-02-09 22:04:45,666 - WARNING - sz.301171 易点天下: 存在缺失值: {'volume': 3, 'amount': 3}
2026-02-09 22:04:46,421 - WARNING - sz.002420 毅昌科技: 存在缺失值: {'volume': 3, 'amount': 3}
2026-02-09 22:04:46,731 - INFO - 进度: 3000/5187 | 有信号: 2655 | 信号总数: 99831
2026-02-09 22:04:47,406 - WARNING - sz.000525 红太阳: 存在缺失值: {'volume': 1, 'amount': 1}
2026-02-09 22:04:48,770 - WARNING - sz.300955 嘉亨家化: 存在缺失值: {'volume': 5, 'amount': 5}
2026-02-09 22:04:51,677 - WARNING - sh.603776 永安行: 存在缺失值: {'volume': 5, 'amount': 5}
2026-02-09 22:04:52,776 - WARNING - sh.688347 华虹公司: 存在缺失值: {'volume': 10, 'amount': 10}
2026-02-09 22:04:53,607 - WARNING - sh.600191 华资实业: 存在缺失值: {'volume': 1, 'amount': 1}
2026-02-09 22:04:53,610 - WARNING - sh.603019 中科曙光: 存在缺失值: {'volume': 10, 'amount': 10}
2026-02-09 22:04:54,401 - WARNING - sz.300277 海联讯: 存在缺失值: {'volume': 10, 'amount': 10}
2026-02-09 22:04:57,375 - WARNING - sz.301079 邵阳液压: 存在缺失值: {'volume': 10, 'amount': 10}
2026-02-09 22:04:57,377 - WARNING - sz.300159 *ST新研: 存在缺失值: {'volume': 2, 'amount': 2}
2026-02-09 22:04:57,377 - INFO - 进度: 3100/5187 | 有信号: 2745 | 信号总数: 103390
2026-02-09 22:04:57,804 - WARNING - sh.600381 *ST春天: 存在缺失值: {'volume': 1, 'amount': 1}
2026-02-09 22:04:58,682 - WARNING - sh.600446 金证股份: 存在缺失值: {'volume': 5, 'amount': 5}
2026-02-09 22:04:59,608 - WARNING - sh.603078 江化微: 存在缺失值: {'volume': 5, 'amount': 5}
2026-02-09 22:04:59,801 - WARNING - sh.688667 菱电电控: 存在缺失值: {'volume': 9, 'amount': 9}
2026-02-09 22:05:00,114 - WARNING - sz.301667 纳百川: 数据不足34天(33行)
2026-02-09 22:05:01,052 - WARNING - sz.002166 莱茵生物: 存在缺失值: {'volume': 10, 'amount': 10}
2026-02-09 22:05:01,247 - WARNING - sh.601088 中国神华: 存在缺失值: {'volume': 10, 'amount': 10}
2026-02-09 22:05:03,600 - WARNING - sz.300965 恒宇信通: 存在缺失值: {'volume': 1, 'amount': 1}
2026-02-09 22:05:04,492 - WARNING - sh.600624 ST复华: 存在缺失值: {'volume': 1, 'amount': 1}
2026-02-09 22:05:30,843 - WARNING - sz.301027 华蓝集团: 存在缺失值: {'volume': 3, 'amount': 3}
2026-02-09 22:05:30,913 - WARNING - sz.000004 *ST国华: 存在缺失值: {'volume': 1, 'amount': 1}
2026-02-09 22:05:31,293 - WARNING - sh.688291 金橙子: 存在缺失值: {'volume': 9, 'amount': 9}
2026-02-09 22:05:32,596 - INFO - 进度: 3200/5187 | 有信号: 2833 | 信号总数: 106708
2026-02-09 22:05:33,838 - WARNING - sz.300225 *ST金泰: 存在缺失值: {'volume': 41, 'amount': 41}
2026-02-09 22:05:33,841 - WARNING - sz.002647 *ST仁东: 存在缺失值: {'volume': 2, 'amount': 2}
2026-02-09 22:05:34,057 - WARNING - sz.002806 华锋股份: 存在缺失值: {'volume': 5, 'amount': 5}
2026-02-09 22:05:34,250 - WARNING - sz.300986 志特新材: 存在缺失值: {'volume': 3, 'amount': 3}
2026-02-09 22:05:35,555 - WARNING - sz.002718 友邦吊顶: 存在缺失值: {'volume': 5, 'amount': 5}
2026-02-09 22:05:36,062 - WARNING - sh.600590 泰豪科技: 存在缺失值: {'volume': 10, 'amount': 10}
2026-02-09 22:05:37,216 - WARNING - sz.300442 润泽科技: 存在缺失值: {'volume': 2, 'amount': 2}
2026-02-09 22:05:37,321 - WARNING - sz.002128 电投能源: 存在缺失值: {'volume': 9, 'amount': 9}
2026-02-09 22:05:39,620 - WARNING - sh.600302 标准股份: 存在缺失值: {'volume': 5, 'amount': 5}
2026-02-09 22:05:39,851 - WARNING - sz.000697 ST炼石: 存在缺失值: {'volume': 4, 'amount': 4}
2026-02-09 22:05:40,358 - WARNING - sh.688073 毕得医药: 存在缺失值: {'volume': 10, 'amount': 10}
2026-02-09 22:05:42,023 - INFO - 进度: 3300/5187 | 有信号: 2918 | 信号总数: 110117
2026-02-09 22:05:42,123 - WARNING - sz.002778 中晟高科: 存在缺失值: {'volume': 5, 'amount': 5}
2026-02-09 22:05:45,271 - WARNING - sz.300338 ST开元: 存在缺失值: {'volume': 1, 'amount': 1}
2026-02-09 22:05:45,275 - WARNING - sz.301357 北方长龙: 存在缺失值: {'volume': 10, 'amount': 10}
2026-02-09 22:05:45,617 - WARNING - sz.300093 *ST金刚: 存在缺失值: {'volume': 2, 'amount': 2}
2026-02-09 22:05:46,211 - WARNING - sz.000908 *ST景峰: 存在缺失值: {'volume': 2, 'amount': 2}
2026-02-09 22:05:48,161 - WARNING - sz.300948 冠中生态: 存在缺失值: {'volume': 5, 'amount': 5}
2026-02-09 22:05:49,739 - WARNING - sh.603037 凯众股份: 存在缺失值: {'volume': 5, 'amount': 5}
2026-02-09 22:05:50,063 - WARNING - sh.600228 *ST返利: 存在缺失值: {'volume': 1, 'amount': 1}
2026-02-09 22:05:51,014 - WARNING - sz.002123 梦网科技: 存在缺失值: {'volume': 10, 'amount': 10}
2026-02-09 22:05:51,527 - INFO - 进度: 3400/5187 | 有信号: 3008 | 信号总数: 113423
2026-02-09 22:05:51,829 - WARNING - sh.603014 威高血净: 存在缺失值: {'volume': 10, 'amount': 10}
2026-02-09 22:05:53,583 - WARNING - sz.300046 台基股份: 存在缺失值: {'volume': 5, 'amount': 5}
2026-02-09 22:05:55,865 - WARNING - sh.688585 上纬新材: 存在缺失值: {'volume': 14, 'amount': 14}
2026-02-09 22:05:57,158 - WARNING - sh.603398 *ST沐邦: 存在缺失值: {'volume': 1, 'amount': 1}
2026-02-09 22:05:57,548 - WARNING - sz.000488 ST晨鸣: 存在缺失值: {'volume': 1, 'amount': 1}
2026-02-09 22:05:58,143 - WARNING - sz.300658 延江股份: 存在缺失值: {'volume': 10, 'amount': 10}
2026-02-09 22:05:58,456 - WARNING - sh.600287 苏豪时尚: 存在缺失值: {'volume': 1, 'amount': 1}
2026-02-09 22:05:58,926 - WARNING - sz.002231 *ST奥维: 存在缺失值: {'volume': 8, 'amount': 8}
2026-02-09 22:05:59,324 - WARNING - sz.002425 凯撒文化: 存在缺失值: {'volume': 1, 'amount': 1}
2026-02-09 22:05:59,758 - WARNING - sz.301012 扬电科技: 存在缺失值: {'volume': 2, 'amount': 2}
2026-02-09 22:05:59,860 - WARNING - sh.600603 广汇物流: 存在缺失值: {'volume': 1, 'amount': 1}
2026-02-09 22:06:00,750 - WARNING - sz.300950 德固特: 存在缺失值: {'volume': 10, 'amount': 10}
2026-02-09 22:06:02,361 - INFO - 进度: 3500/5187 | 有信号: 3095 | 信号总数: 117005
2026-02-09 22:06:06,426 - WARNING - sz.002235 安妮股份: 存在缺失值: {'volume': 5, 'amount': 5}
2026-02-09 22:06:10,063 - WARNING - sz.002812 恩捷股份: 存在缺失值: {'volume': 10, 'amount': 10}
2026-02-09 22:06:10,573 - WARNING - sz.003041 真爱美家: 存在缺失值: {'volume': 5, 'amount': 5}
2026-02-09 22:06:11,668 - WARNING - sz.000403 派林生物: 存在缺失值: {'volume': 2, 'amount': 2}
2026-02-09 22:06:12,437 - WARNING - sz.002055 ST得润: 存在缺失值: {'volume': 1, 'amount': 1}
2026-02-09 22:06:12,437 - INFO - 进度: 3600/5187 | 有信号: 3190 | 信号总数: 120783
2026-02-09 22:06:15,836 - WARNING - sz.300353 东土科技: 存在缺失值: {'volume': 9, 'amount': 9}
2026-02-09 22:21:19,935 - WARNING - sz.002424 ST百灵: 存在缺失值: {'volume': 2, 'amount': 2}
2026-02-09 22:21:22,751 - WARNING - sh.600156 华升股份: 存在缺失值: {'volume': 10, 'amount': 10}
2026-02-09 22:21:22,754 - WARNING - sh.688381 帝奥微: 存在缺失值: {'volume': 10, 'amount': 10}
2026-02-09 22:21:49,760 - WARNING - sh.600831 广电网络: 存在缺失值: {'volume': 1, 'amount': 1}
2026-02-09 22:21:50,788 - INFO - 进度: 3700/5187 | 有信号: 3285 | 信号总数: 124352
2026-02-09 22:21:51,929 - WARNING - sz.301687 新广益: 数据不足34天(27行)
2026-02-09 22:21:54,337 - WARNING - sh.603001 奥康国际: 存在缺失值: {'volume': 4, 'amount': 4}
2026-02-09 22:21:55,747 - WARNING - sz.300301 ST长方: 存在缺失值: {'volume': 1, 'amount': 1}
2026-02-09 22:21:57,148 - WARNING - sz.300052 ST中青宝: 存在缺失值: {'volume': 1, 'amount': 1}
2026-02-09 22:21:57,255 - WARNING - sh.600107 ST尔雅: 存在缺失值: {'volume': 1, 'amount': 1}
2026-02-09 22:21:57,449 - WARNING - sz.002490 山东墨龙: 存在缺失值: {'volume': 1, 'amount': 1}
2026-02-09 22:21:57,565 - WARNING - sh.603226 菲林格尔: 存在缺失值: {'volume': 4, 'amount': 4}
2026-02-09 22:21:57,567 - WARNING - sz.301112 信邦智能: 存在缺失值: {'volume': 10, 'amount': 10}
2026-02-09 22:21:58,519 - WARNING - sz.300507 苏奥传感: 存在缺失值: {'volume': 5, 'amount': 5}
2026-02-09 22:21:59,562 - WARNING - sh.688521 芯原股份: 存在缺失值: {'volume': 10, 'amount': 10}
2026-02-09 22:22:00,506 - WARNING - sh.601059 信达证券: 存在缺失值: {'volume': 20, 'amount': 20}
2026-02-09 22:22:00,946 - INFO - 进度: 3800/5187 | 有信号: 3374 | 信号总数: 127641
2026-02-09 22:22:01,464 - WARNING - sz.000612 焦作万方: 存在缺失值: {'volume': 10, 'amount': 10}
2026-02-09 22:22:02,407 - WARNING - sz.000421 南京公用: 存在缺失值: {'volume': 7, 'amount': 7}
2026-02-09 22:22:02,408 - WARNING - sh.688655 迅捷兴: 存在缺失值: {'volume': 9, 'amount': 9}
2026-02-09 22:22:03,352 - WARNING - sh.688766 普冉股份: 存在缺失值: {'volume': 10, 'amount': 10}
2026-02-09 22:22:05,897 - WARNING - sh.688656 浩欧博: 存在缺失值: {'volume': 1, 'amount': 1}
2026-02-09 22:22:06,926 - WARNING - sz.000903 ST云动: 存在缺失值: {'volume': 1, 'amount': 1}
2026-02-09 22:22:07,905 - WARNING - sz.002114 罗平锌电: 存在缺失值: {'volume': 4, 'amount': 4}
2026-02-09 22:22:09,124 - WARNING - sz.002620 ST瑞和: 存在缺失值: {'volume': 1, 'amount': 1}
2026-02-09 22:22:10,653 - INFO - 进度: 3900/5187 | 有信号: 3465 | 信号总数: 131041
2026-02-09 22:22:11,835 - WARNING - sz.300313 *ST天山: 存在缺失值: {'volume': 1, 'amount': 1}
2026-02-09 22:22:12,772 - WARNING - sh.688511 *ST天微: 存在缺失值: {'volume': 1, 'amount': 1}
2026-02-09 22:22:14,253 - WARNING - sz.300268 *ST佳沃: 存在缺失值: {'volume': 1, 'amount': 1}
2026-02-09 22:22:14,389 - WARNING - sh.601519 大智慧: 存在缺失值: {'volume': 10, 'amount': 10}
2026-02-09 22:22:14,513 - WARNING - sh.600168 武汉控股: 存在缺失值: {'volume': 10, 'amount': 10}
2026-02-09 22:22:14,801 - WARNING - sz.300291 百纳千成: 存在缺失值: {'volume': 8, 'amount': 8}
2026-02-09 22:22:15,407 - WARNING - sz.002554 惠博普: 存在缺失值: {'volume': 4, 'amount': 4}
2026-02-09 22:22:15,699 - WARNING - sh.688076 ST诺泰: 存在缺失值: {'volume': 1, 'amount': 1}
2026-02-09 22:22:16,098 - WARNING - sh.603330 天洋新材: 存在缺失值: {'volume': 4, 'amount': 4}
2026-02-09 22:22:16,496 - WARNING - sz.002516 旷达科技: 存在缺失值: {'volume': 5, 'amount': 5}
2026-02-09 22:22:17,447 - WARNING - sz.002571 德力股份: 存在缺失值: {'volume': 5, 'amount': 5}
2026-02-09 22:22:20,382 - WARNING - sz.000504 *ST生物: 存在缺失值: {'volume': 1, 'amount': 1}
2026-02-09 22:22:21,138 - WARNING - sz.300536 农尚环境: 存在缺失值: {'volume': 1, 'amount': 1}
2026-02-09 22:22:21,329 - INFO - 进度: 4000/5187 | 有信号: 3552 | 信号总数: 134502
2026-02-09 22:22:22,145 - WARNING - sh.603758 秦安股份: 存在缺失值: {'volume': 9, 'amount': 9}
2026-02-09 22:22:22,148 - WARNING - sz.300373 扬杰科技: 存在缺失值: {'volume': 10, 'amount': 10}
2026-02-09 22:22:22,447 - WARNING - sz.002153 石基信息: 存在缺失值: {'volume': 3, 'amount': 3}
2026-02-09 22:22:22,781 - WARNING - sz.002826 易明医药: 存在缺失值: {'volume': 5, 'amount': 5}
2026-02-09 22:22:23,411 - WARNING - sz.002326 永太科技: 存在缺失值: {'volume': 1, 'amount': 1}
2026-02-09 22:22:24,708 - WARNING - sz.000716 黑芝麻: 存在缺失值: {'volume': 5, 'amount': 5}
2026-02-09 22:22:26,278 - WARNING - sh.600399 抚顺特钢: 存在缺失值: {'volume': 1, 'amount': 1}
2026-02-09 22:22:28,429 - WARNING - sh.603056 德邦股份: 存在缺失值: {'volume': 16, 'amount': 16}
2026-02-09 22:22:30,001 - WARNING - sz.002630 ST华西: 存在缺失值: {'volume': 1, 'amount': 1}
2026-02-09 22:22:30,387 - WARNING - sz.000633 合金投资: 存在缺失值: {'volume': 5, 'amount': 5}
2026-02-09 22:22:30,706 - WARNING - sh.601121 宝地矿业: 存在缺失值: {'volume': 4, 'amount': 4}
2026-02-09 22:22:31,326 - WARNING - sh.603608 天创时尚: 存在缺失值: {'volume': 6, 'amount': 6}
2026-02-09 22:22:31,432 - INFO - 进度: 4100/5187 | 有信号: 3640 | 信号总数: 137898
2026-02-09 22:22:33,090 - WARNING - sh.688191 智洋创新: 存在缺失值: {'volume': 4, 'amount': 4}
2026-02-09 22:22:34,347 - WARNING - sz.000506 招金黄金: 存在缺失值: {'volume': 1, 'amount': 1}
2026-02-09 22:22:35,532 - WARNING - sz.002172 澳洋健康: 存在缺失值: {'volume': 5, 'amount': 5}
2026-02-09 22:22:36,046 - WARNING - sz.003004 *ST声迅: 存在缺失值: {'volume': 1, 'amount': 1}
2026-02-09 22:22:36,821 - WARNING - sh.600539 狮头股份: 存在缺失值: {'volume': 10, 'amount': 10}
2026-02-09 22:22:37,548 - WARNING - sz.000545 金浦钛业: 存在缺失值: {'volume': 10, 'amount': 10}
2026-02-09 22:22:38,415 - WARNING - sz.002586 ST围海: 存在缺失值: {'volume': 1, 'amount': 1}
2026-02-09 22:22:38,800 - WARNING - sh.603151 邦基科技: 存在缺失值: {'volume': 8, 'amount': 8}
2026-02-09 22:22:40,226 - WARNING - sz.300376 易事特: 存在缺失值: {'volume': 1, 'amount': 1}
2026-02-09 22:22:41,040 - INFO - 进度: 4200/5187 | 有信号: 3730 | 信号总数: 141345
2026-02-09 22:22:42,980 - WARNING - sh.603517 ST绝味: 存在缺失值: {'volume': 1, 'amount': 1}
2026-02-09 22:22:44,265 - WARNING - sz.001220 世盟股份: 数据不足34天(5行)
2026-02-09 22:22:44,269 - WARNING - sh.603729 龙韵股份: 存在缺失值: {'volume': 10, 'amount': 10}
2026-02-09 22:23:12,399 - WARNING - sh.600579 中化装备: 存在缺失值: {'volume': 10, 'amount': 10}
2026-02-09 22:23:13,229 - WARNING - sh.603825 ST华扬: 存在缺失值: {'volume': 1, 'amount': 1}
2026-02-09 22:23:14,825 - WARNING - sh.600636 *ST国化: 存在缺失值: {'volume': 1, 'amount': 1}
2026-02-09 22:23:15,909 - WARNING - sz.301316 慧博云通: 存在缺失值: {'volume': 10, 'amount': 10}
2026-02-09 22:23:17,333 - WARNING - sh.688593 新相微: 存在缺失值: {'volume': 10, 'amount': 10}
2026-02-09 22:23:17,419 - INFO - 进度: 4300/5187 | 有信号: 3820 | 信号总数: 144781
2026-02-09 22:23:19,791 - WARNING - sh.605081 *ST太和: 存在缺失值: {'volume': 6, 'amount': 6}
2026-02-09 22:23:21,069 - WARNING - sh.603336 宏辉果蔬: 存在缺失值: {'volume': 5, 'amount': 5}
2026-02-09 22:23:24,999 - WARNING - sh.600421 *ST华嵘: 存在缺失值: {'volume': 6, 'amount': 6}
2026-02-09 22:23:26,638 - WARNING - sz.300169 天晟新材: 存在缺失值: {'volume': 5, 'amount': 5}
2026-02-09 22:23:26,641 - WARNING - sz.002564 天沃科技: 存在缺失值: {'volume': 1, 'amount': 1}
2026-02-09 22:23:27,400 - WARNING - sz.300585 奥联电子: 存在缺失值: {'volume': 5, 'amount': 5}
2026-02-09 22:23:27,924 - INFO - 进度: 4400/5187 | 有信号: 3914 | 信号总数: 148435
2026-02-09 22:23:28,034 - WARNING - sz.300173 ST福能: 存在缺失值: {'volume': 1, 'amount': 1}
2026-02-09 22:23:28,926 - WARNING - sz.000793 ST华闻: 存在缺失值: {'volume': 1, 'amount': 1}
2026-02-09 22:23:29,367 - WARNING - sz.002656 *ST摩登: 存在缺失值: {'volume': 10, 'amount': 10}
2026-02-09 22:23:29,580 - WARNING - sh.605389 长龄液压: 存在缺失值: {'volume': 7, 'amount': 7}
2026-02-09 22:23:31,217 - WARNING - sz.300672 国科微: 存在缺失值: {'volume': 10, 'amount': 10}
2026-02-09 22:23:31,958 - WARNING - sh.600608 *ST沪科: 存在缺失值: {'volume': 1, 'amount': 1}
2026-02-09 22:23:32,501 - WARNING - sz.002955 鸿合科技: 存在缺失值: {'volume': 4, 'amount': 4}
2026-02-09 22:23:32,505 - WARNING - sh.603616 韩建河山: 存在缺失值: {'volume': 10, 'amount': 10}
2026-02-09 22:23:32,508 - WARNING - sh.688228 开普云: 存在缺失值: {'volume': 10, 'amount': 10}
2026-02-09 22:23:35,005 - WARNING - sh.603980 吉华集团: 存在缺失值: {'volume': 5, 'amount': 5}
2026-02-09 22:23:35,684 - WARNING - sz.300572 安车检测: 存在缺失值: {'volume': 5, 'amount': 5}
2026-02-09 22:23:37,053 - WARNING - sh.603580 *ST艾艾: 存在缺失值: {'volume': 1, 'amount': 1}
2026-02-09 22:23:37,056 - WARNING - sz.002496 *ST辉丰: 存在缺失值: {'volume': 1, 'amount': 1}
2026-02-09 22:23:37,243 - INFO - 进度: 4500/5187 | 有信号: 4000 | 信号总数: 151842
2026-02-09 22:23:37,247 - WARNING - sh.688981 中芯国际: 存在缺失值: {'volume': 6, 'amount': 6}
2026-02-09 22:23:40,322 - WARNING - sz.002765 蓝黛科技: 存在缺失值: {'volume': 2, 'amount': 2}
2026-02-09 22:23:41,726 - WARNING - sz.000615 *ST美谷: 存在缺失值: {'volume': 2, 'amount': 2}
2026-02-09 22:23:43,296 - WARNING - sz.300205 *ST天喻: 存在缺失值: {'volume': 1, 'amount': 1}
2026-02-09 22:23:45,190 - WARNING - sh.600696 *ST岩石: 存在缺失值: {'volume': 1, 'amount': 1}
2026-02-09 22:23:45,193 - WARNING - sh.600800 渤海化学: 存在缺失值: {'volume': 10, 'amount': 10}
2026-02-09 22:23:46,070 - WARNING - sz.001285 瑞立科密: 存在缺失值: {'volume': 1, 'amount': 1}
2026-02-09 22:23:46,073 - WARNING - sz.002379 宏桥控股: 存在缺失值: {'volume': 3, 'amount': 3}
2026-02-09 22:23:46,369 - WARNING - sz.301288 *ST清研: 存在缺失值: {'volume': 1, 'amount': 1}
2026-02-09 22:23:46,369 - INFO - 进度: 4600/5187 | 有信号: 4089 | 信号总数: 155086
2026-02-09 22:23:46,656 - WARNING - sz.300013 新宁物流: 存在缺失值: {'volume': 1, 'amount': 1}
2026-02-09 22:23:47,133 - WARNING - sz.300912 凯龙高科: 存在缺失值: {'volume': 10, 'amount': 10}
2026-02-09 22:23:47,330 - WARNING - sh.603879 永悦科技: 存在缺失值: {'volume': 1, 'amount': 1}
2026-02-09 22:23:47,333 - WARNING - sz.000821 ST京机: 存在缺失值: {'volume': 1, 'amount': 1}
2026-02-09 22:23:47,334 - WARNING - sz.001369 双欣环保: 数据不足34天(28行)
2026-02-09 22:23:47,336 - WARNING - sz.300368 汇金股份: 存在缺失值: {'volume': 1, 'amount': 1}
2026-02-09 22:23:48,103 - WARNING - sh.603007 *ST花王: 存在缺失值: {'volume': 2, 'amount': 2}
2026-02-09 22:23:50,135 - WARNING - sz.002581 ST未名: 存在缺失值: {'volume': 1, 'amount': 1}
2026-02-09 22:23:50,461 - WARNING - sz.000722 湖南发展: 存在缺失值: {'volume': 10, 'amount': 10}
2026-02-09 22:23:51,122 - WARNING - sz.300326 ST凯利: 存在缺失值: {'volume': 4, 'amount': 4}
2026-02-09 22:23:52,597 - WARNING - sh.601995 中金公司: 存在缺失值: {'volume': 20, 'amount': 20}
2026-02-09 22:23:53,010 - WARNING - sz.002456 欧菲光: 存在缺失值: {'volume': 10, 'amount': 10}
2026-02-09 22:23:55,553 - INFO - 进度: 4700/5187 | 有信号: 4176 | 信号总数: 158224
2026-02-09 22:23:55,658 - WARNING - sz.002348 高乐股份: 存在缺失值: {'volume': 5, 'amount': 5}
2026-02-09 22:23:56,191 - WARNING - sh.601198 东兴证券: 存在缺失值: {'volume': 20, 'amount': 20}
2026-02-09 22:23:58,189 - WARNING - sh.600962 国投中鲁: 存在缺失值: {'volume': 10, 'amount': 10}
2026-02-09 22:39:24,638 - WARNING - sz.300344 *ST立方: 存在缺失值: {'volume': 8, 'amount': 8}
2026-02-09 22:39:25,624 - WARNING - sh.601500 通用股份: 存在缺失值: {'volume': 4, 'amount': 4}
2026-02-09 22:39:25,627 - WARNING - sz.300511 雪榕生物: 存在缺失值: {'volume': 5, 'amount': 5}
2026-02-09 22:39:25,821 - WARNING - sh.600114 东睦股份: 存在缺失值: {'volume': 10, 'amount': 10}
2026-02-09 22:39:29,200 - WARNING - sz.002731 萃华珠宝: 存在缺失值: {'volume': 1, 'amount': 1}
2026-02-09 22:39:30,395 - WARNING - sh.600525 ST长园: 存在缺失值: {'volume': 1, 'amount': 1}
2026-02-09 22:39:31,606 - WARNING - sz.300329 海伦钢琴: 存在缺失值: {'volume': 5, 'amount': 5}
2026-02-09 22:39:32,336 - INFO - 进度: 4800/5187 | 有信号: 4266 | 信号总数: 161559
2026-02-09 22:39:33,571 - WARNING - sh.603690 至纯科技: 存在缺失值: {'volume': 9, 'amount': 9}
2026-02-09 22:39:33,663 - WARNING - sh.603248 锡华科技: 数据不足34天(33行)
2026-02-09 22:39:34,014 - WARNING - sz.300554 三超新材: 存在缺失值: {'volume': 3, 'amount': 3}
2026-02-09 22:39:34,354 - WARNING - sz.000670 盈方微: 存在缺失值: {'volume': 10, 'amount': 10}
2026-02-09 22:39:34,802 - WARNING - sh.600933 爱柯迪: 存在缺失值: {'volume': 8, 'amount': 8}
2026-02-09 22:39:40,468 - WARNING - sz.300609 汇纳科技: 存在缺失值: {'volume': 3, 'amount': 3}
2026-02-09 22:39:43,292 - INFO - 进度: 4900/5187 | 有信号: 4359 | 信号总数: 165102
2026-02-09 22:39:45,092 - WARNING - sh.600735 ST新华锦: 存在缺失值: {'volume': 1, 'amount': 1}
2026-02-09 22:39:45,498 - WARNING - sz.300889 爱克股份: 存在缺失值: {'volume': 10, 'amount': 10}
2026-02-09 22:39:47,167 - WARNING - sh.603352 至信股份: 数据不足34天(18行)
2026-02-09 22:39:47,281 - WARNING - sz.002848 *ST高斯: 存在缺失值: {'volume': 1, 'amount': 1}
2026-02-09 22:39:48,351 - WARNING - sz.300807 天迈科技: 存在缺失值: {'volume': 3, 'amount': 3}
2026-02-09 22:39:48,742 - WARNING - sz.002667 威领股份: 存在缺失值: {'volume': 5, 'amount': 5}
2026-02-09 22:39:48,836 - WARNING - sz.000989 九芝堂: 存在缺失值: {'volume': 1, 'amount': 1}
2026-02-09 22:39:48,941 - WARNING - sz.002122 ST汇洲: 存在缺失值: {'volume': 1, 'amount': 1}
2026-02-09 22:39:49,043 - WARNING - sh.688165 埃夫特: 存在缺失值: {'volume': 10, 'amount': 10}
2026-02-09 22:39:49,045 - WARNING - sz.301213 观想科技: 存在缺失值: {'volume': 10, 'amount': 10}
2026-02-09 22:39:50,637 - WARNING - sh.688041 海光信息: 存在缺失值: {'volume': 10, 'amount': 10}
2026-02-09 22:39:50,869 - WARNING - sh.603359 东珠生态: 存在缺失值: {'volume': 10, 'amount': 10}
2026-02-09 22:39:52,514 - WARNING - sz.002175 东方智造: 存在缺失值: {'volume': 5, 'amount': 5}
2026-02-09 22:39:52,514 - INFO - 进度: 5000/5187 | 有信号: 4444 | 信号总数: 168138
2026-02-09 22:39:53,211 - WARNING - sz.002310 东方新能: 存在缺失值: {'volume': 1, 'amount': 1}
2026-02-09 22:39:53,966 - WARNING - sh.603813 *ST原尚: 存在缺失值: {'volume': 1, 'amount': 1}
2026-02-09 22:39:54,078 - WARNING - sh.688809 强一股份: 数据不足34天(28行)
2026-02-09 22:39:54,891 - WARNING - sz.001212 中旗新材: 存在缺失值: {'volume': 2, 'amount': 2}
2026-02-09 22:39:55,092 - WARNING - sz.301181 标榜股份: 存在缺失值: {'volume': 5, 'amount': 5}
2026-02-09 22:39:55,095 - WARNING - sz.002306 *ST云网: 存在缺失值: {'volume': 1, 'amount': 1}
2026-02-09 22:39:55,870 - WARNING - sz.300943 春晖智控: 存在缺失值: {'volume': 10, 'amount': 10}
2026-02-09 22:39:56,136 - WARNING - sz.001314 亿道信息: 存在缺失值: {'volume': 9, 'amount': 9}
2026-02-09 22:39:57,285 - WARNING - sh.688621 阳光诺和: 存在缺失值: {'volume': 9, 'amount': 9}
2026-02-09 22:39:57,506 - WARNING - sh.688339 亿华通: 存在缺失值: {'volume': 10, 'amount': 10}
2026-02-09 22:39:58,673 - WARNING - sz.301218 华是科技: 存在缺失值: {'volume': 5, 'amount': 5}
2026-02-09 22:39:58,777 - WARNING - sz.002387 维信诺: 存在缺失值: {'volume': 5, 'amount': 5}
2026-02-09 22:40:00,958 - WARNING - sh.600289 ST信通: 存在缺失值: {'volume': 12, 'amount': 12}
2026-02-09 22:40:01,060 - WARNING - sz.000070 特发信息: 存在缺失值: {'volume': 1, 'amount': 1}
2026-02-09 22:40:01,692 - INFO - 进度: 5100/5187 | 有信号: 4530 | 信号总数: 171255
2026-02-09 22:40:02,307 - WARNING - sz.300527 ST应急: 存在缺失值: {'volume': 1, 'amount': 1}
2026-02-09 22:40:02,310 - WARNING - sz.300300 海峡创新: 存在缺失值: {'volume': 4, 'amount': 4}
2026-02-09 22:40:02,844 - WARNING - sz.300366 ST创意: 存在缺失值: {'volume': 1, 'amount': 1}
2026-02-09 22:40:03,517 - WARNING - sz.300486 东杰智能: 存在缺失值: {'volume': 15, 'amount': 15}
2026-02-09 22:40:03,520 - WARNING - sz.300165 ST天瑞: 存在缺失值: {'volume': 5, 'amount': 5}
2026-02-09 22:40:04,005 - WARNING - sz.301335 天元宠物: 存在缺失值: {'volume': 10, 'amount': 10}
2026-02-09 22:40:04,719 - WARNING - sz.002808 *ST恒久: 存在缺失值: {'volume': 1, 'amount': 1}
2026-02-09 22:40:05,316 - WARNING - sh.600960 渤海汽车: 存在缺失值: {'volume': 10, 'amount': 10}
2026-02-09 22:40:06,863 - WARNING - sh.603161 科华控股: 存在缺失值: {'volume': 5, 'amount': 5}
2026-02-09 22:40:06,998 - WARNING - sh.600721 百花医药: 存在缺失值: {'volume': 5, 'amount': 5}
2026-02-09 22:40:09,882 - INFO - ============================================================
2026-02-09 22:40:09,882 - INFO - 分析完成!
2026-02-09 22:40:09,882 - INFO - 总股票数: 5187
2026-02-09 22:40:09,882 - INFO - 有信号股票: 4606 (88.8%)
2026-02-09 22:40:09,882 - INFO - 信号总数: 174043
2026-02-09 22:40:09,882 - INFO - 失败数: 0
2026-02-09 22:40:09,882 - INFO - ============================================================
2026-02-09 22:55:40,661 - INFO - 结果已保存:
2026-02-09 22:55:40,663 - INFO -   CSV: /Users/ellen_li/2026projects/my-skills/skills/stock_macd_volumn/output/trend_signals_20260209.csv
2026-02-09 22:55:40,663 - INFO -   JSON: /Users/ellen_li/2026projects/my-skills/skills/stock_macd_volumn/output/analysis_report_20260209.json
2026-02-09 22:55:40,890 - INFO - 分析完成: 发现 174043 个信号
2026-02-09 22:55:40,890 - INFO - 读取分析结果: /Users/ellen_li/2026projects/my-skills/skills/stock_macd_volumn/output/trend_signals_20260209.csv
2026-02-09 22:55:41,065 - INFO - 筛选推荐股票...
2026-02-09 22:55:41,131 - INFO - 筛选出 20 只推荐股票
2026-02-09 22:55:41,138 - INFO - 文本报告已保存: /Users/ellen_li/2026projects/my-skills/skills/stock_daily_recommendation/recommendations/recommendation_20260209.txt

================================================================================
📊 2026年02月09日 股票买入推荐报告
================================================================================

📈 市场概况：
   • 分析股票数：5187 只
   • 发现信号：174043 个
   • 有信号股票：4606 只
   • 筛选模式：standard

⭐ 评级分布：
   • B级：3432 个信号
   • A级：1158 个信号

🎯 今日推荐（前20只）：

【1】中集环科 (sz.301559) - B级
   信号日期：2026-01-13
   当前价格：¥17.42
   MACD评分：85 | 成交量比率：12.93倍 | 综合评分：20

   📝 买入理由：
   📈 MACD强势上涨(85分)，多项指标优秀
   💪 成交量剧烈放大(12.93倍)，资金大量介入
   🎯 低位启动(距60日均线12.77%)，未追高
   ⭐ B级关注(综合20分)，部分补充指标良好

--------------------------------------------------------------------------------

【2】海亮股份 (sz.002203) - B级
   信号日期：2025-08-05
   当前价格：¥12.39
   MACD评分：100 | 成交量比率：10.08倍 | 综合评分：25

   📝 买入理由：
   📈 MACD强势上涨(100分)，多项指标优秀
   💪 成交量剧烈放大(10.08倍)，资金大量介入
   🎯 低位启动(距60日均线21.48%)，未追高
   ⭐ B级关注(综合25分)，部分补充指标良好

--------------------------------------------------------------------------------

【3】迈克生物 (sz.300463) - B级
   信号日期：2026-01-28
   当前价格：¥12.75
   MACD评分：85 | 成交量比率：10.22倍 | 综合评分：20

   📝 买入理由：
   📈 MACD强势上涨(85分)，多项指标优秀
   💪 成交量剧烈放大(10.22倍)，资金大量介入
   🎯 低位启动(距60日均线14.28%)，未追高
   ⭐ B级关注(综合20分)，部分补充指标良好

--------------------------------------------------------------------------------

【4】恒达新材 (sz.301469) - B级
   信号日期：2025-12-29
   当前价格：¥31.79
   MACD评分：85 | 成交量比率：10.05倍 | 综合评分：20

   📝 买入理由：
   📈 MACD强势上涨(85分)，多项指标优秀
   💪 成交量剧烈放大(10.05倍)，资金大量介入
   🎯 低位启动(距60日均线13.48%)，未追高
   ⭐ B级关注(综合20分)，部分补充指标良好

--------------------------------------------------------------------------------

【5】华伍股份 (sz.300095) - B级
   信号日期：2025-12-08
   当前价格：¥11.11
   MACD评分：100 | 成交量比率：9.51倍 | 综合评分：20

   📝 买入理由：
   📈 MACD强势上涨(100分)，多项指标优秀
   💪 成交量剧烈放大(9.51倍)，资金大量介入
   🎯 低位启动(距60日均线18.87%)，未追高
   ⭐ B级关注(综合20分)，部分补充指标良好

--------------------------------------------------------------------------------

【6】尔康制药 (sz.300267) - B级
   信号日期：2026-01-15
   当前价格：¥4.15
   MACD评分：85 | 成交量比率：9.94倍 | 综合评分：20

   📝 买入理由：
   📈 MACD强势上涨(85分)，多项指标优秀
   💪 成交量剧烈放大(9.94倍)，资金大量介入
   🎯 低位启动(距60日均线20.55%)，未追高
   ⭐ B级关注(综合20分)，部分补充指标良好

--------------------------------------------------------------------------------

【7】三角轮胎 (sh.601163) - B级
   信号日期：2026-01-20
   当前价格：¥15.81
   MACD评分：80 | 成交量比率：9.86倍 | 综合评分：20

   📝 买入理由：
   📈 MACD强势上涨(80分)，多项指标优秀
   💪 成交量剧烈放大(9.86倍)，资金大量介入
   🎯 低位启动(距60日均线9.50%)，未追高
   ⭐ B级关注(综合20分)，部分补充指标良好

--------------------------------------------------------------------------------

【8】同庆楼 (sh.605108) - B级
   信号日期：2025-12-04
   当前价格：¥21.66
   MACD评分：85 | 成交量比率：9.45倍 | 综合评分：20

   📝 买入理由：
   📈 MACD强势上涨(85分)，多项指标优秀
   💪 成交量剧烈放大(9.45倍)，资金大量介入
   🎯 低位启动(距60日均线25.54%)，未追高
   ⭐ B级关注(综合20分)，部分补充指标良好

--------------------------------------------------------------------------------

【9】乐普医疗 (sz.300003) - B级
   信号日期：2026-01-08
   当前价格：¥19.64
   MACD评分：100 | 成交量比率：8.78倍 | 综合评分：25

   📝 买入理由：
   📈 MACD强势上涨(100分)，多项指标优秀
   💪 成交量剧烈放大(8.78倍)，资金大量介入
   🎯 低位启动(距60日均线21.10%)，未追高
   ⭐ B级关注(综合25分)，部分补充指标良好

--------------------------------------------------------------------------------

【10】天键股份 (sz.301383) - B级
   信号日期：2025-12-03
   当前价格：¥38.50
   MACD评分：80 | 成交量比率：9.40倍 | 综合评分：20

   📝 买入理由：
   📈 MACD强势上涨(80分)，多项指标优秀
   💪 成交量剧烈放大(9.40倍)，资金大量介入
   🎯 低位启动(距60日均线14.85%)，未追高
   ⭐ B级关注(综合20分)，部分补充指标良好

--------------------------------------------------------------------------------

【11】安徽合力 (sh.600761) - B级
   信号日期：2025-12-26
   当前价格：¥22.31
   MACD评分：80 | 成交量比率：9.37倍 | 综合评分：20

   📝 买入理由：
   📈 MACD强势上涨(80分)，多项指标优秀
   💪 成交量剧烈放大(9.37倍)，资金大量介入
   🎯 低位启动(距60日均线13.94%)，未追高
   ⭐ B级关注(综合20分)，部分补充指标良好

--------------------------------------------------------------------------------

【12】新中港 (sh.605162) - B级
   信号日期：2026-01-14
   当前价格：¥9.72
   MACD评分：85 | 成交量比率：8.68倍 | 综合评分：20

   📝 买入理由：
   📈 MACD强势上涨(85分)，多项指标优秀
   💪 成交量剧烈放大(8.68倍)，资金大量介入
   🎯 低位启动(距60日均线13.25%)，未追高
   ⭐ B级关注(综合20分)，部分补充指标良好

--------------------------------------------------------------------------------

【13】理工光科 (sz.300557) - A级
   信号日期：2025-10-23
   当前价格：¥30.18
   MACD评分：60 | 成交量比率：8.72倍 | 综合评分：35

   📝 买入理由：
   📈 MACD显示上涨信号(60分)
   💪 成交量剧烈放大(8.72倍)，资金大量介入
   🎯 低位启动(距60日均线11.20%)，未追高
   ⭐ A级推荐(综合35分)，多项补充指标优秀

--------------------------------------------------------------------------------

【14】派斯林 (sh.600215) - B级
   信号日期：2026-01-13
   当前价格：¥7.95
   MACD评分：85 | 成交量比率：8.52倍 | 综合评分：20

   📝 买入理由：
   📈 MACD强势上涨(85分)，多项指标优秀
   💪 成交量剧烈放大(8.52倍)，资金大量介入
   🎯 低位启动(距60日均线16.24%)，未追高
   ⭐ B级关注(综合20分)，部分补充指标良好

--------------------------------------------------------------------------------

【15】寿仙谷 (sh.603896) - B级
   信号日期：2026-01-15
   当前价格：¥21.98
   MACD评分：80 | 成交量比率：8.30倍 | 综合评分：25

   📝 买入理由：
   📈 MACD强势上涨(80分)，多项指标优秀
   💪 成交量剧烈放大(8.30倍)，资金大量介入
   🎯 低位启动(距60日均线12.50%)，未追高
   ⭐ B级关注(综合25分)，部分补充指标良好

--------------------------------------------------------------------------------

【16】科华生物 (sz.002022) - B级
   信号日期：2026-01-28
   当前价格：¥6.76
   MACD评分：85 | 成交量比率：8.21倍 | 综合评分：20

   📝 买入理由：
   📈 MACD强势上涨(85分)，多项指标优秀
   💪 成交量剧烈放大(8.21倍)，资金大量介入
   🎯 低位启动(距60日均线9.20%)，未追高
   ⭐ B级关注(综合20分)，部分补充指标良好

--------------------------------------------------------------------------------

【17】百隆东方 (sh.601339) - B级
   信号日期：2025-07-07
   当前价格：¥4.93
   MACD评分：65 | 成交量比率：8.69倍 | 综合评分：20

   📝 买入理由：
   📈 MACD上涨趋势明确(65分)，金叉信号良好
   💪 成交量剧烈放大(8.69倍)，资金大量介入
   🎯 低位启动(距60日均线1.29%)，未追高
   ⭐ B级关注(综合20分)，部分补充指标良好

--------------------------------------------------------------------------------

【18】固高科技 (sz.301510) - B级
   信号日期：2025-12-02
   当前价格：¥34.46
   MACD评分：80 | 成交量比率：8.08倍 | 综合评分：20

   📝 买入理由：
   📈 MACD强势上涨(80分)，多项指标优秀
   💪 成交量剧烈放大(8.08倍)，资金大量介入
   🎯 低位启动(距60日均线11.01%)，未追高
   ⭐ B级关注(综合20分)，部分补充指标良好

--------------------------------------------------------------------------------

【19】得邦照明 (sh.603303) - B级
   信号日期：2026-01-14
   当前价格：¥13.74
   MACD评分：85 | 成交量比率：7.80倍 | 综合评分：20

   📝 买入理由：
   📈 MACD强势上涨(85分)，多项指标优秀
   💪 成交量剧烈放大(7.80倍)，资金大量介入
   🎯 低位启动(距60日均线4.29%)，未追高
   ⭐ B级关注(综合20分)，部分补充指标良好

--------------------------------------------------------------------------------

【20】兴源环境 (sz.300266) - B级
   信号日期：2025-12-15
   当前价格：¥2.76
   MACD评分：60 | 成交量比率：8.42倍 | 综合评分：20

   📝 买入理由：
   📈 MACD显示上涨信号(60分)
   💪 成交量剧烈放大(8.42倍)，资金大量介入
   🎯 低位启动(距60日均线9.45%)，未追高
   ⭐ B级关注(综合20分)，部分补充指标良好

--------------------------------------------------------------------------------

⚠️  风险提示：
   1. 本报告仅供参考，不构成投资建议
   2. 股市有风险，投资需谨慎
   3. 建议结合个人风险承受能力和市场环境综合判断
   4. 建议设置止损位，控制风险

📚 策略说明：
   本推荐基于以下核心特征：
   • MACD上涨趋势（评分≥50分）
   • 成交量放大（≥2.0倍）
   • 低位启动（未突破60日均线）
   • 补充指标确认（RSI、KDJ、布林带、形态、量价）

📅 报告生成时间：2026-02-09 22:55:41
🤖 由A股上涨趋势分析工具自动生成
================================================================================2026-02-09 22:55:41,140 - INFO - HTML报告已保存: /Users/ellen_li/2026projects/my-skills/skills/stock_daily_recommendation/recommendations/recommendation_20260209.html
2026-02-09 22:55:41,142 - INFO - JSON数据已保存: /Users/ellen_li/2026projects/my-skills/skills/stock_daily_recommendation/recommendations/recommendation_20260209.json
2026-02-09 22:55:41,143 - INFO - ============================================================
2026-02-09 22:55:41,143 - INFO - ✅ 推荐报告生成完成!
2026-02-09 22:55:41,143 - INFO - ============================================================

